#
# A fatal error has been detected by the Java Runtime Environment:
#
#  EXCEPTION_UNCAUGHT_CXX_EXCEPTION (0xe06d7363) at pc=0x00007fff3fdbcf19, pid=4532, tid=9724
#
# JRE version: OpenJDK Runtime Environment Microsoft-28056 (17.0.1+12) (build 17.0.1+12-LTS)
# Java VM: OpenJDK 64-Bit Server VM Microsoft-28056 (17.0.1+12-LTS, mixed mode, tiered, compressed oops, compressed class ptrs, g1 gc, windows-amd64)
# Problematic frame:
# C  [KERNELBASE.dll+0x2cf19]
#
# No core dump will be written. Minidumps are not enabled by default on client versions of Windows
#
# If you would like to submit a bug report, please visit:
#   https://github.com/microsoft/openjdk/issues
# The crash happened outside the Java Virtual Machine in native code.
# See problematic frame for where to report the bug.
#

---------------  S U M M A R Y ------------

Command Line: -Dos.name=Windows 10 -Dos.version=10.0 -XX:HeapDumpPath=MojangTricksIntelDriversForPerformance_javaw.exe_minecraft.exe.heapdump -Xss1M -Djava.library.path=C:\Users\Genius\AppData\Roaming\.minecraft\versions\Create Overhaul\natives -Dminecraft.launcher.brand=minecraft-launcher -Dminecraft.launcher.version=2.3.173 -Djava.net.preferIPv6Addresses=system -DignoreList=bootstraplauncher,securejarhandler,asm-commons,asm-util,asm-analysis,asm-tree,asm,JarJarFileSystems,client-extra,fmlcore,javafmllanguage,lowcodelanguage,mclanguage,forge-,Create Overhaul.jar -DmergeModules=jna-5.10.0.jar,jna-platform-5.10.0.jar,java-objc-bridge-1.0.0.jar -DlibraryDirectory=C:\Users\Genius\AppData\Roaming\.minecraft\libraries --module-path=C:\Users\Genius\AppData\Roaming\.minecraft\libraries/cpw/mods/bootstraplauncher/1.0.0/bootstraplauncher-1.0.0.jar;C:\Users\Genius\AppData\Roaming\.minecraft\libraries/cpw/mods/securejarhandler/1.0.8/securejarhandler-1.0.8.jar;C:\Users\Genius\AppData\Roaming\.minecraft\libraries/org/ow2/asm/asm-commons/9.5/asm-commons-9.5.jar;C:\Users\Genius\AppData\Roaming\.minecraft\libraries/org/ow2/asm/asm-util/9.5/asm-util-9.5.jar;C:\Users\Genius\AppData\Roaming\.minecraft\libraries/org/ow2/asm/asm-analysis/9.5/asm-analysis-9.5.jar;C:\Users\Genius\AppData\Roaming\.minecraft\libraries/org/ow2/asm/asm-tree/9.5/asm-tree-9.5.jar;C:\Users\Genius\AppData\Roaming\.minecraft\libraries/org/ow2/asm/asm/9.5/asm-9.5.jar;C:\Users\Genius\AppData\Roaming\.minecraft\libraries/net/minecraftforge/JarJarFileSystems/0.3.19/JarJarFileSystems-0.3.19.jar --add-modules=ALL-MODULE-PATH --add-opens=java.base/java.util.jar=cpw.mods.securejarhandler --add-opens=java.base/java.lang.invoke=cpw.mods.securejarhandler --add-exports=java.base/sun.security.util=cpw.mods.securejarhandler --add-exports=jdk.naming.dns/com.sun.jndi.dns=java.naming -Xmx4093M -XX:+UnlockExperimentalVMOptions -XX:+UseG1GC -XX:G1NewSizePercent=20 -XX:G1ReservePercent=20 -XX:MaxGCPauseMillis=50 -XX:G1HeapRegionSize=32M -Dfml.ignoreInvalidMinecraftCertificates=true -Dfml.ignorePatchDiscrepancies=true -Djava.net.preferIPv4Stack=true -Dminecraft.applet.TargetDirectory=C:\Users\Genius\AppData\Roaming\.minecraft\versions\Create Overhaul -Dlog4j.configurationFile=C:\Users\Genius\AppData\Roaming\.minecraft\assets\log_configs\client-1.12.xml -DLibLoader.modsFolder=C:\Users\Genius\AppData\Roaming\.minecraft\versions\Create Overhaul\mods cpw.mods.bootstraplauncher.BootstrapLauncher --username Yurm_ --version Create Overhaul --gameDir C:\Users\Genius\AppData\Roaming\.minecraft\versions\Create Overhaul --assetsDir C:\Users\Genius\AppData\Roaming\.minecraft\assets --assetIndex 1.18 --uuid 4ed6df9b755d4521bb0a7c6049c9716f --accessToken null --clientId ${clientid} --xuid ${auth_xuid} --userType mojang --versionType release --width 925 --height 530 --launchTarget forgeclient --fml.forgeVersion 40.2.9 --fml.mcVersion 1.18.2 --fml.forgeGroup net.minecraftforge --fml.mcpVersion 20220404.173914

Host: AMD Athlon(tm) II X4 620 Processor, 4 cores, 4G,  Windows 10 , 64 bit Build 19041 (10.0.19041.3393)
Time: Sun Oct  8 13:32:58 2023 Közép-európai nyári iduild 19041 (10.0.19041.3393) elapsed time: 2371.144041 seconds (0d 0h 39m 31s)

---------------  T H R E A D  ---------------

Current thread (0x000002ab9e38fda0):  JavaThread "Physics thread" [_thread_in_native, id=9724, stack(0x000000c409b00000,0x000000c409c00000)]

Stack: [0x000000c409b00000,0x000000c409c00000],  sp=0x000000c409bfe800,  free space=1018k
Native frames: (J=compiled Java code, j=interpreted, Vv=VM code, C=native code)
C  [KERNELBASE.dll+0x2cf19]
C  [VCRUNTIME140.dll+0x6480]
C  [KrunchJni64.dll+0x52d53]

Java frames: (J=compiled Java code, j=interpreted, Vv=VM code)
J 39766  org.valkyrienskies.physics_api_krunch.KrunchNativePhysicsWorldReference.tick(JDDDDZ)V valkyrienskies@2.1.0-beta.12 (0 bytes) @ 0x000002abc921bf07 [0x000002abc921bea0+0x0000000000000067]
J 44374 c2 org.valkyrienskies.core.impl.pipelines.VSPhysicsPipelineStage.tickPhysics(Lorg/joml/Vector3dc;DZ)Lorg/valkyrienskies/core/impl/pipelines/VSPhysicsFrame; valkyrienskies@2.1.0-beta.12 (390 bytes) @ 0x000002abc93ccec4 [0x000002abc93cbbe0+0x00000000000012e4]
J 50689 c2 org.valkyrienskies.core.impl.pipelines.VSPipelineImpl.tickPhysics(Lorg/joml/Vector3dc;D)V valkyrienskies@2.1.0-beta.12 (59 bytes) @ 0x000002abca02d5ec [0x000002abca02d580+0x000000000000006c]
j  org.valkyrienskies.core.impl.pipelines.VSPhysicsPipelineBackgroundTask.run()V+277 valkyrienskies@2.1.0-beta.12
j  org.valkyrienskies.core.impl.pipelines.VSPipelineImpl$physicsThread$1.invoke()V+7 valkyrienskies@2.1.0-beta.12
j  org.valkyrienskies.core.impl.pipelines.VSPipelineImpl$physicsThread$1.invoke()Ljava/lang/Object;+1 valkyrienskies@2.1.0-beta.12
j  kotlin.concurrent.ThreadsKt$thread$thread$1.run()V+4 thedarkcolour.kotlinforforge@3.12.0-all
v  ~StubRoutines::call_stub

siginfo: EXCEPTION_UNCAUGHT_CXX_EXCEPTION (0xe06d7363), ExceptionInformation=0x0000000019930520 0x000000c409bfe960 0x00007fff23480720 0x00007fff23420000 


Register to memory mapping:

RIP=0x00007fff3fdbcf19 KERNELBASE.dll
RAX=0x00000000feeefeee is an unknown value
RBX=0x00007fff23480720 KrunchJni64.dll
RCX=0x0 is NULL
RDX=0x0000000000000057 is an unknown value
RSP=0x000000c409bfe800 is pointing into the stack for thread: 0x000002ab9e38fda0
RBP=0x000000c409bfea40 is pointing into the stack for thread: 0x000002ab9e38fda0
RSI=0x000000c409bfe960 is pointing into the stack for thread: 0x000002ab9e38fda0
RDI=0x0000000019930520 is an unknown value
R8 =0x000002ae3c900000 points into unknown readable memory: 0x0000000000000000 | 00 00 00 00 00 00 00 00
R9 =0x000002ae3c944001 points into unknown readable memory: 00 00 00 00 00 00 00
R10=0x00000000000001fc is an unknown value
R11=0x00000000000003f8 is an unknown value
R12=0x000000c409bfea98 is pointing into the stack for thread: 0x000002ab9e38fda0
R13=0x000000c409bfea78 is pointing into the stack for thread: 0x000002ab9e38fda0
R14=0x000002ab86ae0bd8 points into unknown readable memory: 0x000002ae3990d180 | 80 d1 90 39 ae 02 00 00
R15=0x000002ae3ddf79b0 points into unknown readable memory: 0x0000000000000000 | 00 00 00 00 00 00 00 00


Registers:
RAX=0x00000000feeefeee, RBX=0x00007fff23480720, RCX=0x0000000000000000, RDX=0x0000000000000057
RSP=0x000000c409bfe800, RBP=0x000000c409bfea40, RSI=0x000000c409bfe960, RDI=0x0000000019930520
R8 =0x000002ae3c900000, R9 =0x000002ae3c944001, R10=0x00000000000001fc, R11=0x00000000000003f8
R12=0x000000c409bfea98, R13=0x000000c409bfea78, R14=0x000002ab86ae0bd8, R15=0x000002ae3ddf79b0
RIP=0x00007fff3fdbcf19, EFLAGS=0x0000000000000206

Top of Stack: (sp=0x000000c409bfe800)
0x000000c409bfe800:   00000002ba6b0000 00007fff23480720
0x000000c409bfe810:   000000c409bfe960 0000000000000000
0x000000c409bfe820:   00000001e06d7363 0000000000000000
0x000000c409bfe830:   00007fff3fdbcf19 000002ab00000004
0x000000c409bfe840:   0000000019930520 000000c409bfe960
0x000000c409bfe850:   00007fff23480720 00007fff23420000
0x000000c409bfe860:   000000c409bfea78 000000c409bfea98
0x000000c409bfe870:   000000c409bfe960 000000c409bfea40
0x000000c409bfe880:   000000c409bfe900 00007fff42064a5f
0x000000c409bfe890:   0000000019930520 0000000000000000
0x000000c409bfe8a0:   0000000000000000 00007fff420807c0
0x000000c409bfe8b0:   00007fff23482000 00007fff23420000
0x000000c409bfe8c0:   0000654e7c8c816c 00007fff3fde0e7b
0x000000c409bfe8d0:   00007fff23480720 00007fff3b5a6480
0x000000c409bfe8e0:   000057587e93a16c 0000000000000001
0x000000c409bfe8f0:   0000000000000008 00007fff3fc039ce 

Instructions: (pc=0x00007fff3fdbcf19)
0x00007fff3fdbce19:   09 00 48 8b 84 24 b8 00 00 00 48 8b 8c 24 b0 05
0x00007fff3fdbce29:   00 00 48 33 cc e8 ed 86 06 00 48 81 c4 c0 05 00
0x00007fff3fdbce39:   00 41 5f 41 5e 41 5d 5e 5b c3 cc 48 ff 15 ad 7f
0x00007fff3fdbce49:   1b 00 0f 1f 44 00 00 eb b0 cc cc cc cc cc cc cc
0x00007fff3fdbce59:   cc cc cc cc cc cc cc 40 53 48 83 ec 30 48 8b d1
0x00007fff3fdbce69:   48 8d 4c 24 20 e8 5d 23 00 00 85 c0 74 26 48 8b
0x00007fff3fdbce79:   4c 24 28 e8 ef 38 00 00 48 8d 4c 24 20 8b d8 48
0x00007fff3fdbce89:   ff 15 b1 79 1b 00 0f 1f 44 00 00 8b c3 48 83 c4
0x00007fff3fdbce99:   30 5b c3 cc 83 c8 ff eb f4 cc cc cc cc cc cc cc
0x00007fff3fdbcea9:   cc cc cc cc cc cc cc 48 81 ec d8 00 00 00 48 8b
0x00007fff3fdbceb9:   05 e2 9f 28 00 48 33 c4 48 89 84 24 c0 00 00 00
0x00007fff3fdbcec9:   48 83 64 24 28 00 48 8d 05 da ff ff ff 83 e2 01
0x00007fff3fdbced9:   89 4c 24 20 89 54 24 24 48 89 44 24 30 4d 85 c9
0x00007fff3fdbcee9:   74 4c b8 0f 00 00 00 48 8d 4c 24 40 44 3b c0 49
0x00007fff3fdbcef9:   8b d1 44 0f 47 c0 44 89 44 24 38 49 c1 e0 03 e8
0x00007fff3fdbcf09:   ea 91 08 00 48 8d 4c 24 20 48 ff 15 ff 80 1b 00
0x00007fff3fdbcf19:   0f 1f 44 00 00 48 8b 8c 24 c0 00 00 00 48 33 cc
0x00007fff3fdbcf29:   e8 f2 85 06 00 48 81 c4 d8 00 00 00 c3 cc 83 64
0x00007fff3fdbcf39:   24 38 00 eb cf cc cc cc cc cc cc cc cc cc cc cc
0x00007fff3fdbcf49:   cc cc cc cc cc cc cc 65 48 8b 04 25 30 00 00 00
0x00007fff3fdbcf59:   8b 40 68 c3 cc cc cc cc cc cc cc cc cc cc cc cc
0x00007fff3fdbcf69:   cc cc cc cc cc cc cc 48 89 5c 24 10 48 89 74 24
0x00007fff3fdbcf79:   18 57 41 54 41 55 41 56 41 57 48 81 ec b0 02 00
0x00007fff3fdbcf89:   00 48 8b 05 0f 9f 28 00 48 33 c4 48 89 84 24 a0
0x00007fff3fdbcf99:   02 00 00 48 8d 15 0f e6 1b 00 48 85 c9 48 0f 45
0x00007fff3fdbcfa9:   d1 48 89 94 24 80 00 00 00 48 83 c8 ff 48 ff c0
0x00007fff3fdbcfb9:   80 3c 02 00 75 f7 48 ff c0 48 89 84 24 88 00 00
0x00007fff3fdbcfc9:   00 48 89 94 24 90 00 00 00 4c 8d 8c 24 88 00 00
0x00007fff3fdbcfd9:   00 33 d2 b9 06 00 01 40 44 8d 42 02 e8 c6 fe ff
0x00007fff3fdbcfe9:   ff e9 f0 01 00 00 33 f6 48 89 74 24 60 45 33 ff
0x00007fff3fdbcff9:   4c 89 7c 24 48 45 33 f6 4c 89 74 24 58 33 ff 48
0x00007fff3fdbd009:   89 7c 24 50 e8 3e ff ff ff 89 44 24 40 48 39 35 


Stack slot to memory mapping:
stack at sp + 0 slots: 0x00000002ba6b0000 is an unknown value
stack at sp + 1 slots: 0x00007fff23480720 KrunchJni64.dll
stack at sp + 2 slots: 0x000000c409bfe960 is pointing into the stack for thread: 0x000002ab9e38fda0
stack at sp + 3 slots: 0x0 is NULL
stack at sp + 4 slots: 0x00000001e06d7363 is an unknown value
stack at sp + 5 slots: 0x0 is NULL
stack at sp + 6 slots: 0x00007fff3fdbcf19 KERNELBASE.dll
stack at sp + 7 slots: 0x000002ab00000004 is an unknown value


---------------  P R O C E S S  ---------------

Threads class SMR info:
_java_thread_list=0x000002ae3c4ed330, length=80, elements={
0x000002abbc8dc3d0, 0x000002abdacfb660, 0x000002abdacb7890, 0x000002abdad09d30,
0x000002abdad0a5f0, 0x000002abdad0b750, 0x000002abdad3c020, 0x000002abdad61470,
0x000002abdad62510, 0x000002abdad65da0, 0x000002abdac7bca0, 0x000002abdba97720,
0x000002abdd767450, 0x000002abdee1f9b0, 0x000002abe15012c0, 0x000002abe14fc5c0,
0x000002abe14ff110, 0x000002abe14fd900, 0x000002abe1500df0, 0x000002abf0679b80,
0x000002abf067a050, 0x000002abf067a9f0, 0x000002abf067d540, 0x000002abf067c200,
0x000002abdf848bb0, 0x000002abff736540, 0x000002abff736070, 0x000002abdf841d00,
0x000002abdf8421d0, 0x000002abdf843040, 0x000002abff731d10, 0x000002ab9e38bf10,
0x000002abe14fe770, 0x000002ab9e38f8d0, 0x000002ab9e38b0a0, 0x000002abdda7a3a0,
0x000002abdda7ad40, 0x000002abe1500920, 0x000002ac16eaa9a0, 0x000002ac16eafb70,
0x000002ac16eacb50, 0x000002ac16eb0040, 0x000002ac16eae830, 0x000002ab9e38c8b0,
0x000002ab9e38cd80, 0x000002abff7326b0, 0x000002abff735ba0, 0x000002abdf843510,
0x000002ac75af22f0, 0x000002ac75af5310, 0x000002ac75af0610, 0x000002ac75af0fb0,
0x000002ac75af3630, 0x000002ac75aefc70, 0x000002ac75aef2d0, 0x000002ac75af27c0,
0x000002ac75af3fd0, 0x000002ac75aef7a0, 0x000002ac75af1480, 0x000002ac75af3b00,
0x000002ac75af0140, 0x000002ac16eade90, 0x000002ac75af5cb0, 0x000002abff7321e0,
0x000002abff734860, 0x000002abff7356d0, 0x000002abff731840, 0x000002ac75af1e20,
0x000002ac75aee930, 0x000002ac75aeee00, 0x000002ac16eabce0, 0x000002ac75af4970,
0x000002abdf8486e0, 0x000002ac16eb1850, 0x000002ac75af6180, 0x000002abe14fd430,
0x000002abf067d070, 0x000002abf0677500, 0x000002ab9e38fda0, 0x000002abe14fddd0
}

Java Threads: ( => current thread )
  0x000002abbc8dc3d0 JavaThread "Render thread" [_thread_in_native, id=7980, stack(0x000000c403600000,0x000000c403700000)]
  0x000002abdacfb660 JavaThread "Reference Handler" daemon [_thread_blocked, id=6932, stack(0x000000c403d00000,0x000000c403e00000)]
  0x000002abdacb7890 JavaThread "Finalizer" daemon [_thread_blocked, id=6772, stack(0x000000c403e00000,0x000000c403f00000)]
  0x000002abdad09d30 JavaThread "Signal Dispatcher" daemon [_thread_blocked, id=7832, stack(0x000000c403f00000,0x000000c404000000)]
  0x000002abdad0a5f0 JavaThread "Attach Listener" daemon [_thread_blocked, id=688, stack(0x000000c404000000,0x000000c404100000)]
  0x000002abdad0b750 JavaThread "Service Thread" daemon [_thread_blocked, id=8532, stack(0x000000c404100000,0x000000c404200000)]
  0x000002abdad3c020 JavaThread "Monitor Deflation Thread" daemon [_thread_blocked, id=6320, stack(0x000000c404200000,0x000000c404300000)]
  0x000002abdad61470 JavaThread "C2 CompilerThread0" daemon [_thread_blocked, id=4908, stack(0x000000c404300000,0x000000c404400000)]
  0x000002abdad62510 JavaThread "C1 CompilerThread0" daemon [_thread_blocked, id=5308, stack(0x000000c404400000,0x000000c404500000)]
  0x000002abdad65da0 JavaThread "Sweeper thread" daemon [_thread_blocked, id=1300, stack(0x000000c404500000,0x000000c404600000)]
  0x000002abdac7bca0 JavaThread "Common-Cleaner" daemon [_thread_blocked, id=1984, stack(0x000000c404600000,0x000000c404700000)]
  0x000002abdba97720 JavaThread "Notification Thread" daemon [_thread_blocked, id=6156, stack(0x000000c404700000,0x000000c404800000)]
  0x000002abdd767450 JavaThread "Thread-0" daemon [_thread_blocked, id=4732, stack(0x000000c404d00000,0x000000c404e00000)]
  0x000002abdee1f9b0 JavaThread "FileSystemWatchService" daemon [_thread_in_native, id=3848, stack(0x000000c404e00000,0x000000c404f00000)]
  0x000002abe15012c0 JavaThread "Timer hack thread" daemon [_thread_blocked, id=3540, stack(0x000000c405a00000,0x000000c405b00000)]
  0x000002abe14fc5c0 JavaThread "KubeJS Background Thread" daemon [_thread_blocked, id=7732, stack(0x000000c406100000,0x000000c406200000)]
  0x000002abe14ff110 JavaThread "pool-4-thread-1" [_thread_blocked, id=4484, stack(0x000000c403400000,0x000000c403500000)]
  0x000002abe14fd900 JavaThread "pool-6-thread-1" [_thread_blocked, id=9548, stack(0x000000c406200000,0x000000c406300000)]
  0x000002abe1500df0 JavaThread "Java2D Disposer" daemon [_thread_blocked, id=8384, stack(0x000000c406400000,0x000000c406500000)]
  0x000002abf0679b80 JavaThread "Narrator" [_thread_blocked, id=1844, stack(0x000000c406700000,0x000000c406800000)]
  0x000002abf067a050 JavaThread "FileSystemWatchService" daemon [_thread_in_native, id=5488, stack(0x000000c406800000,0x000000c406900000)]
  0x000002abf067a9f0 JavaThread "JEI Config file watcher" [_thread_blocked, id=5304, stack(0x000000c406900000,0x000000c406a00000)]
  0x000002abf067d540 JavaThread "FileSystemWatchService" daemon [_thread_in_native, id=6484, stack(0x000000c406e00000,0x000000c406f00000)]
  0x000002abf067c200 JavaThread "FileSystemWatchService" daemon [_thread_in_native, id=1700, stack(0x000000c407000000,0x000000c407100000)]
  0x000002abdf848bb0 JavaThread "pool-5-thread-1" [_thread_blocked, id=6756, stack(0x000000c407500000,0x000000c407600000)]
  0x000002abff736540 JavaThread "FileSystemWatchService" daemon [_thread_in_native, id=6976, stack(0x000000c407700000,0x000000c407800000)]
  0x000002abff736070 JavaThread "Physics thread" [_thread_blocked, id=8316, stack(0x000000c407800000,0x000000c407900000)]
  0x000002abdf841d00 JavaThread "Netty Server IO #0" daemon [_thread_in_native, id=7456, stack(0x000000c407c00000,0x000000c407d00000)]
  0x000002abdf8421d0 JavaThread "Netty Local Client IO #0" daemon [_thread_blocked, id=7460, stack(0x000000c407d00000,0x000000c407e00000)]
  0x000002abdf843040 JavaThread "Netty Server IO #1" daemon [_thread_in_native, id=5560, stack(0x000000c407e00000,0x000000c407f00000)]
  0x000002abff731d10 JavaThread "Flywheel 0" [_thread_blocked, id=8012, stack(0x000000c406000000,0x000000c406100000)]
  0x000002ab9e38bf10 JavaThread "Narrator" [_thread_blocked, id=6928, stack(0x000000c405000000,0x000000c405100000)]
  0x000002abe14fe770 JavaThread "Worker-Main-21" daemon [_thread_blocked, id=9968, stack(0x000000c405700000,0x000000c405800000)]
  0x000002ab9e38f8d0 JavaThread "FileSystemWatchService" daemon [_thread_in_native, id=8964, stack(0x000000c405200000,0x000000c405300000)]
  0x000002ab9e38b0a0 JavaThread "Physics thread" [_thread_blocked, id=836, stack(0x000000c406300000,0x000000c406400000)]
  0x000002abdda7a3a0 JavaThread "Netty Server IO #2" daemon [_thread_in_native, id=3396, stack(0x000000c406d00000,0x000000c406e00000)]
  0x000002abdda7ad40 JavaThread "Netty Local Client IO #1" daemon [_thread_blocked, id=9676, stack(0x000000c406f00000,0x000000c407000000)]
  0x000002abe1500920 JavaThread "Netty Server IO #3" daemon [_thread_in_native, id=5976, stack(0x000000c407600000,0x000000c407700000)]
  0x000002ac16eaa9a0 JavaThread "FileSystemWatchService" daemon [_thread_in_native, id=8252, stack(0x000000c406a00000,0x000000c406b00000)]
  0x000002ac16eafb70 JavaThread "Physics thread" [_thread_blocked, id=9220, stack(0x000000c406c00000,0x000000c406d00000)]
  0x000002ac16eacb50 JavaThread "Netty Server IO #4" daemon [_thread_in_native, id=6500, stack(0x000000c407b00000,0x000000c407c00000)]
  0x000002ac16eb0040 JavaThread "Netty Local Client IO #2" daemon [_thread_blocked, id=4548, stack(0x000000c407f00000,0x000000c408000000)]
  0x000002ac16eae830 JavaThread "Netty Server IO #5" daemon [_thread_in_native, id=2328, stack(0x000000c408000000,0x000000c408100000)]
  0x000002ab9e38c8b0 JavaThread "FileSystemWatchService" daemon [_thread_in_native, id=7592, stack(0x000000c407a00000,0x000000c407b00000)]
  0x000002ab9e38cd80 JavaThread "Physics thread" [_thread_blocked, id=9048, stack(0x000000c408200000,0x000000c408300000)]
  0x000002abff7326b0 JavaThread "Netty Server IO #6" daemon [_thread_in_native, id=7428, stack(0x000000c408300000,0x000000c408400000)]
  0x000002abff735ba0 JavaThread "Netty Local Client IO #3" daemon [_thread_blocked, id=7780, stack(0x000000c408400000,0x000000c408500000)]
  0x000002abdf843510 JavaThread "Netty Server IO #7" daemon [_thread_in_native, id=9992, stack(0x000000c408500000,0x000000c408600000)]
  0x000002ac75af22f0 JavaThread "FileSystemWatchService" daemon [_thread_in_native, id=3392, stack(0x000000c408100000,0x000000c408200000)]
  0x000002ac75af5310 JavaThread "Physics thread" [_thread_blocked, id=4536, stack(0x000000c408800000,0x000000c408900000)]
  0x000002ac75af0610 JavaThread "Netty Local Client IO #4" daemon [_thread_blocked, id=436, stack(0x000000c408900000,0x000000c408a00000)]
  0x000002ac75af0fb0 JavaThread "FileSystemWatchService" daemon [_thread_in_native, id=9412, stack(0x000000c408a00000,0x000000c408b00000)]
  0x000002ac75af3630 JavaThread "Physics thread" [_thread_blocked, id=1352, stack(0x000000c408b00000,0x000000c408c00000)]
  0x000002ac75aefc70 JavaThread "Netty Local Client IO #5" daemon [_thread_blocked, id=4012, stack(0x000000c408700000,0x000000c408800000)]
  0x000002ac75aef2d0 JavaThread "FileSystemWatchService" daemon [_thread_in_native, id=4504, stack(0x000000c408c00000,0x000000c408d00000)]
  0x000002ac75af27c0 JavaThread "Physics thread" [_thread_blocked, id=2512, stack(0x000000c408e00000,0x000000c408f00000)]
  0x000002ac75af3fd0 JavaThread "Netty Local Client IO #6" daemon [_thread_blocked, id=4204, stack(0x000000c405f00000,0x000000c406000000)]
  0x000002ac75aef7a0 JavaThread "Worker-Main-42" daemon [_thread_blocked, id=1320, stack(0x000000c406b00000,0x000000c406c00000)]
  0x000002ac75af1480 JavaThread "FileSystemWatchService" daemon [_thread_in_native, id=8544, stack(0x000000c405800000,0x000000c405900000)]
  0x000002ac75af3b00 JavaThread "Physics thread" [_thread_blocked, id=7828, stack(0x000000c405e00000,0x000000c405f00000)]
  0x000002ac75af0140 JavaThread "Netty Local Client IO #7" daemon [_thread_blocked, id=5832, stack(0x000000c408f00000,0x000000c409000000)]
  0x000002ac16eade90 JavaThread "FileSystemWatchService" daemon [_thread_in_native, id=6072, stack(0x000000c409400000,0x000000c409500000)]
  0x000002ac75af5cb0 JavaThread "Physics thread" [_thread_blocked, id=9648, stack(0x000000c409500000,0x000000c409600000)]
  0x000002abff7321e0 JavaThread "FileSystemWatchService" daemon [_thread_in_native, id=3044, stack(0x000000c407900000,0x000000c407a00000)]
  0x000002abff734860 JavaThread "Physics thread" [_thread_blocked, id=7160, stack(0x000000c408600000,0x000000c408700000)]
  0x000002abff7356d0 JavaThread "FileSystemWatchService" daemon [_thread_in_native, id=3972, stack(0x000000c409300000,0x000000c409400000)]
  0x000002abff731840 JavaThread "Physics thread" [_thread_blocked, id=7656, stack(0x000000c409700000,0x000000c409800000)]
  0x000002ac75af1e20 JavaThread "Worker-Main-61" daemon [_thread_blocked, id=5164, stack(0x000000c405600000,0x000000c405700000)]
  0x000002ac75aee930 JavaThread "IO-Worker-63" [_thread_blocked, id=4948, stack(0x000000c409100000,0x000000c409200000)]
  0x000002ac75aeee00 JavaThread "ForkJoinPool.commonPool-worker-21" daemon [_thread_blocked, id=6344, stack(0x000000c406600000,0x000000c406700000)]
  0x000002ac16eabce0 JavaThread "ForkJoinPool.commonPool-worker-22" daemon [_thread_blocked, id=2800, stack(0x000000c409000000,0x000000c409100000)]
  0x000002ac75af4970 JavaThread "FileSystemWatchService" daemon [_thread_in_native, id=7572, stack(0x000000c409900000,0x000000c409a00000)]
  0x000002abdf8486e0 JavaThread "Physics thread" [_thread_blocked, id=9156, stack(0x000000c409a00000,0x000000c409b00000)]
  0x000002ac16eb1850 JavaThread "IO-Worker-65" [_thread_blocked, id=10136, stack(0x000000c403500000,0x000000c403600000)]
  0x000002ac75af6180 JavaThread "IO-Worker-66" [_thread_blocked, id=10172, stack(0x000000c408d00000,0x000000c408e00000)]
  0x000002abe14fd430 JavaThread "ForkJoinPool.commonPool-worker-24" daemon [_thread_blocked, id=3816, stack(0x000000c404f00000,0x000000c405000000)]
  0x000002abf067d070 JavaThread "Server thread" [_thread_blocked, id=8172, stack(0x000000c409600000,0x000000c409700000)]
  0x000002abf0677500 JavaThread "FileSystemWatchService" daemon [_thread_in_native, id=2032, stack(0x000000c409800000,0x000000c409900000)]
=>0x000002ab9e38fda0 JavaThread "Physics thread" [_thread_in_native, id=9724, stack(0x000000c409b00000,0x000000c409c00000)]
  0x000002abe14fddd0 JavaThread "Sound engine" daemon [_thread_blocked, id=2284, stack(0x000000c409c00000,0x000000c409d00000)]

Other Threads:
  0x000002abbc9ae3c0 VMThread "VM Thread" [stack: 0x000000c403c00000,0x000000c403d00000] [id=8268]
  0x000002abdba98610 WatcherThread [stack: 0x000000c404800000,0x000000c404900000] [id=6248]
  0x000002abbc91dbc0 GCTaskThread "GC Thread#0" [stack: 0x000000c403700000,0x000000c403800000] [id=5972]
  0x000002abdbd397e0 GCTaskThread "GC Thread#1" [stack: 0x000000c404a00000,0x000000c404b00000] [id=996]
  0x000002abdc3a46b0 GCTaskThread "GC Thread#2" [stack: 0x000000c404b00000,0x000000c404c00000] [id=4716]
  0x000002abdc089b90 GCTaskThread "GC Thread#3" [stack: 0x000000c404c00000,0x000000c404d00000] [id=3088]
  0x000002abbc91fb00 ConcurrentGCThread "G1 Main Marker" [stack: 0x000000c403800000,0x000000c403900000] [id=8996]
  0x000002abbc920cb0 ConcurrentGCThread "G1 Conc#0" [stack: 0x000000c403900000,0x000000c403a00000] [id=1780]
  0x000002abbc93a940 ConcurrentGCThread "G1 Refine#0" [stack: 0x000000c403a00000,0x000000c403b00000] [id=4368]
  0x000002abdf905d40 ConcurrentGCThread "G1 Refine#1" [stack: 0x000000c405300000,0x000000c405400000] [id=9652]
  0x000002abdf906300 ConcurrentGCThread "G1 Refine#2" [stack: 0x000000c405500000,0x000000c405600000] [id=4956]
  0x000002abdf906020 ConcurrentGCThread "G1 Refine#3" [stack: 0x000000c405900000,0x000000c405a00000] [id=6956]
  0x000002abbc93cb10 ConcurrentGCThread "G1 Service" [stack: 0x000000c403b00000,0x000000c403c00000] [id=2588]

Threads with active compile tasks:

VM state: not at safepoint (normal execution)

VM Mutex/Monitor currently owned by a thread: None

Heap address: 0x0000000700000000, size: 4096 MB, Compressed Oops mode: Zero based, Oop shift amount: 3

CDS archive(s) not mapped
Compressed class space mapped at: 0x0000000800000000-0x0000000840000000, reserved size: 1073741824
Narrow klass base: 0x0000000800000000, Narrow klass shift: 0, Narrow klass range: 0x40000000

GC Precious Log:
 CPUs: 4 total, 4 available
 Memory: 5117M
 Large Page Support: Disabled
 NUMA Support: Disabled
 Compressed Oops: Enabled (Zero based)
 Heap Region Size: 32M
 Heap Min Capacity: 32M
 Heap Initial Capacity: 96M
 Heap Max Capacity: 4G
 Pre-touch: Disabled
 Parallel Workers: 4
 Concurrent Workers: 1
 Concurrent Refinement Workers: 4
 Periodic GC: Disabled

Heap:
 garbage-first heap   total 4194304K, used 2620163K [0x0000000700000000, 0x0000000800000000)
  region size 32768K, 18 young (589824K), 4 survivors (131072K)
 Metaspace       used 252223K, committed 254848K, reserved 1269760K
  class space    used 37516K, committed 38720K, reserved 1048576K

Heap Regions: E=young(eden), S=young(survivor), O=old, HS=humongous(starts), HC=humongous(continues), CS=collection set, F=free, OA=open archive, CA=closed archive, TAMS=top-at-mark-start (previous, next)
|   0|0x0000000700000000, 0x0000000702000000, 0x0000000702000000|100%| O|  |TAMS 0x0000000702000000, 0x0000000702000000| Untracked 
|   1|0x0000000702000000, 0x0000000704000000, 0x0000000704000000|100%| O|  |TAMS 0x0000000704000000, 0x0000000704000000| Untracked 
|   2|0x0000000704000000, 0x0000000706000000, 0x0000000706000000|100%| O|  |TAMS 0x0000000706000000, 0x0000000706000000| Untracked 
|   3|0x0000000706000000, 0x0000000708000000, 0x0000000708000000|100%| O|  |TAMS 0x0000000708000000, 0x0000000708000000| Untracked 
|   4|0x0000000708000000, 0x000000070a000000, 0x000000070a000000|100%| O|  |TAMS 0x000000070a000000, 0x000000070a000000| Untracked 
|   5|0x000000070a000000, 0x000000070c000000, 0x000000070c000000|100%| O|  |TAMS 0x000000070c000000, 0x000000070c000000| Untracked 
|   6|0x000000070c000000, 0x000000070e000000, 0x000000070e000000|100%| O|  |TAMS 0x000000070e000000, 0x000000070e000000| Untracked 
|   7|0x000000070e000000, 0x0000000710000000, 0x0000000710000000|100%| O|  |TAMS 0x0000000710000000, 0x0000000710000000| Untracked 
|   8|0x0000000710000000, 0x0000000712000000, 0x0000000712000000|100%| O|  |TAMS 0x0000000712000000, 0x0000000712000000| Untracked 
|   9|0x0000000712000000, 0x0000000714000000, 0x0000000714000000|100%| O|  |TAMS 0x0000000714000000, 0x0000000714000000| Untracked 
|  10|0x0000000714000000, 0x0000000716000000, 0x0000000716000000|100%| O|  |TAMS 0x0000000716000000, 0x0000000716000000| Untracked 
|  11|0x0000000716000000, 0x0000000718000000, 0x0000000718000000|100%| O|  |TAMS 0x0000000718000000, 0x0000000718000000| Untracked 
|  12|0x0000000718000000, 0x000000071a000000, 0x000000071a000000|100%| O|  |TAMS 0x000000071a000000, 0x000000071a000000| Untracked 
|  13|0x000000071a000000, 0x000000071c000000, 0x000000071c000000|100%| O|  |TAMS 0x000000071c000000, 0x000000071c000000| Untracked 
|  14|0x000000071c000000, 0x000000071e000000, 0x000000071e000000|100%| O|  |TAMS 0x000000071e000000, 0x000000071e000000| Untracked 
|  15|0x000000071e000000, 0x0000000720000000, 0x0000000720000000|100%| O|  |TAMS 0x0000000720000000, 0x0000000720000000| Untracked 
|  16|0x0000000720000000, 0x0000000722000000, 0x0000000722000000|100%| O|  |TAMS 0x0000000722000000, 0x0000000722000000| Untracked 
|  17|0x0000000722000000, 0x0000000724000000, 0x0000000724000000|100%| O|  |TAMS 0x0000000724000000, 0x0000000724000000| Untracked 
|  18|0x0000000724000000, 0x0000000726000000, 0x0000000726000000|100%| O|  |TAMS 0x0000000726000000, 0x0000000726000000| Untracked 
|  19|0x0000000726000000, 0x0000000728000000, 0x0000000728000000|100%| O|  |TAMS 0x0000000728000000, 0x0000000728000000| Untracked 
|  20|0x0000000728000000, 0x000000072a000000, 0x000000072a000000|100%| O|  |TAMS 0x000000072a000000, 0x000000072a000000| Untracked 
|  21|0x000000072a000000, 0x000000072c000000, 0x000000072c000000|100%| O|  |TAMS 0x000000072c000000, 0x000000072c000000| Untracked 
|  22|0x000000072c000000, 0x000000072e000000, 0x000000072e000000|100%| O|  |TAMS 0x000000072e000000, 0x000000072e000000| Untracked 
|  23|0x000000072e000000, 0x0000000730000000, 0x0000000730000000|100%| O|  |TAMS 0x000000072e000000, 0x0000000730000000| Untracked 
|  24|0x0000000730000000, 0x0000000732000000, 0x0000000732000000|100%| O|  |TAMS 0x0000000732000000, 0x0000000732000000| Untracked 
|  25|0x0000000732000000, 0x0000000734000000, 0x0000000734000000|100%| O|  |TAMS 0x0000000732000000, 0x0000000734000000| Untracked 
|  26|0x0000000734000000, 0x0000000736000000, 0x0000000736000000|100%| O|  |TAMS 0x0000000736000000, 0x0000000736000000| Untracked 
|  27|0x0000000736000000, 0x0000000738000000, 0x0000000738000000|100%| O|  |TAMS 0x0000000736000000, 0x0000000738000000| Untracked 
|  28|0x0000000738000000, 0x000000073a000000, 0x000000073a000000|100%| O|  |TAMS 0x000000073a000000, 0x000000073a000000| Untracked 
|  29|0x000000073a000000, 0x000000073c000000, 0x000000073c000000|100%| O|  |TAMS 0x000000073a000000, 0x000000073c000000| Untracked 
|  30|0x000000073c000000, 0x000000073e000000, 0x000000073e000000|100%| O|  |TAMS 0x000000073c000000, 0x000000073e000000| Untracked 
|  31|0x000000073e000000, 0x0000000740000000, 0x0000000740000000|100%| O|  |TAMS 0x0000000740000000, 0x0000000740000000| Untracked 
|  32|0x0000000740000000, 0x0000000742000000, 0x0000000742000000|100%| O|  |TAMS 0x0000000742000000, 0x0000000742000000| Untracked 
|  33|0x0000000742000000, 0x0000000744000000, 0x0000000744000000|100%| O|  |TAMS 0x0000000744000000, 0x0000000744000000| Untracked 
|  34|0x0000000744000000, 0x0000000746000000, 0x0000000746000000|100%| O|  |TAMS 0x0000000744000000, 0x0000000746000000| Untracked 
|  35|0x0000000746000000, 0x0000000748000000, 0x0000000748000000|100%| O|  |TAMS 0x0000000746000000, 0x0000000748000000| Untracked 
|  36|0x0000000748000000, 0x000000074a000000, 0x000000074a000000|100%| O|  |TAMS 0x0000000748000000, 0x000000074a000000| Untracked 
|  37|0x000000074a000000, 0x000000074c000000, 0x000000074c000000|100%| O|  |TAMS 0x000000074c000000, 0x000000074c000000| Untracked 
|  38|0x000000074c000000, 0x000000074e000000, 0x000000074e000000|100%| O|  |TAMS 0x000000074e000000, 0x000000074e000000| Untracked 
|  39|0x000000074e000000, 0x0000000750000000, 0x0000000750000000|100%| O|  |TAMS 0x000000074e000000, 0x0000000750000000| Untracked 
|  40|0x0000000750000000, 0x0000000752000000, 0x0000000752000000|100%| O|  |TAMS 0x0000000752000000, 0x0000000752000000| Untracked 
|  41|0x0000000752000000, 0x0000000754000000, 0x0000000754000000|100%| O|  |TAMS 0x0000000752000000, 0x0000000754000000| Untracked 
|  42|0x0000000754000000, 0x0000000756000000, 0x0000000756000000|100%| O|  |TAMS 0x0000000754000000, 0x0000000756000000| Untracked 
|  43|0x0000000756000000, 0x0000000758000000, 0x0000000758000000|100%| O|  |TAMS 0x0000000756000000, 0x0000000758000000| Untracked 
|  44|0x0000000758000000, 0x000000075a000000, 0x000000075a000000|100%| O|  |TAMS 0x000000075a000000, 0x000000075a000000| Untracked 
|  45|0x000000075a000000, 0x000000075c000000, 0x000000075c000000|100%| O|  |TAMS 0x000000075c000000, 0x000000075c000000| Untracked 
|  46|0x000000075c000000, 0x000000075e000000, 0x000000075e000000|100%| O|  |TAMS 0x000000075c000000, 0x000000075e000000| Untracked 
|  47|0x000000075e000000, 0x000000075f735400, 0x0000000760000000| 72%| O|  |TAMS 0x000000075e000000, 0x000000075f735400| Untracked 
|  48|0x0000000760000000, 0x0000000760000000, 0x0000000762000000|  0%| F|  |TAMS 0x0000000760000000, 0x0000000760000000| Untracked 
|  49|0x0000000762000000, 0x0000000764000000, 0x0000000764000000|100%| O|  |TAMS 0x0000000764000000, 0x0000000764000000| Untracked 
|  50|0x0000000764000000, 0x0000000766000000, 0x0000000766000000|100%| O|  |TAMS 0x0000000766000000, 0x0000000766000000| Untracked 
|  51|0x0000000766000000, 0x0000000766000000, 0x0000000768000000|  0%| F|  |TAMS 0x0000000766000000, 0x0000000766000000| Untracked 
|  52|0x0000000768000000, 0x0000000768000000, 0x000000076a000000|  0%| F|  |TAMS 0x0000000768000000, 0x0000000768000000| Untracked 
|  53|0x000000076a000000, 0x000000076a000000, 0x000000076c000000|  0%| F|  |TAMS 0x000000076a000000, 0x000000076a000000| Untracked 
|  54|0x000000076c000000, 0x000000076c000000, 0x000000076e000000|  0%| F|  |TAMS 0x000000076c000000, 0x000000076c000000| Untracked 
|  55|0x000000076e000000, 0x000000076e000000, 0x0000000770000000|  0%| F|  |TAMS 0x000000076e000000, 0x000000076e000000| Untracked 
|  56|0x0000000770000000, 0x0000000770000000, 0x0000000772000000|  0%| F|  |TAMS 0x0000000770000000, 0x0000000770000000| Untracked 
|  57|0x0000000772000000, 0x0000000774000000, 0x0000000774000000|100%| O|  |TAMS 0x0000000774000000, 0x0000000774000000| Untracked 
|  58|0x0000000774000000, 0x0000000776000000, 0x0000000776000000|100%| O|  |TAMS 0x0000000776000000, 0x0000000776000000| Untracked 
|  59|0x0000000776000000, 0x0000000778000000, 0x0000000778000000|100%| O|  |TAMS 0x000000077619be00, 0x0000000778000000| Untracked 
|  60|0x0000000778000000, 0x000000077a000000, 0x000000077a000000|100%| O|  |TAMS 0x0000000778000000, 0x000000077a000000| Untracked 
|  61|0x000000077a000000, 0x000000077c000000, 0x000000077c000000|100%| O|  |TAMS 0x000000077a000000, 0x000000077c000000| Untracked 
|  62|0x000000077c000000, 0x000000077e000000, 0x000000077e000000|100%| O|  |TAMS 0x000000077c000000, 0x000000077e000000| Untracked 
|  63|0x000000077e000000, 0x0000000780000000, 0x0000000780000000|100%| O|  |TAMS 0x000000077e000000, 0x0000000780000000| Untracked 
|  64|0x0000000780000000, 0x0000000782000000, 0x0000000782000000|100%| O|  |TAMS 0x0000000780000000, 0x0000000782000000| Untracked 
|  65|0x0000000782000000, 0x0000000784000000, 0x0000000784000000|100%| O|  |TAMS 0x0000000782000000, 0x0000000784000000| Untracked 
|  66|0x0000000784000000, 0x0000000786000000, 0x0000000786000000|100%| O|  |TAMS 0x0000000784000000, 0x0000000786000000| Untracked 
|  67|0x0000000786000000, 0x0000000788000000, 0x0000000788000000|100%| O|  |TAMS 0x0000000786000000, 0x0000000788000000| Untracked 
|  68|0x0000000788000000, 0x000000078a000000, 0x000000078a000000|100%| O|  |TAMS 0x0000000788000000, 0x000000078a000000| Untracked 
|  69|0x000000078a000000, 0x000000078c000000, 0x000000078c000000|100%| O|  |TAMS 0x000000078a000000, 0x000000078c000000| Untracked 
|  70|0x000000078c000000, 0x000000078e000000, 0x000000078e000000|100%| O|  |TAMS 0x000000078c000000, 0x000000078e000000| Untracked 
|  71|0x000000078e000000, 0x000000078e000000, 0x0000000790000000|  0%| F|  |TAMS 0x000000078e000000, 0x000000078e000000| Untracked 
|  72|0x0000000790000000, 0x0000000790000000, 0x0000000792000000|  0%| F|  |TAMS 0x0000000790000000, 0x0000000790000000| Untracked 
|  73|0x0000000792000000, 0x0000000792000000, 0x0000000794000000|  0%| F|  |TAMS 0x0000000792000000, 0x0000000792000000| Untracked 
|  74|0x0000000794000000, 0x0000000794000000, 0x0000000796000000|  0%| F|  |TAMS 0x0000000794000000, 0x0000000794000000| Untracked 
|  75|0x0000000796000000, 0x0000000796000000, 0x0000000798000000|  0%| F|  |TAMS 0x0000000796000000, 0x0000000796000000| Untracked 
|  76|0x0000000798000000, 0x0000000798000000, 0x000000079a000000|  0%| F|  |TAMS 0x0000000798000000, 0x0000000798000000| Untracked 
|  77|0x000000079a000000, 0x000000079a000000, 0x000000079c000000|  0%| F|  |TAMS 0x000000079a000000, 0x000000079a000000| Untracked 
|  78|0x000000079c000000, 0x000000079c000000, 0x000000079e000000|  0%| F|  |TAMS 0x000000079c000000, 0x000000079c000000| Untracked 
|  79|0x000000079e000000, 0x000000079e000000, 0x00000007a0000000|  0%| F|  |TAMS 0x000000079e000000, 0x000000079e000000| Untracked 
|  80|0x00000007a0000000, 0x00000007a0000000, 0x00000007a2000000|  0%| F|  |TAMS 0x00000007a0000000, 0x00000007a0000000| Untracked 
|  81|0x00000007a2000000, 0x00000007a2000000, 0x00000007a4000000|  0%| F|  |TAMS 0x00000007a2000000, 0x00000007a2000000| Untracked 
|  82|0x00000007a4000000, 0x00000007a4000000, 0x00000007a6000000|  0%| F|  |TAMS 0x00000007a4000000, 0x00000007a4000000| Untracked 
|  83|0x00000007a6000000, 0x00000007a6000000, 0x00000007a8000000|  0%| F|  |TAMS 0x00000007a6000000, 0x00000007a6000000| Untracked 
|  84|0x00000007a8000000, 0x00000007a8000000, 0x00000007aa000000|  0%| F|  |TAMS 0x00000007a8000000, 0x00000007a8000000| Untracked 
|  85|0x00000007aa000000, 0x00000007aa000000, 0x00000007ac000000|  0%| F|  |TAMS 0x00000007aa000000, 0x00000007aa000000| Untracked 
|  86|0x00000007ac000000, 0x00000007ac000000, 0x00000007ae000000|  0%| F|  |TAMS 0x00000007ac000000, 0x00000007ac000000| Untracked 
|  87|0x00000007ae000000, 0x00000007ae000000, 0x00000007b0000000|  0%| F|  |TAMS 0x00000007ae000000, 0x00000007ae000000| Untracked 
|  88|0x00000007b0000000, 0x00000007b0000000, 0x00000007b2000000|  0%| F|  |TAMS 0x00000007b0000000, 0x00000007b0000000| Untracked 
|  89|0x00000007b2000000, 0x00000007b2000000, 0x00000007b4000000|  0%| F|  |TAMS 0x00000007b2000000, 0x00000007b2000000| Untracked 
|  90|0x00000007b4000000, 0x00000007b4000000, 0x00000007b6000000|  0%| F|  |TAMS 0x00000007b4000000, 0x00000007b4000000| Untracked 
|  91|0x00000007b6000000, 0x00000007b6000000, 0x00000007b8000000|  0%| F|  |TAMS 0x00000007b6000000, 0x00000007b6000000| Untracked 
|  92|0x00000007b8000000, 0x00000007b8000000, 0x00000007ba000000|  0%| F|  |TAMS 0x00000007b8000000, 0x00000007b8000000| Untracked 
|  93|0x00000007ba000000, 0x00000007ba000000, 0x00000007bc000000|  0%| F|  |TAMS 0x00000007ba000000, 0x00000007ba000000| Untracked 
|  94|0x00000007bc000000, 0x00000007bc000000, 0x00000007be000000|  0%| F|  |TAMS 0x00000007bc000000, 0x00000007bc000000| Untracked 
|  95|0x00000007be000000, 0x00000007be000000, 0x00000007c0000000|  0%| F|  |TAMS 0x00000007be000000, 0x00000007be000000| Untracked 
|  96|0x00000007c0000000, 0x00000007c0000000, 0x00000007c2000000|  0%| F|  |TAMS 0x00000007c0000000, 0x00000007c0000000| Untracked 
|  97|0x00000007c2000000, 0x00000007c2000000, 0x00000007c4000000|  0%| F|  |TAMS 0x00000007c2000000, 0x00000007c2000000| Untracked 
|  98|0x00000007c4000000, 0x00000007c4000000, 0x00000007c6000000|  0%| F|  |TAMS 0x00000007c4000000, 0x00000007c4000000| Untracked 
|  99|0x00000007c6000000, 0x00000007c678b8b0, 0x00000007c8000000| 23%| S|CS|TAMS 0x00000007c6000000, 0x00000007c6000000| Complete 
| 100|0x00000007c8000000, 0x00000007ca000000, 0x00000007ca000000|100%| S|CS|TAMS 0x00000007c8000000, 0x00000007c8000000| Complete 
| 101|0x00000007ca000000, 0x00000007cc000000, 0x00000007cc000000|100%| S|CS|TAMS 0x00000007ca000000, 0x00000007ca000000| Complete 
| 102|0x00000007cc000000, 0x00000007ce000000, 0x00000007ce000000|100%| S|CS|TAMS 0x00000007cc000000, 0x00000007cc000000| Complete 
| 103|0x00000007ce000000, 0x00000007ce000000, 0x00000007d0000000|  0%| F|  |TAMS 0x00000007ce000000, 0x00000007ce000000| Untracked 
| 104|0x00000007d0000000, 0x00000007d0000000, 0x00000007d2000000|  0%| F|  |TAMS 0x00000007d0000000, 0x00000007d0000000| Untracked 
| 105|0x00000007d2000000, 0x00000007d2000000, 0x00000007d4000000|  0%| F|  |TAMS 0x00000007d2000000, 0x00000007d2000000| Untracked 
| 106|0x00000007d4000000, 0x00000007d4000000, 0x00000007d6000000|  0%| F|  |TAMS 0x00000007d4000000, 0x00000007d4000000| Untracked 
| 107|0x00000007d6000000, 0x00000007d6000000, 0x00000007d8000000|  0%| F|  |TAMS 0x00000007d6000000, 0x00000007d6000000| Untracked 
| 108|0x00000007d8000000, 0x00000007d8000000, 0x00000007da000000|  0%| F|  |TAMS 0x00000007d8000000, 0x00000007d8000000| Untracked 
| 109|0x00000007da000000, 0x00000007da000000, 0x00000007dc000000|  0%| F|  |TAMS 0x00000007da000000, 0x00000007da000000| Untracked 
| 110|0x00000007dc000000, 0x00000007dc000000, 0x00000007de000000|  0%| F|  |TAMS 0x00000007dc000000, 0x00000007dc000000| Untracked 
| 111|0x00000007de000000, 0x00000007de000000, 0x00000007e0000000|  0%| F|  |TAMS 0x00000007de000000, 0x00000007de000000| Untracked 
| 112|0x00000007e0000000, 0x00000007e0000000, 0x00000007e2000000|  0%| F|  |TAMS 0x00000007e0000000, 0x00000007e0000000| Untracked 
| 113|0x00000007e2000000, 0x00000007e2000800, 0x00000007e4000000|  0%| E|  |TAMS 0x00000007e2000000, 0x00000007e2000000| Complete 
| 114|0x00000007e4000000, 0x00000007e6000000, 0x00000007e6000000|100%| E|CS|TAMS 0x00000007e4000000, 0x00000007e4000000| Complete 
| 115|0x00000007e6000000, 0x00000007e8000000, 0x00000007e8000000|100%| E|CS|TAMS 0x00000007e6000000, 0x00000007e6000000| Complete 
| 116|0x00000007e8000000, 0x00000007ea000000, 0x00000007ea000000|100%| E|CS|TAMS 0x00000007e8000000, 0x00000007e8000000| Complete 
| 117|0x00000007ea000000, 0x00000007ec000000, 0x00000007ec000000|100%| E|CS|TAMS 0x00000007ea000000, 0x00000007ea000000| Complete 
| 118|0x00000007ec000000, 0x00000007ee000000, 0x00000007ee000000|100%| E|CS|TAMS 0x00000007ec000000, 0x00000007ec000000| Complete 
| 119|0x00000007ee000000, 0x00000007f0000000, 0x00000007f0000000|100%| E|CS|TAMS 0x00000007ee000000, 0x00000007ee000000| Complete 
| 120|0x00000007f0000000, 0x00000007f2000000, 0x00000007f2000000|100%| E|CS|TAMS 0x00000007f0000000, 0x00000007f0000000| Complete 
| 121|0x00000007f2000000, 0x00000007f4000000, 0x00000007f4000000|100%| E|CS|TAMS 0x00000007f2000000, 0x00000007f2000000| Complete 
| 122|0x00000007f4000000, 0x00000007f6000000, 0x00000007f6000000|100%| E|CS|TAMS 0x00000007f4000000, 0x00000007f4000000| Complete 
| 123|0x00000007f6000000, 0x00000007f8000000, 0x00000007f8000000|100%| E|CS|TAMS 0x00000007f6000000, 0x00000007f6000000| Complete 
| 124|0x00000007f8000000, 0x00000007fa000000, 0x00000007fa000000|100%| E|CS|TAMS 0x00000007f8000000, 0x00000007f8000000| Complete 
| 125|0x00000007fa000000, 0x00000007fc000000, 0x00000007fc000000|100%| E|CS|TAMS 0x00000007fa000000, 0x00000007fa000000| Complete 
| 126|0x00000007fc000000, 0x00000007fe000000, 0x00000007fe000000|100%| E|CS|TAMS 0x00000007fc000000, 0x00000007fc000000| Complete 
| 127|0x00000007fe000000, 0x0000000800000000, 0x0000000800000000|100%| E|CS|TAMS 0x00000007fe000000, 0x00000007fe000000| Complete 

Card table byte_map: [0x000002abcf870000,0x000002abd0070000] _byte_map_base: 0x000002abcc070000

Marking Bits (Prev, Next): (CMBitMap*) 0x000002abbc91e210, (CMBitMap*) 0x000002abbc91e1d0
 Prev Bits: [0x000002abd4870000, 0x000002abd8870000)
 Next Bits: [0x000002abd0870000, 0x000002abd4870000)

Polling page: 0x000002abbaa80000

Metaspace:

Usage:
  Non-class:    209.68 MB used.
      Class:     36.64 MB used.
       Both:    246.31 MB used.

Virtual space:
  Non-class space:      216.00 MB reserved,     211.06 MB ( 98%) committed,  27 nodes.
      Class space:        1.00 GB reserved,      37.81 MB (  4%) committed,  1 nodes.
             Both:        1.21 GB reserved,     248.88 MB ( 20%) committed. 

Chunk freelists:
   Non-Class:  1.14 MB
       Class:  2.35 MB
        Both:  3.49 MB

MaxMetaspaceSize: unlimited
CompressedClassSpaceSize: 1.00 GB
Initial GC threshold: 21.00 MB
Current GC threshold: 414.81 MB
CDS: off
MetaspaceReclaimPolicy: balanced
 - commit_granule_bytes: 65536.
 - commit_granule_words: 8192.
 - virtual_space_node_default_size: 1048576.
 - enlarge_chunks_in_place: 1.
 - new_chunks_are_fully_committed: 0.
 - uncommit_free_chunks: 1.
 - use_allocation_guard: 0.
 - handle_deallocations: 1.


Internal statistics:

num_allocs_failed_limit: 151.
num_arena_births: 3806.
num_arena_deaths: 514.
num_vsnodes_births: 28.
num_vsnodes_deaths: 0.
num_space_committed: 3993.
num_space_uncommitted: 21.
num_chunks_returned_to_freelist: 897.
num_chunks_taken_from_freelist: 14480.
num_chunk_merges: 299.
num_chunk_splits: 9723.
num_chunks_enlarged: 6521.
num_purges: 16.
num_inconsistent_stats: 0.

CodeHeap 'non-profiled nmethods': size=120000Kb used=49930Kb max_used=49930Kb free=70069Kb
 bounds [0x000002abc7b40000, 0x000002abcac10000, 0x000002abcf070000]
CodeHeap 'profiled nmethods': size=120000Kb used=63603Kb max_used=64960Kb free=56396Kb
 bounds [0x000002abc0610000, 0x000002abc45a0000, 0x000002abc7b40000]
CodeHeap 'non-nmethods': size=5760Kb used=2732Kb max_used=2799Kb free=3027Kb
 bounds [0x000002abc0070000, 0x000002abc0340000, 0x000002abc0610000]
 total_blobs=41120 nmethods=38655 adapters=2372
 compilation: enabled
              stopped_count=0, restarted_count=0
 full_count=0

Compilation events (20 events):
Event: 2370.244 Thread 0x000002abdad61470 nmethod 58465 0x000002abcabfc510 code [0x000002abcabfc6a0, 0x000002abcabfc7e8]
Event: 2370.244 Thread 0x000002abdad61470 58469       4       fr.frinn.custommachinery.client.integration.jei.CustomMachineryJEIPlugin$$Lambda$20327/0x00000008024ca4f8::accept (14 bytes)
Event: 2370.257 Thread 0x000002abdad61470 nmethod 58469 0x000002abcabfc910 code [0x000002abcabfcac0, 0x000002abcabfd298]
Event: 2370.292 Thread 0x000002abdad62510 58482       3       java.lang.String::valueOf (5 bytes)
Event: 2370.294 Thread 0x000002abdad62510 nmethod 58482 0x000002abc2f16790 code [0x000002abc2f16940, 0x000002abc2f16bd8]
Event: 2370.311 Thread 0x000002abdad61470 58483 %     4       org.valkyrienskies.physics_api_krunch.VoxelRigidBodyShapeUpdatesEncoder::writeVoxelRigidBodyShapeUpdatesToByteBuf @ 30 (55 bytes)
Event: 2370.335 Thread 0x000002ab94042980 nmethod 58477 0x000002abcabfd590 code [0x000002abcabfd860, 0x000002abcabfefe0]
Event: 2370.347 Thread 0x000002abdad61470 nmethod 58483% 0x000002abcac00310 code [0x000002abcac004e0, 0x000002abcac00ca8]
Event: 2370.377 Thread 0x000002abdad62510 58484       3       com.fasterxml.jackson.dataformat.cbor.CBORWriteContext::<init> (31 bytes)
Event: 2370.377 Thread 0x000002abdad62510 nmethod 58484 0x000002abc3118990 code [0x000002abc3118b40, 0x000002abc3118e38]
Event: 2370.388 Thread 0x000002abdad62510 58485       3       net.minecraftforge.common.AdvancementLoadFix$$Lambda$18184/0x00000008021b3ea8::apply (8 bytes)
Event: 2370.399 Thread 0x000002abdad62510 nmethod 58485 0x000002abc26e3990 code [0x000002abc26e3bc0, 0x000002abc26e44c8]
Event: 2370.399 Thread 0x000002abdad62510 58486       3       net.minecraftforge.common.AdvancementLoadFix$$Lambda$18185/0x00000008021b40e0::apply (8 bytes)
Event: 2370.400 Thread 0x000002abdad61470 58487       4       it.unimi.dsi.fastutil.longs.LongLinkedOpenHashSet::add (226 bytes)
Event: 2370.402 Thread 0x000002abdad62510 nmethod 58486 0x000002abc31fef10 code [0x000002abc31ff160, 0x000002abc31ffcf8]
Event: 2370.441 Thread 0x000002abdad61470 nmethod 58487 0x000002abcac01290 code [0x000002abcac014c0, 0x000002abcac02268]
Event: 2370.515 Thread 0x000002abdad62510 58488       3       it.unimi.dsi.fastutil.longs.LongLinkedOpenHashSet::clear (37 bytes)
Event: 2370.517 Thread 0x000002abdad62510 nmethod 58488 0x000002abc2a18890 code [0x000002abc2a18a40, 0x000002abc2a18c08]
Event: 2370.524 Thread 0x000002abdad62510 58489       3       net.minecraftforge.client.model.data.ModelDataMap::getData (11 bytes)
Event: 2370.526 Thread 0x000002abdad62510 nmethod 58489 0x000002abc31b7f10 code [0x000002abc31b80c0, 0x000002abc31b82a8]

GC Heap History (20 events):
Event: 2339.159 GC heap before
{Heap before GC invocations=556 (full 0):
 garbage-first heap   total 4194304K, used 2591413K [0x0000000700000000, 0x0000000800000000)
  region size 32768K, 25 young (819200K), 1 survivors (32768K)
 Metaspace       used 251874K, committed 254848K, reserved 1269760K
  class space    used 37463K, committed 38720K, reserved 1048576K
}
Event: 2339.191 GC heap after
{Heap after GC invocations=557 (full 0):
 garbage-first heap   total 4194304K, used 1802470K [0x0000000700000000, 0x0000000800000000)
  region size 32768K, 1 young (32768K), 1 survivors (32768K)
 Metaspace       used 251874K, committed 254848K, reserved 1269760K
  class space    used 37463K, committed 38720K, reserved 1048576K
}
Event: 2340.129 GC heap before
{Heap before GC invocations=557 (full 0):
 garbage-first heap   total 4194304K, used 2588902K [0x0000000700000000, 0x0000000800000000)
  region size 32768K, 25 young (819200K), 1 survivors (32768K)
 Metaspace       used 251874K, committed 254848K, reserved 1269760K
  class space    used 37463K, committed 38720K, reserved 1048576K
}
Event: 2340.165 GC heap after
{Heap after GC invocations=558 (full 0):
 garbage-first heap   total 4194304K, used 1806886K [0x0000000700000000, 0x0000000800000000)
  region size 32768K, 1 young (32768K), 1 survivors (32768K)
 Metaspace       used 251874K, committed 254848K, reserved 1269760K
  class space    used 37463K, committed 38720K, reserved 1048576K
}
Event: 2342.019 GC heap before
{Heap before GC invocations=558 (full 0):
 garbage-first heap   total 4194304K, used 2593318K [0x0000000700000000, 0x0000000800000000)
  region size 32768K, 25 young (819200K), 1 survivors (32768K)
 Metaspace       used 251874K, committed 254848K, reserved 1269760K
  class space    used 37463K, committed 38720K, reserved 1048576K
}
Event: 2342.075 GC heap after
{Heap after GC invocations=559 (full 0):
 garbage-first heap   total 4194304K, used 1825933K [0x0000000700000000, 0x0000000800000000)
  region size 32768K, 2 young (65536K), 2 survivors (65536K)
 Metaspace       used 251874K, committed 254848K, reserved 1269760K
  class space    used 37463K, committed 38720K, reserved 1048576K
}
Event: 2343.809 GC heap before
{Heap before GC invocations=559 (full 0):
 garbage-first heap   total 4194304K, used 2579597K [0x0000000700000000, 0x0000000800000000)
  region size 32768K, 25 young (819200K), 2 survivors (65536K)
 Metaspace       used 251874K, committed 254848K, reserved 1269760K
  class space    used 37463K, committed 38720K, reserved 1048576K
}
Event: 2343.879 GC heap after
{Heap after GC invocations=560 (full 0):
 garbage-first heap   total 4194304K, used 1847857K [0x0000000700000000, 0x0000000800000000)
  region size 32768K, 2 young (65536K), 2 survivors (65536K)
 Metaspace       used 251874K, committed 254848K, reserved 1269760K
  class space    used 37463K, committed 38720K, reserved 1048576K
}
Event: 2346.926 GC heap before
{Heap before GC invocations=560 (full 0):
 garbage-first heap   total 4194304K, used 2601521K [0x0000000700000000, 0x0000000800000000)
  region size 32768K, 25 young (819200K), 2 survivors (65536K)
 Metaspace       used 251887K, committed 254848K, reserved 1269760K
  class space    used 37463K, committed 38720K, reserved 1048576K
}
Event: 2347.038 GC heap after
{Heap after GC invocations=561 (full 0):
 garbage-first heap   total 4194304K, used 1843315K [0x0000000700000000, 0x0000000800000000)
  region size 32768K, 2 young (65536K), 2 survivors (65536K)
 Metaspace       used 251887K, committed 254848K, reserved 1269760K
  class space    used 37463K, committed 38720K, reserved 1048576K
}
Event: 2353.308 GC heap before
{Heap before GC invocations=561 (full 0):
 garbage-first heap   total 4194304K, used 2596979K [0x0000000700000000, 0x0000000800000000)
  region size 32768K, 25 young (819200K), 2 survivors (65536K)
 Metaspace       used 252146K, committed 254848K, reserved 1269760K
  class space    used 37516K, committed 38720K, reserved 1048576K
}
Event: 2353.374 GC heap after
{Heap after GC invocations=562 (full 0):
 garbage-first heap   total 4194304K, used 1824443K [0x0000000700000000, 0x0000000800000000)
  region size 32768K, 2 young (65536K), 2 survivors (65536K)
 Metaspace       used 252146K, committed 254848K, reserved 1269760K
  class space    used 37516K, committed 38720K, reserved 1048576K
}
Event: 2357.172 GC heap before
{Heap before GC invocations=562 (full 0):
 garbage-first heap   total 4194304K, used 2578107K [0x0000000700000000, 0x0000000800000000)
  region size 32768K, 25 young (819200K), 2 survivors (65536K)
 Metaspace       used 252146K, committed 254848K, reserved 1269760K
  class space    used 37516K, committed 38720K, reserved 1048576K
}
Event: 2357.261 GC heap after
{Heap after GC invocations=563 (full 0):
 garbage-first heap   total 4194304K, used 1821595K [0x0000000700000000, 0x0000000800000000)
  region size 32768K, 2 young (65536K), 2 survivors (65536K)
 Metaspace       used 252146K, committed 254848K, reserved 1269760K
  class space    used 37516K, committed 38720K, reserved 1048576K
}
Event: 2359.567 GC heap before
{Heap before GC invocations=563 (full 0):
 garbage-first heap   total 4194304K, used 2575259K [0x0000000700000000, 0x0000000800000000)
  region size 32768K, 25 young (819200K), 2 survivors (65536K)
 Metaspace       used 252154K, committed 254848K, reserved 1269760K
  class space    used 37516K, committed 38720K, reserved 1048576K
}
Event: 2360.991 GC heap after
{Heap after GC invocations=564 (full 0):
 garbage-first heap   total 4194304K, used 2128679K [0x0000000700000000, 0x0000000800000000)
  region size 32768K, 4 young (131072K), 4 survivors (131072K)
 Metaspace       used 252154K, committed 254848K, reserved 1269760K
  class space    used 37516K, committed 38720K, reserved 1048576K
}
Event: 2364.978 GC heap before
{Heap before GC invocations=564 (full 0):
 garbage-first heap   total 4194304K, used 2816807K [0x0000000700000000, 0x0000000800000000)
  region size 32768K, 25 young (819200K), 4 survivors (131072K)
 Metaspace       used 252156K, committed 254848K, reserved 1269760K
  class space    used 37516K, committed 38720K, reserved 1048576K
}
Event: 2365.308 GC heap after
{Heap after GC invocations=565 (full 0):
 garbage-first heap   total 4194304K, used 2159001K [0x0000000700000000, 0x0000000800000000)
  region size 32768K, 3 young (98304K), 3 survivors (98304K)
 Metaspace       used 252156K, committed 254848K, reserved 1269760K
  class space    used 37516K, committed 38720K, reserved 1048576K
}
Event: 2369.086 GC heap before
{Heap before GC invocations=565 (full 0):
 garbage-first heap   total 4194304K, used 2879897K [0x0000000700000000, 0x0000000800000000)
  region size 32768K, 25 young (819200K), 3 survivors (98304K)
 Metaspace       used 252199K, committed 254848K, reserved 1269760K
  class space    used 37516K, committed 38720K, reserved 1048576K
}
Event: 2369.259 GC heap after
{Heap after GC invocations=566 (full 0):
 garbage-first heap   total 4194304K, used 2194179K [0x0000000700000000, 0x0000000800000000)
  region size 32768K, 4 young (131072K), 4 survivors (131072K)
 Metaspace       used 252199K, committed 254848K, reserved 1269760K
  class space    used 37516K, committed 38720K, reserved 1048576K
}

Deoptimization events (20 events):
Event: 2321.728 Thread 0x000002abbc8dc3d0 DEOPT PACKING pc=0x000002abca743d10 sp=0x000000c4036fc8e0
Event: 2321.729 Thread 0x000002abbc8dc3d0 DEOPT UNPACKING pc=0x000002abc00c239d sp=0x000000c4036fc688 mode 2
Event: 2333.595 Thread 0x000002abbc8dc3d0 Uncommon trap: trap_request=0xffffff5c fr.pc=0x000002abcab17df8 relative=0x0000000000000338
Event: 2333.595 Thread 0x000002abbc8dc3d0 Uncommon trap: reason=speculate_null_check action=make_not_entrant pc=0x000002abcab17df8 method=java.util.Objects.hashCode(Ljava/lang/Object;)I @ 1 c2
Event: 2333.595 Thread 0x000002abbc8dc3d0 DEOPT PACKING pc=0x000002abcab17df8 sp=0x000000c4036faf70
Event: 2333.595 Thread 0x000002abbc8dc3d0 DEOPT UNPACKING pc=0x000002abc00c239d sp=0x000000c4036face0 mode 2
Event: 2349.519 Thread 0x000002abbc8dc3d0 DEOPT PACKING pc=0x000002abc1c07559 sp=0x000000c4036fc870
Event: 2349.519 Thread 0x000002abbc8dc3d0 DEOPT UNPACKING pc=0x000002abc00c2b24 sp=0x000000c4036fbdb0 mode 0
Event: 2366.597 Thread 0x000002abf067d070 Uncommon trap: trap_request=0xffffff45 fr.pc=0x000002abca095970 relative=0x0000000000000c70
Event: 2366.597 Thread 0x000002abf067d070 Uncommon trap: reason=unstable_if action=reinterpret pc=0x000002abca095970 method=it.unimi.dsi.fastutil.longs.Long2ObjectOpenHashMap.shiftKeys(I)V @ 66 c2
Event: 2366.597 Thread 0x000002abf067d070 DEOPT PACKING pc=0x000002abca095970 sp=0x000000c4096fee70
Event: 2366.598 Thread 0x000002abf067d070 DEOPT UNPACKING pc=0x000002abc00c239d sp=0x000000c4096fed20 mode 2
Event: 2368.237 Thread 0x000002abbc8dc3d0 Uncommon trap: trap_request=0xffffffbe fr.pc=0x000002abcab8584c relative=0x00000000000016cc
Event: 2368.237 Thread 0x000002abbc8dc3d0 Uncommon trap: reason=profile_predicate action=maybe_recompile pc=0x000002abcab8584c method=net.minecraft.client.searchtree.ReloadableIdSearchTree.m_7729_()V @ 38 c2
Event: 2368.238 Thread 0x000002abbc8dc3d0 DEOPT PACKING pc=0x000002abcab8584c sp=0x000000c4036fe310
Event: 2368.238 Thread 0x000002abbc8dc3d0 DEOPT UNPACKING pc=0x000002abc00c239d sp=0x000000c4036fe320 mode 2
Event: 2371.035 Thread 0x000002ad90fb9580 Uncommon trap: trap_request=0xffffff45 fr.pc=0x000002abca65d5a0 relative=0x0000000000000920
Event: 2371.035 Thread 0x000002ad90fb9580 Uncommon trap: reason=unstable_if action=reinterpret pc=0x000002abca65d5a0 method=org.lwjgl.system.MemoryUtil.nmemReallocChecked(JJ)J @ 27 c2
Event: 2371.037 Thread 0x000002ad90fb9580 DEOPT PACKING pc=0x000002abca65d5a0 sp=0x000000c4092feea0
Event: 2371.037 Thread 0x000002ad90fb9580 DEOPT UNPACKING pc=0x000002abc00c239d sp=0x000000c4092fec80 mode 2

Classes unloaded (20 events):
Event: 2241.853 Thread 0x000002abbc9ae3c0 Unloading class 0x00000008003b3c00 'java/lang/invoke/LambdaForm$BMH+0x00000008003b3c00'
Event: 2241.853 Thread 0x000002abbc9ae3c0 Unloading class 0x00000008003b2000 'java/lang/invoke/LambdaForm$MH+0x00000008003b2000'
Event: 2241.853 Thread 0x000002abbc9ae3c0 Unloading class 0x00000008003b1000 'java/lang/invoke/LambdaForm$MH+0x00000008003b1000'
Event: 2241.854 Thread 0x000002abbc9ae3c0 Unloading class 0x00000008003b0800 'java/lang/invoke/LambdaForm$DMH+0x00000008003b0800'
Event: 2241.854 Thread 0x000002abbc9ae3c0 Unloading class 0x00000008003af400 'java/lang/invoke/LambdaForm$DMH+0x00000008003af400'
Event: 2241.854 Thread 0x000002abbc9ae3c0 Unloading class 0x00000008003aec00 'java/lang/invoke/LambdaForm$DMH+0x00000008003aec00'
Event: 2241.854 Thread 0x000002abbc9ae3c0 Unloading class 0x00000008003ae400 'java/lang/invoke/LambdaForm$BMH+0x00000008003ae400'
Event: 2241.854 Thread 0x000002abbc9ae3c0 Unloading class 0x00000008003ad000 'java/lang/invoke/LambdaForm$BMH+0x00000008003ad000'
Event: 2241.854 Thread 0x000002abbc9ae3c0 Unloading class 0x00000008003a9400 'java/lang/invoke/LambdaForm$MH+0x00000008003a9400'
Event: 2241.854 Thread 0x000002abbc9ae3c0 Unloading class 0x00000008003a3400 'java/lang/invoke/LambdaForm$MH+0x00000008003a3400'
Event: 2241.855 Thread 0x000002abbc9ae3c0 Unloading class 0x00000008003a2c00 'java/lang/invoke/LambdaForm$MH+0x00000008003a2c00'
Event: 2241.855 Thread 0x000002abbc9ae3c0 Unloading class 0x00000008003a2800 'java/lang/invoke/LambdaForm$MH+0x00000008003a2800'
Event: 2241.855 Thread 0x000002abbc9ae3c0 Unloading class 0x00000008003a0c00 'java/lang/invoke/LambdaForm$MH+0x00000008003a0c00'
Event: 2241.855 Thread 0x000002abbc9ae3c0 Unloading class 0x00000008003a0400 'java/lang/invoke/LambdaForm$MH+0x00000008003a0400'
Event: 2241.855 Thread 0x000002abbc9ae3c0 Unloading class 0x000000080039bc00 'java/lang/invoke/LambdaForm$BMH+0x000000080039bc00'
Event: 2241.855 Thread 0x000002abbc9ae3c0 Unloading class 0x0000000800398000 'java/lang/invoke/LambdaForm$DMH+0x0000000800398000'
Event: 2241.856 Thread 0x000002abbc9ae3c0 Unloading class 0x000000080033a000 'java/lang/invoke/LambdaForm$BMH+0x000000080033a000'
Event: 2241.856 Thread 0x000002abbc9ae3c0 Unloading class 0x0000000800338000 'java/lang/invoke/LambdaForm$DMH+0x0000000800338000'
Event: 2241.856 Thread 0x000002abbc9ae3c0 Unloading class 0x0000000800322400 'java/lang/invoke/LambdaForm$MH+0x0000000800322400'
Event: 2241.857 Thread 0x000002abbc9ae3c0 Unloading class 0x0000000800215400 'jdk/internal/reflect/GeneratedConstructorAccessor10'

Classes redefined (0 events):
No events

Internal exceptions (20 events):
Event: 2370.863 Thread 0x000002ac75aee930 Exception <a 'sun/nio/fs/WindowsException'{0x00000007e7ea4848}> (0x00000007e7ea4848) 
thrown [d:\a\1\jdk\src\hotspot\share\prims\jni.cpp, line 516]
Event: 2370.864 Thread 0x000002ac75aee930 Exception <a 'sun/nio/fs/WindowsException'{0x00000007e7eaa640}> (0x00000007e7eaa640) 
thrown [d:\a\1\jdk\src\hotspot\share\prims\jni.cpp, line 516]
Event: 2370.866 Thread 0x000002ac75aee930 Exception <a 'sun/nio/fs/WindowsException'{0x00000007e7eb0438}> (0x00000007e7eb0438) 
thrown [d:\a\1\jdk\src\hotspot\share\prims\jni.cpp, line 516]
Event: 2370.867 Thread 0x000002ac75aee930 Exception <a 'sun/nio/fs/WindowsException'{0x00000007e7eb6230}> (0x00000007e7eb6230) 
thrown [d:\a\1\jdk\src\hotspot\share\prims\jni.cpp, line 516]
Event: 2370.869 Thread 0x000002ac75aee930 Exception <a 'sun/nio/fs/WindowsException'{0x00000007e7ebc128}> (0x00000007e7ebc128) 
thrown [d:\a\1\jdk\src\hotspot\share\prims\jni.cpp, line 516]
Event: 2370.871 Thread 0x000002ac75aee930 Exception <a 'sun/nio/fs/WindowsException'{0x00000007e7ec1f20}> (0x00000007e7ec1f20) 
thrown [d:\a\1\jdk\src\hotspot\share\prims\jni.cpp, line 516]
Event: 2370.873 Thread 0x000002ac75aee930 Exception <a 'sun/nio/fs/WindowsException'{0x00000007e7ec7d18}> (0x00000007e7ec7d18) 
thrown [d:\a\1\jdk\src\hotspot\share\prims\jni.cpp, line 516]
Event: 2370.892 Thread 0x000002ac75aee930 Exception <a 'sun/nio/fs/WindowsException'{0x00000007e7ecdb10}> (0x00000007e7ecdb10) 
thrown [d:\a\1\jdk\src\hotspot\share\prims\jni.cpp, line 516]
Event: 2370.893 Thread 0x000002ac75aee930 Exception <a 'sun/nio/fs/WindowsException'{0x00000007e4672910}> (0x00000007e4672910) 
thrown [d:\a\1\jdk\src\hotspot\share\prims\jni.cpp, line 516]
Event: 2370.895 Thread 0x000002ac75aee930 Exception <a 'sun/nio/fs/WindowsException'{0x00000007e46786f8}> (0x00000007e46786f8) 
thrown [d:\a\1\jdk\src\hotspot\share\prims\jni.cpp, line 516]
Event: 2370.898 Thread 0x000002ac16eb1850 Exception <a 'sun/nio/fs/WindowsException'{0x00000007e77e6fc0}> (0x00000007e77e6fc0) 
thrown [d:\a\1\jdk\src\hotspot\share\prims\jni.cpp, line 516]
Event: 2370.899 Thread 0x000002ac16eb1850 Exception <a 'sun/nio/fs/WindowsException'{0x00000007e77ecda8}> (0x00000007e77ecda8) 
thrown [d:\a\1\jdk\src\hotspot\share\prims\jni.cpp, line 516]
Event: 2370.901 Thread 0x000002ac75aee930 Exception <a 'sun/nio/fs/WindowsException'{0x00000007e467e740}> (0x00000007e467e740) 
thrown [d:\a\1\jdk\src\hotspot\share\prims\jni.cpp, line 516]
Event: 2370.902 Thread 0x000002ac75aee930 Exception <a 'sun/nio/fs/WindowsException'{0x00000007e4684528}> (0x00000007e4684528) 
thrown [d:\a\1\jdk\src\hotspot\share\prims\jni.cpp, line 516]
Event: 2370.904 Thread 0x000002ac16eb1850 Exception <a 'sun/nio/fs/WindowsException'{0x00000007e77f2df0}> (0x00000007e77f2df0) 
thrown [d:\a\1\jdk\src\hotspot\share\prims\jni.cpp, line 516]
Event: 2370.906 Thread 0x000002ac16eb1850 Exception <a 'sun/nio/fs/WindowsException'{0x00000007e77f8bd8}> (0x00000007e77f8bd8) 
thrown [d:\a\1\jdk\src\hotspot\share\prims\jni.cpp, line 516]
Event: 2370.907 Thread 0x000002ac75aee930 Exception <a 'sun/nio/fs/WindowsException'{0x00000007e468a570}> (0x00000007e468a570) 
thrown [d:\a\1\jdk\src\hotspot\share\prims\jni.cpp, line 516]
Event: 2370.911 Thread 0x000002ac16eb1850 Exception <a 'sun/nio/fs/WindowsException'{0x00000007e77feaf0}> (0x00000007e77feaf0) 
thrown [d:\a\1\jdk\src\hotspot\share\prims\jni.cpp, line 516]
Event: 2370.913 Thread 0x000002ac16eb1850 Exception <a 'sun/nio/fs/WindowsException'{0x00000007e78048e8}> (0x00000007e78048e8) 
thrown [d:\a\1\jdk\src\hotspot\share\prims\jni.cpp, line 516]
Event: 2370.914 Thread 0x000002ac75aee930 Exception <a 'sun/nio/fs/WindowsException'{0x00000007e46904d0}> (0x00000007e46904d0) 
thrown [d:\a\1\jdk\src\hotspot\share\prims\jni.cpp, line 516]

VM Operations (20 events):
Event: 2357.172 Executing VM operation: G1CollectForAllocation
Event: 2357.262 Executing VM operation: G1CollectForAllocation done
Event: 2359.262 Executing VM operation: Cleanup
Event: 2359.262 Executing VM operation: Cleanup done
Event: 2359.567 Executing VM operation: G1CollectForAllocation
Event: 2360.991 Executing VM operation: G1CollectForAllocation done
Event: 2361.992 Executing VM operation: Cleanup
Event: 2361.992 Executing VM operation: Cleanup done
Event: 2363.993 Executing VM operation: Cleanup
Event: 2363.996 Executing VM operation: Cleanup done
Event: 2364.977 Executing VM operation: G1CollectForAllocation
Event: 2365.308 Executing VM operation: G1CollectForAllocation done
Event: 2366.309 Executing VM operation: Cleanup
Event: 2366.309 Executing VM operation: Cleanup done
Event: 2368.310 Executing VM operation: Cleanup
Event: 2368.310 Executing VM operation: Cleanup done
Event: 2369.086 Executing VM operation: G1CollectForAllocation
Event: 2369.259 Executing VM operation: G1CollectForAllocation done
Event: 2370.260 Executing VM operation: Cleanup
Event: 2370.260 Executing VM operation: Cleanup done

Events (20 events):
Event: 2304.725 Thread 0x000002abdad65da0 flushing nmethod 0x000002abc445c010
Event: 2304.725 Thread 0x000002abdad65da0 flushing nmethod 0x000002abc445e290
Event: 2305.008 Thread 0x000002abe14fd430 Thread exited: 0x000002abe14fd430
Event: 2305.010 Thread 0x000002ab9e38fda0 Thread added: 0x000002ab9e38fda0
Event: 2317.091 Thread 0x000002abe14fddd0 Thread exited: 0x000002abe14fddd0
Event: 2317.104 Thread 0x000002abf067d070 Thread exited: 0x000002abf067d070
Event: 2323.241 Thread 0x000002ac16ead020 Thread exited: 0x000002ac16ead020
Event: 2345.194 Thread 0x000002abe14fd430 Thread added: 0x000002abe14fd430
Event: 2351.235 Thread 0x000002ab9e38fda0 Thread exited: 0x000002ab9e38fda0
Event: 2351.236 Thread 0x000002abe14fddd0 Thread added: 0x000002abe14fddd0
Event: 2358.636 Thread 0x000002abf067d070 Thread added: 0x000002abf067d070
Event: 2358.709 Thread 0x000002abf0677500 Thread added: 0x000002abf0677500
Event: 2358.899 Thread 0x000002ab9e38fda0 Thread added: 0x000002ab9e38fda0
Event: 2367.458 Thread 0x000002abe14fddd0 Thread exited: 0x000002abe14fddd0
Event: 2367.459 Thread 0x000002abe14fddd0 Thread added: 0x000002abe14fddd0
Event: 2367.488 Thread 0x000002ad90fb9580 Thread added: 0x000002ad90fb9580
Event: 2367.665 Thread 0x000002ac16eb0eb0 Thread exited: 0x000002ac16eb0eb0
Event: 2370.225 Thread 0x000002ab94042980 Thread added: 0x000002ab94042980
Event: 2370.513 Thread 0x000002ab94042980 Thread exited: 0x000002ab94042980
Event: 2371.043 Thread 0x000002ad90fb9580 Thread exited: 0x000002ad90fb9580


Dynamic libraries:
0x00007ff799aa0000 - 0x00007ff799aae000 	C:\Users\Genius\AppData\Roaming\.minecraft\runtime\java-runtime-beta\windows\java-runtime-beta\bin\javaw.exe
0x00007fff42030000 - 0x00007fff42228000 	C:\Windows\SYSTEM32\ntdll.dll
0x00007fff400e0000 - 0x00007fff4019d000 	C:\Windows\System32\KERNEL32.DLL
0x00007fff3fd90000 - 0x00007fff40086000 	C:\Windows\System32\KERNELBASE.dll
0x00007fff3fc00000 - 0x00007fff3fd00000 	C:\Windows\System32\ucrtbase.dll
0x00007fff3b5c0000 - 0x00007fff3b5d8000 	C:\Users\Genius\AppData\Roaming\.minecraft\runtime\java-runtime-beta\windows\java-runtime-beta\bin\jli.dll
0x00007fff3b5a0000 - 0x00007fff3b5bb000 	C:\Users\Genius\AppData\Roaming\.minecraft\runtime\java-runtime-beta\windows\java-runtime-beta\bin\VCRUNTIME140.dll
0x00007fff41150000 - 0x00007fff412ee000 	C:\Windows\System32\USER32.dll
0x00007fff3f710000 - 0x00007fff3f732000 	C:\Windows\System32\win32u.dll
0x00007fff403d0000 - 0x00007fff403fc000 	C:\Windows\System32\GDI32.dll
0x00007fff3fa90000 - 0x00007fff3fbaa000 	C:\Windows\System32\gdi32full.dll
0x00007fff341f0000 - 0x00007fff3448a000 	C:\Windows\WinSxS\amd64_microsoft.windows.common-controls_6595b64144ccf1df_6.0.19041.1110_none_60b5254171f9507e\COMCTL32.dll
0x00007fff3f9f0000 - 0x00007fff3fa8d000 	C:\Windows\System32\msvcp_win.dll
0x00007fff405e0000 - 0x00007fff4067e000 	C:\Windows\System32\msvcrt.dll
0x00007fff40090000 - 0x00007fff400c0000 	C:\Windows\System32\IMM32.DLL
0x00007fff3b590000 - 0x00007fff3b59c000 	C:\Users\Genius\AppData\Roaming\.minecraft\runtime\java-runtime-beta\windows\java-runtime-beta\bin\vcruntime140_1.dll
0x00007fff32080000 - 0x00007fff3210d000 	C:\Users\Genius\AppData\Roaming\.minecraft\runtime\java-runtime-beta\windows\java-runtime-beta\bin\msvcp140.dll
0x00007fff142c0000 - 0x00007fff14f19000 	C:\Users\Genius\AppData\Roaming\.minecraft\runtime\java-runtime-beta\windows\java-runtime-beta\bin\server\jvm.dll
0x00007fff41f40000 - 0x00007fff41fee000 	C:\Windows\System32\ADVAPI32.dll
0x00007fff41750000 - 0x00007fff417ec000 	C:\Windows\System32\sechost.dll
0x00007fff40400000 - 0x00007fff40526000 	C:\Windows\System32\RPCRT4.dll
0x00007fff40210000 - 0x00007fff40218000 	C:\Windows\System32\PSAPI.DLL
0x00007fff3b490000 - 0x00007fff3b499000 	C:\Windows\SYSTEM32\WSOCK32.dll
0x00007fff33db0000 - 0x00007fff33dd7000 	C:\Windows\SYSTEM32\WINMM.dll
0x00007fff40f20000 - 0x00007fff40f8b000 	C:\Windows\System32\WS2_32.dll
0x00007fff39b10000 - 0x00007fff39b1a000 	C:\Windows\SYSTEM32\VERSION.dll
0x00007fff3d4e0000 - 0x00007fff3d4f2000 	C:\Windows\SYSTEM32\kernel.appcore.dll
0x00007fff3b580000 - 0x00007fff3b58a000 	C:\Users\Genius\AppData\Roaming\.minecraft\runtime\java-runtime-beta\windows\java-runtime-beta\bin\jimage.dll
0x00007fff344d0000 - 0x00007fff346b4000 	C:\Windows\SYSTEM32\DBGHELP.DLL
0x00007fff34490000 - 0x00007fff344c4000 	C:\Windows\SYSTEM32\dbgcore.DLL
0x00007fff3fd00000 - 0x00007fff3fd82000 	C:\Windows\System32\bcryptPrimitives.dll
0x00007fff32950000 - 0x00007fff32975000 	C:\Users\Genius\AppData\Roaming\.minecraft\runtime\java-runtime-beta\windows\java-runtime-beta\bin\java.dll
0x00007fff32930000 - 0x00007fff32948000 	C:\Users\Genius\AppData\Roaming\.minecraft\runtime\java-runtime-beta\windows\java-runtime-beta\bin\zip.dll
0x00007fff17060000 - 0x00007fff17136000 	C:\Users\Genius\AppData\Roaming\.minecraft\runtime\java-runtime-beta\windows\java-runtime-beta\bin\svml.dll
0x00007fff417f0000 - 0x00007fff41f35000 	C:\Windows\System32\SHELL32.dll
0x00007fff3d7c0000 - 0x00007fff3df5b000 	C:\Windows\SYSTEM32\windows.storage.dll
0x00007fff413f0000 - 0x00007fff41744000 	C:\Windows\System32\combase.dll
0x00007fff3f080000 - 0x00007fff3f0ae000 	C:\Windows\SYSTEM32\Wldp.dll
0x00007fff40680000 - 0x00007fff4072d000 	C:\Windows\System32\SHCORE.dll
0x00007fff41010000 - 0x00007fff41065000 	C:\Windows\System32\shlwapi.dll
0x00007fff3f640000 - 0x00007fff3f665000 	C:\Windows\SYSTEM32\profapi.dll
0x00007fff32060000 - 0x00007fff32079000 	C:\Users\Genius\AppData\Roaming\.minecraft\runtime\java-runtime-beta\windows\java-runtime-beta\bin\net.dll
0x00007fff39480000 - 0x00007fff3958a000 	C:\Windows\SYSTEM32\WINHTTP.dll
0x00007fff3ede0000 - 0x00007fff3ee4a000 	C:\Windows\system32\mswsock.dll
0x00007fff32040000 - 0x00007fff32056000 	C:\Users\Genius\AppData\Roaming\.minecraft\runtime\java-runtime-beta\windows\java-runtime-beta\bin\nio.dll
0x00007fff3b570000 - 0x00007fff3b580000 	C:\Users\Genius\AppData\Roaming\.minecraft\runtime\java-runtime-beta\windows\java-runtime-beta\bin\verify.dll
0x00007fff322c0000 - 0x00007fff322c9000 	C:\Users\Genius\AppData\Roaming\.minecraft\runtime\java-runtime-beta\windows\java-runtime-beta\bin\management.dll
0x00007fff32030000 - 0x00007fff3203b000 	C:\Users\Genius\AppData\Roaming\.minecraft\runtime\java-runtime-beta\windows\java-runtime-beta\bin\management_ext.dll
0x00007ffef0ac0000 - 0x00007ffef0ad7000 	C:\Windows\system32\napinsp.dll
0x00007ffef0390000 - 0x00007ffef03ab000 	C:\Windows\system32\pnrpnsp.dll
0x00007fff25ba0000 - 0x00007fff25bb5000 	C:\Windows\system32\wshbth.dll
0x00007fff3b470000 - 0x00007fff3b48d000 	C:\Windows\system32\NLAapi.dll
0x00007fff3ead0000 - 0x00007fff3eb0b000 	C:\Windows\SYSTEM32\IPHLPAPI.DLL
0x00007fff3eb10000 - 0x00007fff3ebda000 	C:\Windows\SYSTEM32\DNSAPI.dll
0x00007fff413e0000 - 0x00007fff413e8000 	C:\Windows\System32\NSI.dll
0x00007ffef6860000 - 0x00007ffef6872000 	C:\Windows\System32\winrnr.dll
0x00007fff38c60000 - 0x00007fff38ce2000 	C:\Windows\System32\fwpuclnt.dll
0x00007fff3f860000 - 0x00007fff3f887000 	C:\Windows\System32\bcrypt.dll
0x00007fff38400000 - 0x00007fff3840a000 	C:\Windows\System32\rasadhlp.dll
0x00007fff3efd0000 - 0x00007fff3efe8000 	C:\Windows\SYSTEM32\CRYPTSP.dll
0x00007fff3e6f0000 - 0x00007fff3e724000 	C:\Windows\system32\rsaenh.dll
0x00007fff3f5c0000 - 0x00007fff3f5ee000 	C:\Windows\SYSTEM32\USERENV.dll
0x00007fff3eff0000 - 0x00007fff3effc000 	C:\Windows\SYSTEM32\CRYPTBASE.dll
0x00007fff39ea0000 - 0x00007fff39eb7000 	C:\Windows\SYSTEM32\dhcpcsvc6.DLL
0x00007fff39e80000 - 0x00007fff39e9d000 	C:\Windows\SYSTEM32\dhcpcsvc.DLL
0x00007fff29ec0000 - 0x00007fff29f05000 	C:\Users\Genius\AppData\Local\Temp\jna-2129326999\jna17350038918051868992.dll
0x00007fff40c00000 - 0x00007fff40d2a000 	C:\Windows\System32\Ole32.dll
0x00007fff40530000 - 0x00007fff405d9000 	C:\Windows\System32\clbcatq.dll
0x00007fff40e50000 - 0x00007fff40f1d000 	C:\Windows\System32\OleAut32.dll
0x00007fff317f0000 - 0x00007fff3180f000 	C:\Windows\SYSTEM32\amsi.dll
0x00007fff2ca80000 - 0x00007fff2cafc000 	C:\ProgramData\Microsoft\Windows Defender\Platform\4.18.23090.2008-0\MpOav.dll
0x00007fff21430000 - 0x00007fff21479000 	C:\Windows\SYSTEM32\Pdh.dll
0x00007fff16e40000 - 0x00007fff16eb2000 	C:\Users\Genius\AppData\Roaming\.minecraft\versions\Create Overhaul\natives\lwjgl.dll
0x00007fff1c3a0000 - 0x00007fff1c3fe000 	C:\Users\Genius\AppData\Roaming\.minecraft\versions\Create Overhaul\natives\glfw.dll
0x00007fff3d0f0000 - 0x00007fff3d18e000 	C:\Windows\system32\uxtheme.dll
0x00007fff17460000 - 0x00007fff174a5000 	C:\Windows\SYSTEM32\dinput8.dll
0x00007fff26d30000 - 0x00007fff26d41000 	C:\Windows\SYSTEM32\xinput1_4.dll
0x00007fff3fbb0000 - 0x00007fff3fbfe000 	C:\Windows\System32\cfgmgr32.dll
0x00007fff3f450000 - 0x00007fff3f483000 	C:\Windows\SYSTEM32\DEVOBJ.dll
0x00007fff31480000 - 0x00007fff315d2000 	C:\Windows\SYSTEM32\inputhost.dll
0x00007fff3cd80000 - 0x00007fff3ce72000 	C:\Windows\SYSTEM32\CoreMessaging.dll
0x00007fff39a10000 - 0x00007fff39b06000 	C:\Windows\SYSTEM32\PROPSYS.dll
0x00007fff3b620000 - 0x00007fff3b775000 	C:\Windows\SYSTEM32\wintypes.dll
0x00007fff3c6a0000 - 0x00007fff3c9fe000 	C:\Windows\SYSTEM32\CoreUIComponents.dll
0x00007fff3e810000 - 0x00007fff3e843000 	C:\Windows\SYSTEM32\ntmarta.dll
0x00007fff3d4b0000 - 0x00007fff3d4df000 	C:\Windows\SYSTEM32\dwmapi.dll
0x00007fff40d30000 - 0x00007fff40e44000 	C:\Windows\System32\MSCTF.dll
0x00007fff3df60000 - 0x00007fff3df6d000 	C:\Windows\SYSTEM32\HID.DLL
0x00007fff40730000 - 0x00007fff40b9e000 	C:\Windows\System32\SETUPAPI.DLL
0x00007fff3f740000 - 0x00007fff3f7a7000 	C:\Windows\System32\WINTRUST.dll
0x00007fff3f890000 - 0x00007fff3f9ee000 	C:\Windows\System32\CRYPT32.dll
0x00007fff3f210000 - 0x00007fff3f222000 	C:\Windows\SYSTEM32\MSASN1.dll
0x00007ffef5870000 - 0x00007ffef5995000 	C:\Windows\SYSTEM32\opengl32.dll
0x00007fff2ae50000 - 0x00007fff2ae7c000 	C:\Windows\SYSTEM32\GLU32.dll
0x0000000064640000 - 0x000000006687d000 	C:\Windows\System32\DriverStore\FileRepository\nv_ref_pubwu.inf_amd64_708ec8f9a4d134c6\nvoglv64.dll
0x00007fff3ae10000 - 0x00007fff3ae24000 	C:\Windows\SYSTEM32\WTSAPI32.dll
0x00007fff2fcf0000 - 0x00007fff2fd2b000 	C:\Windows\SYSTEM32\dxcore.dll
0x00007fff3f570000 - 0x00007fff3f5bb000 	C:\Windows\SYSTEM32\powrprof.dll
0x00007fff3f550000 - 0x00007fff3f562000 	C:\Windows\SYSTEM32\UMPDC.dll
0x00007fff3f230000 - 0x00007fff3f28b000 	C:\Windows\SYSTEM32\WINSTA.dll
0x00007fff327a0000 - 0x00007fff3289a000 	C:\Windows\SYSTEM32\textinputframework.dll
0x00007fff16de0000 - 0x00007fff16e38000 	C:\Users\Genius\AppData\Roaming\.minecraft\versions\Create Overhaul\natives\lwjgl_opengl.dll
0x00007fff16d60000 - 0x00007fff16ddf000 	C:\Users\Genius\AppData\Roaming\.minecraft\versions\Create Overhaul\natives\lwjgl_stb.dll
0x00007fff2fd60000 - 0x00007fff2fe0e000 	C:\Windows\SYSTEM32\mscms.dll
0x00007fff2fd40000 - 0x00007fff2fd51000 	C:\Windows\SYSTEM32\ColorAdapterClient.dll
0x00007ffef88e0000 - 0x00007ffef8923000 	C:\Windows\SYSTEM32\icm32.dll
0x00007fff28080000 - 0x00007fff2808d000 	C:\Users\Genius\AppData\Roaming\.minecraft\runtime\java-runtime-beta\windows\java-runtime-beta\bin\sunmscapi.dll
0x00007fff3f0f0000 - 0x00007fff3f118000 	C:\Windows\SYSTEM32\ncrypt.dll
0x00007fff3f0b0000 - 0x00007fff3f0eb000 	C:\Windows\SYSTEM32\NTASN1.dll
0x00007fff14130000 - 0x00007fff142be000 	C:\Users\Genius\AppData\Roaming\.minecraft\runtime\java-runtime-beta\windows\java-runtime-beta\bin\awt.dll
0x00007fff3cff0000 - 0x00007fff3d081000 	C:\Windows\SYSTEM32\apphelp.dll
0x00007fff16c40000 - 0x00007fff16d54000 	C:\Users\Genius\AppData\Roaming\.minecraft\versions\Create Overhaul\natives\OpenAL.dll
0x00007fff39590000 - 0x00007fff39615000 	C:\Windows\System32\MMDevApi.dll
0x00007fff29ea0000 - 0x00007fff29eba000 	C:\Users\Genius\AppData\Roaming\.minecraft\versions\Create Overhaul\natives\SAPIWrapper_x64.dll
0x00007fff13fa0000 - 0x00007fff14126000 	C:\Windows\System32\Speech\Common\sapi.dll
0x00007fff29e80000 - 0x00007fff29e9e000 	C:\Windows\SYSTEM32\MSACM32.dll
0x00007fff1ddd0000 - 0x00007fff1dddb000 	C:\Windows\SYSTEM32\msdmo.dll
0x00007fff1cc50000 - 0x00007fff1cc76000 	C:\Windows\SYSTEM32\winmmbase.dll
0x00007fff29e70000 - 0x00007fff29e77000 	C:\Windows\system32\wshunix.dll
0x00007fff24df0000 - 0x00007fff24f72000 	C:\Windows\SYSTEM32\AUDIOSES.DLL
0x00007fff3d1d0000 - 0x00007fff3d1e4000 	C:\Windows\SYSTEM32\resourcepolicyclient.dll
0x00007fff36cc0000 - 0x00007fff36ead000 	C:\Windows\system32\urlmon.dll
0x00007fff35af0000 - 0x00007fff35dac000 	C:\Windows\SYSTEM32\iertutil.dll
0x00007fff36310000 - 0x00007fff36339000 	C:\Windows\SYSTEM32\srvcli.dll
0x00007fff3ebe0000 - 0x00007fff3ebec000 	C:\Windows\SYSTEM32\netutils.dll
0x00007fff23420000 - 0x00007fff23487000 	C:\Users\Genius\AppData\Local\Temp\libgdxGenius\14eeafe7\KrunchJni64.dll
0x00007fff2d350000 - 0x00007fff2d3fc000 	C:\Windows\SYSTEM32\TextShaping.dll

dbghelp: loaded successfully - version: 4.0.5 - missing functions: none
symbol engine: initialized successfully - sym options: 0x614 - pdb path: .;C:\Users\Genius\AppData\Roaming\.minecraft\runtime\java-runtime-beta\windows\java-runtime-beta\bin;C:\Windows\SYSTEM32;C:\Windows\WinSxS\amd64_microsoft.windows.common-controls_6595b64144ccf1df_6.0.19041.1110_none_60b5254171f9507e;C:\Users\Genius\AppData\Roaming\.minecraft\runtime\java-runtime-beta\windows\java-runtime-beta\bin\server;C:\Users\Genius\AppData\Local\Temp\jna-2129326999;C:\ProgramData\Microsoft\Windows Defender\Platform\4.18.23090.2008-0;C:\Users\Genius\AppData\Roaming\.minecraft\versions\Create Overhaul\natives;C:\Windows\System32\DriverStore\FileRepository\nv_ref_pubwu.inf_amd64_708ec8f9a4d134c6;C:\Windows\System32\Speech\Common;C:\Users\Genius\AppData\Local\Temp\libgdxGenius\14eeafe7

VM Arguments:
jvm_args: -Dos.name=Windows 10 -Dos.version=10.0 -XX:HeapDumpPath=MojangTricksIntelDriversForPerformance_javaw.exe_minecraft.exe.heapdump -Xss1M -Djava.library.path=C:\Users\Genius\AppData\Roaming\.minecraft\versions\Create Overhaul\natives -Dminecraft.launcher.brand=minecraft-launcher -Dminecraft.launcher.version=2.3.173 -Djava.net.preferIPv6Addresses=system -DignoreList=bootstraplauncher,securejarhandler,asm-commons,asm-util,asm-analysis,asm-tree,asm,JarJarFileSystems,client-extra,fmlcore,javafmllanguage,lowcodelanguage,mclanguage,forge-,Create Overhaul.jar -DmergeModules=jna-5.10.0.jar,jna-platform-5.10.0.jar,java-objc-bridge-1.0.0.jar -DlibraryDirectory=C:\Users\Genius\AppData\Roaming\.minecraft\libraries --module-path=C:\Users\Genius\AppData\Roaming\.minecraft\libraries/cpw/mods/bootstraplauncher/1.0.0/bootstraplauncher-1.0.0.jar;C:\Users\Genius\AppData\Roaming\.minecraft\libraries/cpw/mods/securejarhandler/1.0.8/securejarhandler-1.0.8.jar;C:\Users\Genius\AppData\Roaming\.minecraft\libraries/org/ow2/asm/asm-commons/9.5/asm-commons-9.5.jar;C:\Users\Genius\AppData\Roaming\.minecraft\libraries/org/ow2/asm/asm-util/9.5/asm-util-9.5.jar;C:\Users\Genius\AppData\Roaming\.minecraft\libraries/org/ow2/asm/asm-analysis/9.5/asm-analysis-9.5.jar;C:\Users\Genius\AppData\Roaming\.minecraft\libraries/org/ow2/asm/asm-tree/9.5/asm-tree-9.5.jar;C:\Users\Genius\AppData\Roaming\.minecraft\libraries/org/ow2/asm/asm/9.5/asm-9.5.jar;C:\Users\Genius\AppData\Roaming\.minecraft\libraries/net/minecraftforge/JarJarFileSystems/0.3.19/JarJarFileSystems-0.3.19.jar --add-modules=ALL-MODULE-PATH --add-opens=java.base/java.util.jar=cpw.mods.securejarhandler --add-opens=java.base/java.lang.invoke=cpw.mods.securejarhandler --add-exports=java.base/sun.security.util=cpw.mods.securejarhandler --add-exports=jdk.naming.dns/com.sun.jndi.dns=java.naming -Xmx4093M -XX:+UnlockExperimentalVMOptions -XX:+UseG1GC -XX:G1NewSizePercent=20 -XX:G1ReservePercent=20 -XX:MaxGCPauseMillis=50 -XX:G1HeapRegionSize=32M -Dfml.ignoreInvalidMinecraftCertificates=true -Dfml.ignorePatchDiscrepancies=true -Djava.net.preferIPv4Stack=true -Dminecraft.applet.TargetDirectory=C:\Users\Genius\AppData\Roaming\.minecraft\versions\Create Overhaul -Dlog4j.configurationFile=C:\Users\Genius\AppData\Roaming\.minecraft\assets\log_configs\client-1.12.xml -DLibLoader.modsFolder=C:\Users\Genius\AppData\Roaming\.minecraft\versions\Create Overhaul\mods 
java_command: cpw.mods.bootstraplauncher.BootstrapLauncher --username Yurm_ --version Create Overhaul --gameDir C:\Users\Genius\AppData\Roaming\.minecraft\versions\Create Overhaul --assetsDir C:\Users\Genius\AppData\Roaming\.minecraft\assets --assetIndex 1.18 --uuid 4ed6df9b755d4521bb0a7c6049c9716f --accessToken null --clientId ${clientid} --xuid ${auth_xuid} --userType mojang --versionType release --width 925 --height 530 --launchTarget forgeclient --fml.forgeVersion 40.2.9 --fml.mcVersion 1.18.2 --fml.forgeGroup net.minecraftforge --fml.mcpVersion 20220404.173914
java_class_path (initial): C:\Users\Genius\AppData\Roaming\.minecraft\libraries\cpw\mods\securejarhandler\1.0.8\securejarhandler-1.0.8.jar;C:\Users\Genius\AppData\Roaming\.minecraft\libraries\org\ow2\asm\asm\9.5\asm-9.5.jar;C:\Users\Genius\AppData\Roaming\.minecraft\libraries\org\ow2\asm\asm-commons\9.5\asm-commons-9.5.jar;C:\Users\Genius\AppData\Roaming\.minecraft\libraries\org\ow2\asm\asm-tree\9.5\asm-tree-9.5.jar;C:\Users\Genius\AppData\Roaming\.minecraft\libraries\org\ow2\asm\asm-util\9.5\asm-util-9.5.jar;C:\Users\Genius\AppData\Roaming\.minecraft\libraries\org\ow2\asm\asm-analysis\9.5\asm-analysis-9.5.jar;C:\Users\Genius\AppData\Roaming\.minecraft\libraries\net\minecraftforge\accesstransformers\8.0.4\accesstransformers-8.0.4.jar;C:\Users\Genius\AppData\Roaming\.minecraft\libraries\org\antlr\antlr4-runtime\4.9.1\antlr4-runtime-4.9.1.jar;C:\Users\Genius\AppData\Roaming\.minecraft\libraries\net\minecraftforge\eventbus\5.0.3\eventbus-5.0.3.jar;C:\Users\Genius\AppData\Roaming\.minecraft\libraries\net\minecraftforge\forgespi\4.0.15-4.x\forgespi-4.0.15-4.x.jar;C:\Users\Genius\AppData\Roaming\.minecraft\libraries\net\minecraftforge\coremods\5.0.1\coremods-5.0.1.jar;C:\Users\Genius\AppData\Roaming\.minecraft\libraries\cpw\mods\modlauncher\9.1.3\modlauncher-9.1.3.jar;C:\Users\Genius\AppData\Roaming\.minecraft\libraries\net\minecraftforge\unsafe\0.2.0\unsafe-0.2.0.jar;C:\Users\Genius\AppData\Roaming\.minecraft\libraries\com\electronwill\night-config\core\3.6.4\core-3.6.4.jar;C:\Users\Genius\AppData\Roaming\.minecraft\libraries\com\electronwill\night-config\toml\3.6.4\toml-3.6.4.jar;C:\Users\Genius\AppData\Roaming\.minecraft\libraries\org\apache\maven\maven-artifact\3.6.3\maven-artifact-3.6.3.jar;C:\Users\Genius\AppData\Roaming\.minecraft\libraries\net\jodah\typetools\0.8.3\typetools-0.8.3.jar;C:\Users\Genius\AppData\Roaming\.minecraft\libraries\net\minecrell\terminalconsoleappender\1.2.0\terminalconsoleappender-1.2.0.jar;C:\Users\Genius\AppData\Roaming\.minecraft\librar
Launcher Type: SUN_STANDARD

[Global flags]
     intx CICompilerCount                          = 3                                         {product} {ergonomic}
     uint ConcGCThreads                            = 1                                         {product} {ergonomic}
     uint G1ConcRefinementThreads                  = 4                                         {product} {ergonomic}
     uint G1EagerReclaimRemSetThreshold            = 256                                  {experimental} {ergonomic}
   size_t G1HeapRegionSize                         = 33554432                                  {product} {command line}
    uintx G1NewSizePercent                         = 20                                   {experimental} {command line}
    uintx G1ReservePercent                         = 20                                        {product} {command line}
    uintx GCDrainStackTargetSize                   = 64                                        {product} {ergonomic}
    ccstr HeapDumpPath                             = MojangTricksIntelDriversForPerformance_javaw.exe_minecraft.exe.heapdump         {manageable} {command line}
   size_t InitialHeapSize                          = 100663296                                 {product} {ergonomic}
   size_t MarkStackSize                            = 4194304                                   {product} {ergonomic}
    uintx MaxGCPauseMillis                         = 50                                        {product} {command line}
   size_t MaxHeapSize                              = 4294967296                                {product} {command line, ergonomic}
   size_t MaxNewSize                               = 2550136832                                {product} {ergonomic}
   size_t MinHeapDeltaBytes                        = 33554432                                  {product} {ergonomic}
   size_t MinHeapSize                              = 33554432                                  {product} {ergonomic}
    uintx NonNMethodCodeHeapSize                   = 5832780                                {pd product} {ergonomic}
    uintx NonProfiledCodeHeapSize                  = 122912730                              {pd product} {ergonomic}
    uintx ProfiledCodeHeapSize                     = 122912730                              {pd product} {ergonomic}
    uintx ReservedCodeCacheSize                    = 251658240                              {pd product} {ergonomic}
     bool SegmentedCodeCache                       = true                                      {product} {ergonomic}
   size_t SoftMaxHeapSize                          = 4294967296                             {manageable} {ergonomic}
     intx ThreadStackSize                          = 1024                                   {pd product} {command line}
     bool UnlockExperimentalVMOptions              = true                                 {experimental} {command line}
     bool UseCompressedClassPointers               = true                           {product lp64_product} {ergonomic}
     bool UseCompressedOops                        = true                           {product lp64_product} {ergonomic}
     bool UseG1GC                                  = true                                      {product} {command line}
     bool UseLargePagesIndividualAllocation        = false                                  {pd product} {ergonomic}

Logging:
Log output configuration:
 #0: stdout all=warning uptime,level,tags
 #1: stderr all=off uptime,level,tags

Environment Variables:
PATH=C:\Program Files (x86)\Common Files\Oracle\Java\javapath;C:\ProgramData\Oracle\Java\javapath;C:\Windows\system32;C:\Windows;C:\Windows\System32\Wbem;C:\Windows\System32\WindowsPowerShell\v1.0\;C:\Windows\System32\OpenSSH\;C:\Program Files\Git\cmd;C:\Users\Genius\AppData\Local\Microsoft\WindowsApps;C:\Users\Genius\AppData\Local\Programs\Microsoft VS Code\bin;C:\Users\Genius\AppData\Local\GitHubDesktop\bin;C:\Program Files\Java\jre1.8.0_341\bin
USERNAME=Genius
OS=Windows_NT
PROCESSOR_IDENTIFIER=AMD64 Family 16 Model 5 Stepping 2, AuthenticAMD



---------------  S Y S T E M  ---------------

OS:
 Windows 10 , 64 bit Build 19041 (10.0.19041.3393)
OS uptime: 0 days 1:07 hours

CPU: total 4 (initial active 4) (4 cores per cpu, 1 threads per core) family 16 model 5 stepping 2 microcode 0x0, cx8, cmov, fxsr, mmx, 3dnowpref, sse, sse2, sse3, sse4a, popcnt, lzcnt, tsc, tscinvbit, clflush

Memory: 4k page, system-wide physical 5117M (258M free)
TotalPageFile size 20309M (AvailPageFile size 2M)
current process WorkingSet (physical memory assigned to process): 2551M, peak: 3469M
current process commit charge ("private bytes"): 14988M, peak: 14988M

vm_info: OpenJDK 64-Bit Server VM (17.0.1+12-LTS) for windows-amd64 JRE (17.0.1+12-LTS), built on Oct 20 2021 22:41:43 by "" with MS VC++ 16.10 / 16.11 (VS2019)

END.
