#
# A fatal error has been detected by the Java Runtime Environment:
#
#  EXCEPTION_UNCAUGHT_CXX_EXCEPTION (0xe06d7363) at pc=0x00007fff3fdbcf19, pid=7464, tid=10316
#
# JRE version: OpenJDK Runtime Environment Microsoft-28056 (17.0.1+12) (build 17.0.1+12-LTS)
# Java VM: OpenJDK 64-Bit Server VM Microsoft-28056 (17.0.1+12-LTS, mixed mode, tiered, compressed oops, compressed class ptrs, g1 gc, windows-amd64)
# Problematic frame:
# C  [KERNELBASE.dll+0x2cf19]
#
# No core dump will be written. Minidumps are not enabled by default on client versions of Windows
#
# If you would like to submit a bug report, please visit:
#   https://github.com/microsoft/openjdk/issues
# The crash happened outside the Java Virtual Machine in native code.
# See problematic frame for where to report the bug.
#

---------------  S U M M A R Y ------------

Command Line: -Dos.name=Windows 10 -Dos.version=10.0 -XX:HeapDumpPath=MojangTricksIntelDriversForPerformance_javaw.exe_minecraft.exe.heapdump -Xss1M -Djava.library.path=C:\Users\Genius\AppData\Roaming\.minecraft\versions\Create Overhaul\natives -Dminecraft.launcher.brand=minecraft-launcher -Dminecraft.launcher.version=2.3.173 -Djava.net.preferIPv6Addresses=system -DignoreList=bootstraplauncher,securejarhandler,asm-commons,asm-util,asm-analysis,asm-tree,asm,JarJarFileSystems,client-extra,fmlcore,javafmllanguage,lowcodelanguage,mclanguage,forge-,Create Overhaul.jar -DmergeModules=jna-5.10.0.jar,jna-platform-5.10.0.jar,java-objc-bridge-1.0.0.jar -DlibraryDirectory=C:\Users\Genius\AppData\Roaming\.minecraft\libraries --module-path=C:\Users\Genius\AppData\Roaming\.minecraft\libraries/cpw/mods/bootstraplauncher/1.0.0/bootstraplauncher-1.0.0.jar;C:\Users\Genius\AppData\Roaming\.minecraft\libraries/cpw/mods/securejarhandler/1.0.8/securejarhandler-1.0.8.jar;C:\Users\Genius\AppData\Roaming\.minecraft\libraries/org/ow2/asm/asm-commons/9.5/asm-commons-9.5.jar;C:\Users\Genius\AppData\Roaming\.minecraft\libraries/org/ow2/asm/asm-util/9.5/asm-util-9.5.jar;C:\Users\Genius\AppData\Roaming\.minecraft\libraries/org/ow2/asm/asm-analysis/9.5/asm-analysis-9.5.jar;C:\Users\Genius\AppData\Roaming\.minecraft\libraries/org/ow2/asm/asm-tree/9.5/asm-tree-9.5.jar;C:\Users\Genius\AppData\Roaming\.minecraft\libraries/org/ow2/asm/asm/9.5/asm-9.5.jar;C:\Users\Genius\AppData\Roaming\.minecraft\libraries/net/minecraftforge/JarJarFileSystems/0.3.19/JarJarFileSystems-0.3.19.jar --add-modules=ALL-MODULE-PATH --add-opens=java.base/java.util.jar=cpw.mods.securejarhandler --add-opens=java.base/java.lang.invoke=cpw.mods.securejarhandler --add-exports=java.base/sun.security.util=cpw.mods.securejarhandler --add-exports=jdk.naming.dns/com.sun.jndi.dns=java.naming -Xmx4093M -XX:+UnlockExperimentalVMOptions -XX:+UseG1GC -XX:G1NewSizePercent=20 -XX:G1ReservePercent=20 -XX:MaxGCPauseMillis=50 -XX:G1HeapRegionSize=32M -Dfml.ignoreInvalidMinecraftCertificates=true -Dfml.ignorePatchDiscrepancies=true -Djava.net.preferIPv4Stack=true -Dminecraft.applet.TargetDirectory=C:\Users\Genius\AppData\Roaming\.minecraft\versions\Create Overhaul -Dlog4j.configurationFile=C:\Users\Genius\AppData\Roaming\.minecraft\assets\log_configs\client-1.12.xml -DLibLoader.modsFolder=C:\Users\Genius\AppData\Roaming\.minecraft\versions\Create Overhaul\mods cpw.mods.bootstraplauncher.BootstrapLauncher --username Yurm_ --version Create Overhaul --gameDir C:\Users\Genius\AppData\Roaming\.minecraft\versions\Create Overhaul --assetsDir C:\Users\Genius\AppData\Roaming\.minecraft\assets --assetIndex 1.18 --uuid 4ed6df9b755d4521bb0a7c6049c9716f --accessToken null --clientId ${clientid} --xuid ${auth_xuid} --userType mojang --versionType release --width 925 --height 530 --launchTarget forgeclient --fml.forgeVersion 40.2.9 --fml.mcVersion 1.18.2 --fml.forgeGroup net.minecraftforge --fml.mcpVersion 20220404.173914

Host: AMD Athlon(tm) II X4 620 Processor, 4 cores, 4G,  Windows 10 , 64 bit Build 19041 (10.0.19041.3393)
Time: Sun Oct  8 14:51:49 2023 Közép-európai nyári iduild 19041 (10.0.19041.3393) elapsed time: 4716.734934 seconds (0d 1h 18m 36s)

---------------  T H R E A D  ---------------

Current thread (0x00000151647eed60):  JavaThread "Physics thread" [_thread_in_native, id=10316, stack(0x0000000db4100000,0x0000000db4200000)]

Stack: [0x0000000db4100000,0x0000000db4200000],  sp=0x0000000db41fe880,  free space=1018k
Native frames: (J=compiled Java code, j=interpreted, Vv=VM code, C=native code)
C  [KERNELBASE.dll+0x2cf19]
C  [VCRUNTIME140.dll+0x6480]
C  [KrunchJni64.dll+0x52d53]

Java frames: (J=compiled Java code, j=interpreted, Vv=VM code)
J 38367  org.valkyrienskies.physics_api_krunch.KrunchNativePhysicsWorldReference.tick(JDDDDZ)V valkyrienskies@2.1.0-beta.12 (0 bytes) @ 0x0000014f28080587 [0x0000014f28080520+0x0000000000000067]
J 46784 c2 org.valkyrienskies.core.impl.pipelines.VSPhysicsPipelineStage.tickPhysics(Lorg/joml/Vector3dc;DZ)Lorg/valkyrienskies/core/impl/pipelines/VSPhysicsFrame; valkyrienskies@2.1.0-beta.12 (390 bytes) @ 0x0000014f28b68f28 [0x0000014f28b681a0+0x0000000000000d88]
J 59195 c2 org.valkyrienskies.core.impl.pipelines.VSPipelineImpl.tickPhysics(Lorg/joml/Vector3dc;D)V valkyrienskies@2.1.0-beta.12 (59 bytes) @ 0x0000014f29f9a928 [0x0000014f29f9a8c0+0x0000000000000068]
J 60856 c1 org.valkyrienskies.core.impl.pipelines.VSPhysicsPipelineBackgroundTask.run()V valkyrienskies@2.1.0-beta.12 (371 bytes) @ 0x0000014f22db08b4 [0x0000014f22dafe00+0x0000000000000ab4]
j  org.valkyrienskies.core.impl.pipelines.VSPipelineImpl$physicsThread$1.invoke()V+7 valkyrienskies@2.1.0-beta.12
j  org.valkyrienskies.core.impl.pipelines.VSPipelineImpl$physicsThread$1.invoke()Ljava/lang/Object;+1 valkyrienskies@2.1.0-beta.12
j  kotlin.concurrent.ThreadsKt$thread$thread$1.run()V+4 thedarkcolour.kotlinforforge@3.12.0-all
v  ~StubRoutines::call_stub

siginfo: EXCEPTION_UNCAUGHT_CXX_EXCEPTION (0xe06d7363), ExceptionInformation=0x0000000019930520 0x0000000db41fe9e0 0x00007fff18ad0720 0x00007fff18a70000 


Register to memory mapping:

RIP=0x00007fff3fdbcf19 KERNELBASE.dll
RAX=0x00000000feeefeee is an unknown value
RBX=0x00007fff18ad0720 KrunchJni64.dll
RCX=0x0 is NULL
RDX=0x00000000000000af is an unknown value
RSP=0x0000000db41fe880 is pointing into the stack for thread: 0x00000151647eed60
RBP=0x0000000db41feac0 is pointing into the stack for thread: 0x00000151647eed60
RSI=0x0000000db41fe9e0 is pointing into the stack for thread: 0x00000151647eed60
RDI=0x0000000019930520 is an unknown value
R8 =0x00000151b1a30000 points into unknown readable memory: 0x0000000000000000 | 00 00 00 00 00 00 00 00
R9 =0x00000151b1a74001 points into unknown readable memory: 00 00 00 00 00 00 00
R10=0x00000000000001fc is an unknown value
R11=0x00000000000003f8 is an unknown value
R12=0x0000000db41feb18 is pointing into the stack for thread: 0x00000151647eed60
R13=0x0000000db41feaf8 is pointing into the stack for thread: 0x00000151647eed60
R14=0x0000014f69989f18 points into unknown readable memory: 0x000001519f8085e0 | e0 85 80 9f 51 01 00 00
R15=0x00000151b30e1dd0 points into unknown readable memory: 0x0000000000000000 | 00 00 00 00 00 00 00 00


Registers:
RAX=0x00000000feeefeee, RBX=0x00007fff18ad0720, RCX=0x0000000000000000, RDX=0x00000000000000af
RSP=0x0000000db41fe880, RBP=0x0000000db41feac0, RSI=0x0000000db41fe9e0, RDI=0x0000000019930520
R8 =0x00000151b1a30000, R9 =0x00000151b1a74001, R10=0x00000000000001fc, R11=0x00000000000003f8
R12=0x0000000db41feb18, R13=0x0000000db41feaf8, R14=0x0000014f69989f18, R15=0x00000151b30e1dd0
RIP=0x00007fff3fdbcf19, EFLAGS=0x0000000000000202

Top of Stack: (sp=0x0000000db41fe880)
0x0000000db41fe880:   00000002b41feb18 00007fff18ad0720
0x0000000db41fe890:   0000000db41fe9e0 0000000000000000
0x0000000db41fe8a0:   00000001e06d7363 0000000000000000
0x0000000db41fe8b0:   00007fff3fdbcf19 0000014f00000004
0x0000000db41fe8c0:   0000000019930520 0000000db41fe9e0
0x0000000db41fe8d0:   00007fff18ad0720 00007fff18a70000
0x0000000db41fe8e0:   0000000db41feaf8 0000000db41feb18
0x0000000db41fe8f0:   0000000db41fe9e0 0000000db41feac0
0x0000000db41fe900:   0000000db41fe980 00007fff42064a5f
0x0000000db41fe910:   0000000019930520 0000000000000000
0x0000000db41fe920:   0000000000000000 00007fff420807c0
0x0000000db41fe930:   00007fff18ad2000 00007fff18a70000
0x0000000db41fe940:   000007c99cf12263 00007fff3fde0e7b
0x0000000db41fe950:   00007fff18ad0720 00007fff29d46480
0x0000000db41fe960:   000005528eee0ec4 0000000000000001
0x0000000db41fe970:   0000000000000008 00007fff3fc039ce 

Instructions: (pc=0x00007fff3fdbcf19)
0x00007fff3fdbce19:   09 00 48 8b 84 24 b8 00 00 00 48 8b 8c 24 b0 05
0x00007fff3fdbce29:   00 00 48 33 cc e8 ed 86 06 00 48 81 c4 c0 05 00
0x00007fff3fdbce39:   00 41 5f 41 5e 41 5d 5e 5b c3 cc 48 ff 15 ad 7f
0x00007fff3fdbce49:   1b 00 0f 1f 44 00 00 eb b0 cc cc cc cc cc cc cc
0x00007fff3fdbce59:   cc cc cc cc cc cc cc 40 53 48 83 ec 30 48 8b d1
0x00007fff3fdbce69:   48 8d 4c 24 20 e8 5d 23 00 00 85 c0 74 26 48 8b
0x00007fff3fdbce79:   4c 24 28 e8 ef 38 00 00 48 8d 4c 24 20 8b d8 48
0x00007fff3fdbce89:   ff 15 b1 79 1b 00 0f 1f 44 00 00 8b c3 48 83 c4
0x00007fff3fdbce99:   30 5b c3 cc 83 c8 ff eb f4 cc cc cc cc cc cc cc
0x00007fff3fdbcea9:   cc cc cc cc cc cc cc 48 81 ec d8 00 00 00 48 8b
0x00007fff3fdbceb9:   05 e2 9f 28 00 48 33 c4 48 89 84 24 c0 00 00 00
0x00007fff3fdbcec9:   48 83 64 24 28 00 48 8d 05 da ff ff ff 83 e2 01
0x00007fff3fdbced9:   89 4c 24 20 89 54 24 24 48 89 44 24 30 4d 85 c9
0x00007fff3fdbcee9:   74 4c b8 0f 00 00 00 48 8d 4c 24 40 44 3b c0 49
0x00007fff3fdbcef9:   8b d1 44 0f 47 c0 44 89 44 24 38 49 c1 e0 03 e8
0x00007fff3fdbcf09:   ea 91 08 00 48 8d 4c 24 20 48 ff 15 ff 80 1b 00
0x00007fff3fdbcf19:   0f 1f 44 00 00 48 8b 8c 24 c0 00 00 00 48 33 cc
0x00007fff3fdbcf29:   e8 f2 85 06 00 48 81 c4 d8 00 00 00 c3 cc 83 64
0x00007fff3fdbcf39:   24 38 00 eb cf cc cc cc cc cc cc cc cc cc cc cc
0x00007fff3fdbcf49:   cc cc cc cc cc cc cc 65 48 8b 04 25 30 00 00 00
0x00007fff3fdbcf59:   8b 40 68 c3 cc cc cc cc cc cc cc cc cc cc cc cc
0x00007fff3fdbcf69:   cc cc cc cc cc cc cc 48 89 5c 24 10 48 89 74 24
0x00007fff3fdbcf79:   18 57 41 54 41 55 41 56 41 57 48 81 ec b0 02 00
0x00007fff3fdbcf89:   00 48 8b 05 0f 9f 28 00 48 33 c4 48 89 84 24 a0
0x00007fff3fdbcf99:   02 00 00 48 8d 15 0f e6 1b 00 48 85 c9 48 0f 45
0x00007fff3fdbcfa9:   d1 48 89 94 24 80 00 00 00 48 83 c8 ff 48 ff c0
0x00007fff3fdbcfb9:   80 3c 02 00 75 f7 48 ff c0 48 89 84 24 88 00 00
0x00007fff3fdbcfc9:   00 48 89 94 24 90 00 00 00 4c 8d 8c 24 88 00 00
0x00007fff3fdbcfd9:   00 33 d2 b9 06 00 01 40 44 8d 42 02 e8 c6 fe ff
0x00007fff3fdbcfe9:   ff e9 f0 01 00 00 33 f6 48 89 74 24 60 45 33 ff
0x00007fff3fdbcff9:   4c 89 7c 24 48 45 33 f6 4c 89 74 24 58 33 ff 48
0x00007fff3fdbd009:   89 7c 24 50 e8 3e ff ff ff 89 44 24 40 48 39 35 


Stack slot to memory mapping:
stack at sp + 0 slots: 0x00000002b41feb18 is an unknown value
stack at sp + 1 slots: 0x00007fff18ad0720 KrunchJni64.dll
stack at sp + 2 slots: 0x0000000db41fe9e0 is pointing into the stack for thread: 0x00000151647eed60
stack at sp + 3 slots: 0x0 is NULL
stack at sp + 4 slots: 0x00000001e06d7363 is an unknown value
stack at sp + 5 slots: 0x0 is NULL
stack at sp + 6 slots: 0x00007fff3fdbcf19 KERNELBASE.dll
stack at sp + 7 slots: 0x0000014f00000004 is an unknown value


---------------  P R O C E S S  ---------------

Threads class SMR info:
_java_thread_list=0x00000150b3983eb0, length=81, elements={
0x0000014f1bb51670, 0x0000014f39f31ea0, 0x0000014f39f28290, 0x0000014f39f7ea50,
0x0000014f39f80520, 0x0000014f39fad410, 0x0000014f39fadcd0, 0x0000014f39fae8c0,
0x0000014f3ac03580, 0x0000014f3ac08650, 0x0000014f1bc03e10, 0x0000014f3ae2d240,
0x0000014f3c639e50, 0x0000014f3c76a610, 0x0000014f3cfbbbc0, 0x0000014f3de1d2f0,
0x0000014f3de1b610, 0x0000014f3de1a7a0, 0x0000014f3de1ac70, 0x0000014f462bd8b0,
0x0000014f462b6530, 0x0000014f462b73a0, 0x0000014f462ba890, 0x0000014f462b8bb0,
0x0000014f68483850, 0x0000014f68483d20, 0x0000014f684829e0, 0x0000014f6b25fdd0,
0x0000014f6b25f900, 0x0000014f6b263790, 0x0000014f6b260c40, 0x0000014f6b265940,
0x0000014f671fb930, 0x0000014f671faf90, 0x0000014f671fd140, 0x0000014f67200160,
0x0000014f671fcc70, 0x0000014f6b262920, 0x0000014f6b25f430, 0x0000014f684841f0,
0x0000014f68484b90, 0x0000014f68485a00, 0x0000014f3cfb86d0, 0x0000014f3cfb8ba0,
0x0000014fc7b349e0, 0x0000014fc7b319c0, 0x0000014fc7b31e90, 0x0000014fc7b34510,
0x0000014fc7b331d0, 0x0000014f6b2615e0, 0x0000014f671faac0, 0x0000014f671fbe00,
0x0000014f6b264130, 0x0000014f68485060, 0x0000014fc7b32830, 0x0000014f6b264600,
0x00000150b1307b40, 0x00000150b1304180, 0x00000150b1309350, 0x00000150b1308010,
0x00000150b1302e40, 0x0000014f462bc0a0, 0x0000014f462b7870, 0x00000150b1304ff0,
0x00000150b1306800, 0x00000150b1301fd0, 0x0000014f5daadb50, 0x00000151647f2250,
0x00000151647f2bf0, 0x00000151647f4400, 0x00000151647f5c10, 0x00000151647ef700,
0x00000151647efbd0, 0x00000151647f1d80, 0x00000151647ee3c0, 0x00000151647ee890,
0x00000151647eed60, 0x00000151647f0570, 0x00000151647f4da0, 0x00000151647f0a40,
0x00000151647f0f10
}

Java Threads: ( => current thread )
  0x0000014f1bb51670 JavaThread "Render thread" [_thread_in_native, id=6396, stack(0x0000000daec00000,0x0000000daed00000)]
  0x0000014f39f31ea0 JavaThread "Reference Handler" daemon [_thread_blocked, id=5696, stack(0x0000000daf300000,0x0000000daf400000)]
  0x0000014f39f28290 JavaThread "Finalizer" daemon [_thread_blocked, id=6324, stack(0x0000000daf400000,0x0000000daf500000)]
  0x0000014f39f7ea50 JavaThread "Signal Dispatcher" daemon [_thread_blocked, id=3260, stack(0x0000000daf500000,0x0000000daf600000)]
  0x0000014f39f80520 JavaThread "Attach Listener" daemon [_thread_blocked, id=1404, stack(0x0000000daf600000,0x0000000daf700000)]
  0x0000014f39fad410 JavaThread "Service Thread" daemon [_thread_blocked, id=456, stack(0x0000000daf700000,0x0000000daf800000)]
  0x0000014f39fadcd0 JavaThread "Monitor Deflation Thread" daemon [_thread_blocked, id=7492, stack(0x0000000daf800000,0x0000000daf900000)]
  0x0000014f39fae8c0 JavaThread "C2 CompilerThread0" daemon [_thread_blocked, id=9416, stack(0x0000000daf900000,0x0000000dafa00000)]
  0x0000014f3ac03580 JavaThread "C1 CompilerThread0" daemon [_thread_blocked, id=6988, stack(0x0000000dafa00000,0x0000000dafb00000)]
  0x0000014f3ac08650 JavaThread "Sweeper thread" daemon [_thread_blocked, id=2676, stack(0x0000000dafb00000,0x0000000dafc00000)]
  0x0000014f1bc03e10 JavaThread "Common-Cleaner" daemon [_thread_blocked, id=7868, stack(0x0000000dafc00000,0x0000000dafd00000)]
  0x0000014f3ae2d240 JavaThread "Notification Thread" daemon [_thread_blocked, id=1848, stack(0x0000000dafd00000,0x0000000dafe00000)]
  0x0000014f3c639e50 JavaThread "Thread-0" daemon [_thread_blocked, id=1676, stack(0x0000000db0300000,0x0000000db0400000)]
  0x0000014f3c76a610 JavaThread "FileSystemWatchService" daemon [_thread_in_native, id=1772, stack(0x0000000db0400000,0x0000000db0500000)]
  0x0000014f3cfbbbc0 JavaThread "Timer hack thread" daemon [_thread_blocked, id=4872, stack(0x0000000daff00000,0x0000000db0000000)]
  0x0000014f3de1d2f0 JavaThread "KubeJS Background Thread" daemon [_thread_blocked, id=3880, stack(0x0000000db1400000,0x0000000db1500000)]
  0x0000014f3de1b610 JavaThread "pool-4-thread-1" [_thread_blocked, id=5028, stack(0x0000000db1a00000,0x0000000db1b00000)]
  0x0000014f3de1a7a0 JavaThread "pool-6-thread-1" [_thread_blocked, id=8752, stack(0x0000000db1900000,0x0000000db1a00000)]
  0x0000014f3de1ac70 JavaThread "Java2D Disposer" daemon [_thread_blocked, id=5192, stack(0x0000000db1b00000,0x0000000db1c00000)]
  0x0000014f462bd8b0 JavaThread "Narrator" [_thread_blocked, id=7456, stack(0x0000000db1e00000,0x0000000db1f00000)]
  0x0000014f462b6530 JavaThread "FileSystemWatchService" daemon [_thread_in_native, id=7428, stack(0x0000000db1f00000,0x0000000db2000000)]
  0x0000014f462b73a0 JavaThread "JEI Config file watcher" [_thread_blocked, id=10172, stack(0x0000000db2000000,0x0000000db2100000)]
  0x0000014f462ba890 JavaThread "FileSystemWatchService" daemon [_thread_in_native, id=4548, stack(0x0000000db2600000,0x0000000db2700000)]
  0x0000014f462b8bb0 JavaThread "FileSystemWatchService" daemon [_thread_in_native, id=1320, stack(0x0000000db2700000,0x0000000db2800000)]
  0x0000014f68483850 JavaThread "pool-5-thread-1" [_thread_blocked, id=6844, stack(0x0000000db2c00000,0x0000000db2d00000)]
  0x0000014f68483d20 JavaThread "FileSystemWatchService" daemon [_thread_in_native, id=9792, stack(0x0000000db2a00000,0x0000000db2b00000)]
  0x0000014f684829e0 JavaThread "Physics thread" [_thread_blocked, id=8236, stack(0x0000000dae900000,0x0000000daea00000)]
  0x0000014f6b25fdd0 JavaThread "Netty Server IO #0" daemon [_thread_in_native, id=3184, stack(0x0000000db3200000,0x0000000db3300000)]
  0x0000014f6b25f900 JavaThread "Netty Local Client IO #0" daemon [_thread_blocked, id=5468, stack(0x0000000db3300000,0x0000000db3400000)]
  0x0000014f6b263790 JavaThread "Netty Server IO #1" daemon [_thread_in_native, id=9312, stack(0x0000000db3400000,0x0000000db3500000)]
  0x0000014f6b260c40 JavaThread "Flywheel 0" [_thread_blocked, id=2824, stack(0x0000000db3600000,0x0000000db3700000)]
  0x0000014f6b265940 JavaThread "Narrator" [_thread_blocked, id=5016, stack(0x0000000db3700000,0x0000000db3800000)]
  0x0000014f671fb930 JavaThread "FileSystemWatchService" daemon [_thread_in_native, id=8284, stack(0x0000000db1d00000,0x0000000db1e00000)]
  0x0000014f671faf90 JavaThread "Physics thread" [_thread_blocked, id=6272, stack(0x0000000db2b00000,0x0000000db2c00000)]
  0x0000014f671fd140 JavaThread "Netty Server IO #2" daemon [_thread_in_native, id=764, stack(0x0000000db0d00000,0x0000000db0e00000)]
  0x0000014f67200160 JavaThread "Netty Local Client IO #1" daemon [_thread_blocked, id=8060, stack(0x0000000db3000000,0x0000000db3100000)]
  0x0000014f671fcc70 JavaThread "Netty Server IO #3" daemon [_thread_in_native, id=8112, stack(0x0000000db3500000,0x0000000db3600000)]
  0x0000014f6b262920 JavaThread "FileSystemWatchService" daemon [_thread_in_native, id=6688, stack(0x0000000db0800000,0x0000000db0900000)]
  0x0000014f6b25f430 JavaThread "Physics thread" [_thread_blocked, id=9864, stack(0x0000000db1700000,0x0000000db1800000)]
  0x0000014f684841f0 JavaThread "Netty Server IO #4" daemon [_thread_in_native, id=7832, stack(0x0000000db2f00000,0x0000000db3000000)]
  0x0000014f68484b90 JavaThread "Netty Local Client IO #2" daemon [_thread_blocked, id=3684, stack(0x0000000db3100000,0x0000000db3200000)]
  0x0000014f68485a00 JavaThread "Netty Server IO #5" daemon [_thread_in_native, id=6752, stack(0x0000000db3800000,0x0000000db3900000)]
  0x0000014f3cfb86d0 JavaThread "FileSystemWatchService" daemon [_thread_in_native, id=928, stack(0x0000000db3b00000,0x0000000db3c00000)]
  0x0000014f3cfb8ba0 JavaThread "Physics thread" [_thread_blocked, id=2512, stack(0x0000000db3c00000,0x0000000db3d00000)]
  0x0000014fc7b349e0 JavaThread "Netty Server IO #6" daemon [_thread_in_native, id=7888, stack(0x0000000db3900000,0x0000000db3a00000)]
  0x0000014fc7b319c0 JavaThread "Netty Local Client IO #3" daemon [_thread_blocked, id=9692, stack(0x0000000db3d00000,0x0000000db3e00000)]
  0x0000014fc7b31e90 JavaThread "Netty Server IO #7" daemon [_thread_in_native, id=1860, stack(0x0000000db3e00000,0x0000000db3f00000)]
  0x0000014fc7b34510 JavaThread "FileSystemWatchService" daemon [_thread_in_native, id=824, stack(0x0000000db0900000,0x0000000db0a00000)]
  0x0000014fc7b331d0 JavaThread "Physics thread" [_thread_blocked, id=4500, stack(0x0000000db3f00000,0x0000000db4000000)]
  0x0000014f6b2615e0 JavaThread "Netty Local Client IO #4" daemon [_thread_blocked, id=7100, stack(0x0000000db4000000,0x0000000db4100000)]
  0x0000014f671faac0 JavaThread "FileSystemWatchService" daemon [_thread_in_native, id=1420, stack(0x0000000db2400000,0x0000000db2500000)]
  0x0000014f671fbe00 JavaThread "Physics thread" [_thread_blocked, id=9544, stack(0x0000000db2500000,0x0000000db2600000)]
  0x0000014f6b264130 JavaThread "Netty Local Client IO #5" daemon [_thread_blocked, id=7376, stack(0x0000000db2e00000,0x0000000db2f00000)]
  0x0000014f68485060 JavaThread "FileSystemWatchService" daemon [_thread_in_native, id=6008, stack(0x0000000db2200000,0x0000000db2300000)]
  0x0000014fc7b32830 JavaThread "Physics thread" [_thread_blocked, id=8424, stack(0x0000000db2d00000,0x0000000db2e00000)]
  0x0000014f6b264600 JavaThread "Netty Local Client IO #6" daemon [_thread_blocked, id=9284, stack(0x0000000db4300000,0x0000000db4400000)]
  0x00000150b1307b40 JavaThread "FileSystemWatchService" daemon [_thread_in_native, id=6260, stack(0x0000000db4600000,0x0000000db4700000)]
  0x00000150b1304180 JavaThread "Physics thread" [_thread_blocked, id=4756, stack(0x0000000db4800000,0x0000000db4900000)]
  0x00000150b1309350 JavaThread "Netty Local Client IO #7" daemon [_thread_blocked, id=740, stack(0x0000000db3a00000,0x0000000db3b00000)]
  0x00000150b1308010 JavaThread "FileSystemWatchService" daemon [_thread_in_native, id=1544, stack(0x0000000db4700000,0x0000000db4800000)]
  0x00000150b1302e40 JavaThread "Physics thread" [_thread_blocked, id=6232, stack(0x0000000db4a00000,0x0000000db4b00000)]
  0x0000014f462bc0a0 JavaThread "FileSystemWatchService" daemon [_thread_in_native, id=7348, stack(0x0000000db4b00000,0x0000000db4c00000)]
  0x0000014f462b7870 JavaThread "Physics thread" [_thread_blocked, id=496, stack(0x0000000db4c00000,0x0000000db4d00000)]
  0x00000150b1304ff0 JavaThread "FileSystemWatchService" daemon [_thread_in_native, id=7596, stack(0x0000000db1800000,0x0000000db1900000)]
  0x00000150b1306800 JavaThread "Physics thread" [_thread_blocked, id=1724, stack(0x0000000db2100000,0x0000000db2200000)]
  0x00000150b1301fd0 JavaThread "IO-Worker-78" [_thread_blocked, id=3444, stack(0x0000000db4f00000,0x0000000db5000000)]
  0x0000014f5daadb50 JavaThread "FileSystemWatchService" daemon [_thread_in_native, id=1760, stack(0x0000000db4900000,0x0000000db4a00000)]
  0x00000151647f2250 JavaThread "Physics thread" [_thread_blocked, id=3948, stack(0x0000000db4e00000,0x0000000db4f00000)]
  0x00000151647f2bf0 JavaThread "Worker-Main-81" daemon [_thread_blocked, id=32, stack(0x0000000db0b00000,0x0000000db0c00000)]
  0x00000151647f4400 JavaThread "Worker-Main-82" daemon [_thread_blocked, id=10428, stack(0x0000000db0c00000,0x0000000db0d00000)]
  0x00000151647f5c10 JavaThread "Worker-Main-83" daemon [_thread_blocked, id=11052, stack(0x0000000db1500000,0x0000000db1600000)]
  0x00000151647ef700 JavaThread "ForkJoinPool.commonPool-worker-32" daemon [_thread_blocked, id=6108, stack(0x0000000db4200000,0x0000000db4300000)]
  0x00000151647efbd0 JavaThread "ForkJoinPool.commonPool-worker-33" daemon [_thread_blocked, id=6500, stack(0x0000000db4400000,0x0000000db4500000)]
  0x00000151647f1d80 JavaThread "ForkJoinPool.commonPool-worker-34" daemon [_thread_blocked, id=9892, stack(0x0000000db4d00000,0x0000000db4e00000)]
  0x00000151647ee3c0 JavaThread "Server thread" [_thread_in_Java, id=7056, stack(0x0000000db0500000,0x0000000db0600000)]
  0x00000151647ee890 JavaThread "FileSystemWatchService" daemon [_thread_in_native, id=7276, stack(0x0000000db2300000,0x0000000db2400000)]
=>0x00000151647eed60 JavaThread "Physics thread" [_thread_in_native, id=10316, stack(0x0000000db4100000,0x0000000db4200000)]
  0x00000151647f0570 JavaThread "IO-Worker-86" [_thread_blocked, id=1556, stack(0x0000000db4500000,0x0000000db4600000)]
  0x00000151647f4da0 JavaThread "IO-Worker-87" [_thread_blocked, id=6980, stack(0x0000000db5000000,0x0000000db5100000)]
  0x00000151647f0a40 JavaThread "IO-Worker-88" [_thread_in_native, id=4140, stack(0x0000000db5100000,0x0000000db5200000)]
  0x00000151647f0f10 JavaThread "Sound engine" daemon [_thread_blocked, id=844, stack(0x0000000db5200000,0x0000000db5300000)]

Other Threads:
  0x0000014f1bc1e540 VMThread "VM Thread" [stack: 0x0000000daf200000,0x0000000daf300000] [id=6356]
  0x0000014f1bb9da70 WatcherThread [stack: 0x0000000dafe00000,0x0000000daff00000] [id=7388]
  0x0000014f1bb93d50 GCTaskThread "GC Thread#0" [stack: 0x0000000daed00000,0x0000000daee00000] [id=6632]
  0x0000014f3b4333f0 GCTaskThread "GC Thread#1" [stack: 0x0000000db0000000,0x0000000db0100000] [id=7416]
  0x0000014f3b433140 GCTaskThread "GC Thread#2" [stack: 0x0000000db0100000,0x0000000db0200000] [id=7808]
  0x0000014f3b433950 GCTaskThread "GC Thread#3" [stack: 0x0000000db0200000,0x0000000db0300000] [id=1340]
  0x0000014f1bb95c90 ConcurrentGCThread "G1 Main Marker" [stack: 0x0000000daee00000,0x0000000daef00000] [id=8320]
  0x0000014f1bb96e40 ConcurrentGCThread "G1 Conc#0" [stack: 0x0000000daef00000,0x0000000daf000000] [id=2304]
  0x0000014f1bbb1d30 ConcurrentGCThread "G1 Refine#0" [stack: 0x0000000daf000000,0x0000000daf100000] [id=3708]
  0x0000014f3dbed1a0 ConcurrentGCThread "G1 Refine#1" [stack: 0x0000000db0600000,0x0000000db0700000] [id=5092]
  0x0000014f4134a2b0 ConcurrentGCThread "G1 Refine#2" [stack: 0x0000000db0e00000,0x0000000db0f00000] [id=4612]
  0x0000014f41348bb0 ConcurrentGCThread "G1 Refine#3" [stack: 0x0000000db0f00000,0x0000000db1000000] [id=7620]
  0x0000014f1bbb2750 ConcurrentGCThread "G1 Service" [stack: 0x0000000daf100000,0x0000000daf200000] [id=2788]

Threads with active compile tasks:

VM state: not at safepoint (normal execution)

VM Mutex/Monitor currently owned by a thread: None

Heap address: 0x0000000700000000, size: 4096 MB, Compressed Oops mode: Zero based, Oop shift amount: 3

CDS archive(s) not mapped
Compressed class space mapped at: 0x0000000800000000-0x0000000840000000, reserved size: 1073741824
Narrow klass base: 0x0000000800000000, Narrow klass shift: 0, Narrow klass range: 0x40000000

GC Precious Log:
 CPUs: 4 total, 4 available
 Memory: 5117M
 Large Page Support: Disabled
 NUMA Support: Disabled
 Compressed Oops: Enabled (Zero based)
 Heap Region Size: 32M
 Heap Min Capacity: 32M
 Heap Initial Capacity: 96M
 Heap Max Capacity: 4G
 Pre-touch: Disabled
 Parallel Workers: 4
 Concurrent Workers: 1
 Concurrent Refinement Workers: 4
 Periodic GC: Disabled

Heap:
 garbage-first heap   total 4194304K, used 1777775K [0x0000000700000000, 0x0000000800000000)
  region size 32768K, 7 young (229376K), 3 survivors (98304K)
 Metaspace       used 254189K, committed 256256K, reserved 1269760K
  class space    used 37655K, committed 38784K, reserved 1048576K

Heap Regions: E=young(eden), S=young(survivor), O=old, HS=humongous(starts), HC=humongous(continues), CS=collection set, F=free, OA=open archive, CA=closed archive, TAMS=top-at-mark-start (previous, next)
|   0|0x0000000700000000, 0x0000000702000000, 0x0000000702000000|100%| O|  |TAMS 0x0000000702000000, 0x0000000700000000| Untracked 
|   1|0x0000000702000000, 0x0000000704000000, 0x0000000704000000|100%| O|  |TAMS 0x0000000704000000, 0x0000000702000000| Untracked 
|   2|0x0000000704000000, 0x0000000706000000, 0x0000000706000000|100%| O|  |TAMS 0x0000000706000000, 0x0000000704000000| Untracked 
|   3|0x0000000706000000, 0x0000000708000000, 0x0000000708000000|100%| O|  |TAMS 0x0000000708000000, 0x0000000706000000| Untracked 
|   4|0x0000000708000000, 0x000000070a000000, 0x000000070a000000|100%| O|  |TAMS 0x000000070a000000, 0x0000000708000000| Untracked 
|   5|0x000000070a000000, 0x000000070c000000, 0x000000070c000000|100%| O|  |TAMS 0x000000070c000000, 0x000000070a000000| Untracked 
|   6|0x000000070c000000, 0x000000070e000000, 0x000000070e000000|100%| O|  |TAMS 0x000000070e000000, 0x000000070c000000| Untracked 
|   7|0x000000070e000000, 0x000000070fbd4000, 0x0000000710000000| 86%| O|  |TAMS 0x000000070fbd4000, 0x000000070e000000| Untracked 
|   8|0x0000000710000000, 0x0000000712000000, 0x0000000712000000|100%| O|  |TAMS 0x0000000712000000, 0x0000000710000000| Untracked 
|   9|0x0000000712000000, 0x0000000714000000, 0x0000000714000000|100%| O|  |TAMS 0x0000000714000000, 0x0000000712000000| Untracked 
|  10|0x0000000714000000, 0x0000000716000000, 0x0000000716000000|100%| O|  |TAMS 0x0000000716000000, 0x0000000714000000| Untracked 
|  11|0x0000000716000000, 0x0000000718000000, 0x0000000718000000|100%| O|  |TAMS 0x0000000718000000, 0x0000000716000000| Untracked 
|  12|0x0000000718000000, 0x000000071a000000, 0x000000071a000000|100%| O|  |TAMS 0x000000071a000000, 0x0000000718000000| Untracked 
|  13|0x000000071a000000, 0x000000071c000000, 0x000000071c000000|100%| O|  |TAMS 0x000000071c000000, 0x000000071a000000| Untracked 
|  14|0x000000071c000000, 0x000000071e000000, 0x000000071e000000|100%| O|  |TAMS 0x000000071e000000, 0x000000071c000000| Untracked 
|  15|0x000000071e000000, 0x0000000720000000, 0x0000000720000000|100%| O|  |TAMS 0x0000000720000000, 0x000000071e000000| Untracked 
|  16|0x0000000720000000, 0x0000000722000000, 0x0000000722000000|100%| O|  |TAMS 0x0000000722000000, 0x0000000720000000| Untracked 
|  17|0x0000000722000000, 0x0000000724000000, 0x0000000724000000|100%| O|  |TAMS 0x0000000724000000, 0x0000000722000000| Untracked 
|  18|0x0000000724000000, 0x0000000726000000, 0x0000000726000000|100%| O|  |TAMS 0x0000000726000000, 0x0000000724000000| Untracked 
|  19|0x0000000726000000, 0x0000000728000000, 0x0000000728000000|100%| O|  |TAMS 0x0000000728000000, 0x0000000726000000| Untracked 
|  20|0x0000000728000000, 0x000000072a000000, 0x000000072a000000|100%| O|  |TAMS 0x000000072a000000, 0x0000000728000000| Untracked 
|  21|0x000000072a000000, 0x000000072c000000, 0x000000072c000000|100%| O|  |TAMS 0x000000072c000000, 0x000000072a000000| Untracked 
|  22|0x000000072c000000, 0x000000072e000000, 0x000000072e000000|100%| O|  |TAMS 0x000000072e000000, 0x000000072c000000| Untracked 
|  23|0x000000072e000000, 0x0000000730000000, 0x0000000730000000|100%| O|  |TAMS 0x000000072e563e00, 0x000000072e000000| Untracked 
|  24|0x0000000730000000, 0x0000000732000000, 0x0000000732000000|100%| O|  |TAMS 0x0000000732000000, 0x0000000730000000| Untracked 
|  25|0x0000000732000000, 0x0000000734000000, 0x0000000734000000|100%| O|  |TAMS 0x0000000734000000, 0x0000000732000000| Untracked 
|  26|0x0000000734000000, 0x0000000736000000, 0x0000000736000000|100%| O|  |TAMS 0x0000000736000000, 0x0000000734000000| Untracked 
|  27|0x0000000736000000, 0x0000000738000000, 0x0000000738000000|100%| O|  |TAMS 0x0000000738000000, 0x0000000736000000| Untracked 
|  28|0x0000000738000000, 0x000000073a000000, 0x000000073a000000|100%| O|  |TAMS 0x000000073a000000, 0x0000000738000000| Untracked 
|  29|0x000000073a000000, 0x000000073c000000, 0x000000073c000000|100%| O|  |TAMS 0x000000073c000000, 0x000000073a000000| Untracked 
|  30|0x000000073c000000, 0x000000073e000000, 0x000000073e000000|100%| O|  |TAMS 0x000000073e000000, 0x000000073c000000| Untracked 
|  31|0x000000073e000000, 0x0000000740000000, 0x0000000740000000|100%| O|  |TAMS 0x0000000740000000, 0x000000073e000000| Untracked 
|  32|0x0000000740000000, 0x0000000742000000, 0x0000000742000000|100%| O|  |TAMS 0x0000000742000000, 0x0000000740000000| Untracked 
|  33|0x0000000742000000, 0x0000000744000000, 0x0000000744000000|100%| O|  |TAMS 0x0000000744000000, 0x0000000742000000| Untracked 
|  34|0x0000000744000000, 0x0000000746000000, 0x0000000746000000|100%| O|  |TAMS 0x0000000746000000, 0x0000000744000000| Untracked 
|  35|0x0000000746000000, 0x0000000748000000, 0x0000000748000000|100%| O|  |TAMS 0x0000000748000000, 0x0000000746000000| Untracked 
|  36|0x0000000748000000, 0x000000074a000000, 0x000000074a000000|100%| O|  |TAMS 0x000000074a000000, 0x0000000748000000| Untracked 
|  37|0x000000074a000000, 0x000000074c000000, 0x000000074c000000|100%| O|  |TAMS 0x000000074a000000, 0x000000074a000000| Untracked 
|  38|0x000000074c000000, 0x000000074e000000, 0x000000074e000000|100%| O|  |TAMS 0x000000074c000000, 0x000000074c000000| Untracked 
|  39|0x000000074e000000, 0x0000000750000000, 0x0000000750000000|100%| O|  |TAMS 0x000000074e000000, 0x000000074e000000| Untracked 
|  40|0x0000000750000000, 0x0000000752000000, 0x0000000752000000|100%| O|  |TAMS 0x0000000750000000, 0x0000000750000000| Untracked 
|  41|0x0000000752000000, 0x0000000754000000, 0x0000000754000000|100%| O|  |TAMS 0x0000000752000000, 0x0000000752000000| Untracked 
|  42|0x0000000754000000, 0x0000000756000000, 0x0000000756000000|100%| O|  |TAMS 0x0000000756000000, 0x0000000754000000| Untracked 
|  43|0x0000000756000000, 0x0000000758000000, 0x0000000758000000|100%| O|  |TAMS 0x0000000756000000, 0x0000000756000000| Untracked 
|  44|0x0000000758000000, 0x000000075a000000, 0x000000075a000000|100%| O|  |TAMS 0x0000000758000000, 0x0000000758000000| Untracked 
|  45|0x000000075a000000, 0x000000075ac47c00, 0x000000075c000000| 38%| O|  |TAMS 0x000000075a000000, 0x000000075a000000| Untracked 
|  46|0x000000075c000000, 0x000000075c000000, 0x000000075e000000|  0%| F|  |TAMS 0x000000075c000000, 0x000000075c000000| Untracked 
|  47|0x000000075e000000, 0x000000075e000000, 0x0000000760000000|  0%| F|  |TAMS 0x000000075e000000, 0x000000075e000000| Untracked 
|  48|0x0000000760000000, 0x0000000760000000, 0x0000000762000000|  0%| F|  |TAMS 0x0000000760000000, 0x0000000760000000| Untracked 
|  49|0x0000000762000000, 0x0000000762000000, 0x0000000764000000|  0%| F|  |TAMS 0x0000000762000000, 0x0000000762000000| Untracked 
|  50|0x0000000764000000, 0x0000000764000000, 0x0000000766000000|  0%| F|  |TAMS 0x0000000764000000, 0x0000000764000000| Untracked 
|  51|0x0000000766000000, 0x0000000766000000, 0x0000000768000000|  0%| F|  |TAMS 0x0000000766000000, 0x0000000766000000| Untracked 
|  52|0x0000000768000000, 0x0000000768000000, 0x000000076a000000|  0%| F|  |TAMS 0x0000000768000000, 0x0000000768000000| Untracked 
|  53|0x000000076a000000, 0x000000076a000000, 0x000000076c000000|  0%| F|  |TAMS 0x000000076a000000, 0x000000076a000000| Untracked 
|  54|0x000000076c000000, 0x000000076c000000, 0x000000076e000000|  0%| F|  |TAMS 0x000000076c000000, 0x000000076c000000| Untracked 
|  55|0x000000076e000000, 0x000000076e000000, 0x0000000770000000|  0%| F|  |TAMS 0x000000076e000000, 0x000000076e000000| Untracked 
|  56|0x0000000770000000, 0x0000000770000000, 0x0000000772000000|  0%| F|  |TAMS 0x0000000770000000, 0x0000000770000000| Untracked 
|  57|0x0000000772000000, 0x0000000772000000, 0x0000000774000000|  0%| F|  |TAMS 0x0000000772000000, 0x0000000772000000| Untracked 
|  58|0x0000000774000000, 0x0000000776000000, 0x0000000776000000|100%| O|  |TAMS 0x0000000776000000, 0x0000000774000000| Untracked 
|  59|0x0000000776000000, 0x0000000778000000, 0x0000000778000000|100%| O|  |TAMS 0x0000000778000000, 0x0000000776000000| Untracked 
|  60|0x0000000778000000, 0x0000000778000000, 0x000000077a000000|  0%| F|  |TAMS 0x0000000778000000, 0x0000000778000000| Untracked 
|  61|0x000000077a000000, 0x000000077a000000, 0x000000077c000000|  0%| F|  |TAMS 0x000000077a000000, 0x000000077a000000| Untracked 
|  62|0x000000077c000000, 0x000000077c000000, 0x000000077e000000|  0%| F|  |TAMS 0x000000077c000000, 0x000000077c000000| Untracked 
|  63|0x000000077e000000, 0x000000077e000000, 0x0000000780000000|  0%| F|  |TAMS 0x000000077e000000, 0x000000077e000000| Untracked 
|  64|0x0000000780000000, 0x0000000780000000, 0x0000000782000000|  0%| F|  |TAMS 0x0000000780000000, 0x0000000780000000| Untracked 
|  65|0x0000000782000000, 0x0000000782000000, 0x0000000784000000|  0%| F|  |TAMS 0x0000000782000000, 0x0000000782000000| Untracked 
|  66|0x0000000784000000, 0x0000000784000000, 0x0000000786000000|  0%| F|  |TAMS 0x0000000784000000, 0x0000000784000000| Untracked 
|  67|0x0000000786000000, 0x0000000786000000, 0x0000000788000000|  0%| F|  |TAMS 0x0000000786000000, 0x0000000786000000| Untracked 
|  68|0x0000000788000000, 0x0000000788000000, 0x000000078a000000|  0%| F|  |TAMS 0x0000000788000000, 0x0000000788000000| Untracked 
|  69|0x000000078a000000, 0x000000078a000000, 0x000000078c000000|  0%| F|  |TAMS 0x000000078a000000, 0x000000078a000000| Untracked 
|  70|0x000000078c000000, 0x000000078c000000, 0x000000078e000000|  0%| F|  |TAMS 0x000000078c000000, 0x000000078c000000| Untracked 
|  71|0x000000078e000000, 0x000000078e000000, 0x0000000790000000|  0%| F|  |TAMS 0x000000078e000000, 0x000000078e000000| Untracked 
|  72|0x0000000790000000, 0x0000000790000000, 0x0000000792000000|  0%| F|  |TAMS 0x0000000790000000, 0x0000000790000000| Untracked 
|  73|0x0000000792000000, 0x0000000794000000, 0x0000000794000000|100%| O|  |TAMS 0x0000000794000000, 0x0000000792000000| Untracked 
|  74|0x0000000794000000, 0x0000000794000000, 0x0000000796000000|  0%| F|  |TAMS 0x0000000794000000, 0x0000000794000000| Untracked 
|  75|0x0000000796000000, 0x0000000796000000, 0x0000000798000000|  0%| F|  |TAMS 0x0000000796000000, 0x0000000796000000| Untracked 
|  76|0x0000000798000000, 0x0000000798000000, 0x000000079a000000|  0%| F|  |TAMS 0x0000000798000000, 0x0000000798000000| Untracked 
|  77|0x000000079a000000, 0x000000079a000000, 0x000000079c000000|  0%| F|  |TAMS 0x000000079a000000, 0x000000079a000000| Untracked 
|  78|0x000000079c000000, 0x000000079c000000, 0x000000079e000000|  0%| F|  |TAMS 0x000000079c000000, 0x000000079c000000| Untracked 
|  79|0x000000079e000000, 0x000000079e000000, 0x00000007a0000000|  0%| F|  |TAMS 0x000000079e000000, 0x000000079e000000| Untracked 
|  80|0x00000007a0000000, 0x00000007a0000000, 0x00000007a2000000|  0%| F|  |TAMS 0x00000007a0000000, 0x00000007a0000000| Untracked 
|  81|0x00000007a2000000, 0x00000007a2000000, 0x00000007a4000000|  0%| F|  |TAMS 0x00000007a2000000, 0x00000007a2000000| Untracked 
|  82|0x00000007a4000000, 0x00000007a4000000, 0x00000007a6000000|  0%| F|  |TAMS 0x00000007a4000000, 0x00000007a4000000| Untracked 
|  83|0x00000007a6000000, 0x00000007a6000000, 0x00000007a8000000|  0%| F|  |TAMS 0x00000007a6000000, 0x00000007a6000000| Untracked 
|  84|0x00000007a8000000, 0x00000007a8000000, 0x00000007aa000000|  0%| F|  |TAMS 0x00000007a8000000, 0x00000007a8000000| Untracked 
|  85|0x00000007aa000000, 0x00000007aa000000, 0x00000007ac000000|  0%| F|  |TAMS 0x00000007aa000000, 0x00000007aa000000| Untracked 
|  86|0x00000007ac000000, 0x00000007ac000000, 0x00000007ae000000|  0%| F|  |TAMS 0x00000007ac000000, 0x00000007ac000000| Untracked 
|  87|0x00000007ae000000, 0x00000007ae000000, 0x00000007b0000000|  0%| F|  |TAMS 0x00000007ae000000, 0x00000007ae000000| Untracked 
|  88|0x00000007b0000000, 0x00000007b0000000, 0x00000007b2000000|  0%| F|  |TAMS 0x00000007b0000000, 0x00000007b0000000| Untracked 
|  89|0x00000007b2000000, 0x00000007b2000000, 0x00000007b4000000|  0%| F|  |TAMS 0x00000007b2000000, 0x00000007b2000000| Untracked 
|  90|0x00000007b4000000, 0x00000007b4000000, 0x00000007b6000000|  0%| F|  |TAMS 0x00000007b4000000, 0x00000007b4000000| Untracked 
|  91|0x00000007b6000000, 0x00000007b6000000, 0x00000007b8000000|  0%| F|  |TAMS 0x00000007b6000000, 0x00000007b6000000| Untracked 
|  92|0x00000007b8000000, 0x00000007b8000000, 0x00000007ba000000|  0%| F|  |TAMS 0x00000007b8000000, 0x00000007b8000000| Untracked 
|  93|0x00000007ba000000, 0x00000007ba000000, 0x00000007bc000000|  0%| F|  |TAMS 0x00000007ba000000, 0x00000007ba000000| Untracked 
|  94|0x00000007bc000000, 0x00000007bc000000, 0x00000007be000000|  0%| F|  |TAMS 0x00000007bc000000, 0x00000007bc000000| Untracked 
|  95|0x00000007be000000, 0x00000007be000000, 0x00000007c0000000|  0%| F|  |TAMS 0x00000007be000000, 0x00000007be000000| Untracked 
|  96|0x00000007c0000000, 0x00000007c0000000, 0x00000007c2000000|  0%| F|  |TAMS 0x00000007c0000000, 0x00000007c0000000| Untracked 
|  97|0x00000007c2000000, 0x00000007c2000000, 0x00000007c4000000|  0%| F|  |TAMS 0x00000007c2000000, 0x00000007c2000000| Untracked 
|  98|0x00000007c4000000, 0x00000007c4000000, 0x00000007c6000000|  0%| F|  |TAMS 0x00000007c4000000, 0x00000007c4000000| Untracked 
|  99|0x00000007c6000000, 0x00000007c6000000, 0x00000007c8000000|  0%| F|  |TAMS 0x00000007c6000000, 0x00000007c6000000| Untracked 
| 100|0x00000007c8000000, 0x00000007ca000000, 0x00000007ca000000|100%| S|CS|TAMS 0x00000007c8000000, 0x00000007c8000000| Complete 
| 101|0x00000007ca000000, 0x00000007cc000000, 0x00000007cc000000|100%| S|CS|TAMS 0x00000007ca000000, 0x00000007ca000000| Complete 
| 102|0x00000007cc000000, 0x00000007ce000000, 0x00000007ce000000|100%| S|CS|TAMS 0x00000007cc000000, 0x00000007cc000000| Complete 
| 103|0x00000007ce000000, 0x00000007ce000000, 0x00000007d0000000|  0%| F|  |TAMS 0x00000007ce000000, 0x00000007ce000000| Untracked 
| 104|0x00000007d0000000, 0x00000007d0000000, 0x00000007d2000000|  0%| F|  |TAMS 0x00000007d0000000, 0x00000007d0000000| Untracked 
| 105|0x00000007d2000000, 0x00000007d2000000, 0x00000007d4000000|  0%| F|  |TAMS 0x00000007d2000000, 0x00000007d2000000| Untracked 
| 106|0x00000007d4000000, 0x00000007d4000000, 0x00000007d6000000|  0%| F|  |TAMS 0x00000007d4000000, 0x00000007d4000000| Untracked 
| 107|0x00000007d6000000, 0x00000007d6000000, 0x00000007d8000000|  0%| F|  |TAMS 0x00000007d6000000, 0x00000007d6000000| Untracked 
| 108|0x00000007d8000000, 0x00000007d8000000, 0x00000007da000000|  0%| F|  |TAMS 0x00000007d8000000, 0x00000007d8000000| Untracked 
| 109|0x00000007da000000, 0x00000007da000000, 0x00000007dc000000|  0%| F|  |TAMS 0x00000007da000000, 0x00000007da000000| Untracked 
| 110|0x00000007dc000000, 0x00000007dc000000, 0x00000007de000000|  0%| F|  |TAMS 0x00000007dc000000, 0x00000007dc000000| Untracked 
| 111|0x00000007de000000, 0x00000007de000000, 0x00000007e0000000|  0%| F|  |TAMS 0x00000007de000000, 0x00000007de000000| Untracked 
| 112|0x00000007e0000000, 0x00000007e0000000, 0x00000007e2000000|  0%| F|  |TAMS 0x00000007e0000000, 0x00000007e0000000| Untracked 
| 113|0x00000007e2000000, 0x00000007e2000000, 0x00000007e4000000|  0%| F|  |TAMS 0x00000007e2000000, 0x00000007e2000000| Untracked 
| 114|0x00000007e4000000, 0x00000007e4000000, 0x00000007e6000000|  0%| F|  |TAMS 0x00000007e4000000, 0x00000007e4000000| Untracked 
| 115|0x00000007e6000000, 0x00000007e6000000, 0x00000007e8000000|  0%| F|  |TAMS 0x00000007e6000000, 0x00000007e6000000| Untracked 
| 116|0x00000007e8000000, 0x00000007e8000000, 0x00000007ea000000|  0%| F|  |TAMS 0x00000007e8000000, 0x00000007e8000000| Untracked 
| 117|0x00000007ea000000, 0x00000007ea000000, 0x00000007ec000000|  0%| F|  |TAMS 0x00000007ea000000, 0x00000007ea000000| Untracked 
| 118|0x00000007ec000000, 0x00000007ec000000, 0x00000007ee000000|  0%| F|  |TAMS 0x00000007ec000000, 0x00000007ec000000| Untracked 
| 119|0x00000007ee000000, 0x00000007ee000000, 0x00000007f0000000|  0%| F|  |TAMS 0x00000007ee000000, 0x00000007ee000000| Untracked 
| 120|0x00000007f0000000, 0x00000007f0000000, 0x00000007f2000000|  0%| F|  |TAMS 0x00000007f0000000, 0x00000007f0000000| Untracked 
| 121|0x00000007f2000000, 0x00000007f2000000, 0x00000007f4000000|  0%| F|  |TAMS 0x00000007f2000000, 0x00000007f2000000| Untracked 
| 122|0x00000007f4000000, 0x00000007f4000000, 0x00000007f6000000|  0%| F|  |TAMS 0x00000007f4000000, 0x00000007f4000000| Untracked 
| 123|0x00000007f6000000, 0x00000007f6000000, 0x00000007f8000000|  0%| F|  |TAMS 0x00000007f6000000, 0x00000007f6000000| Untracked 
| 124|0x00000007f8000000, 0x00000007f9033c30, 0x00000007fa000000| 50%| E|  |TAMS 0x00000007f8000000, 0x00000007f8000000| Complete 
| 125|0x00000007fa000000, 0x00000007fc000000, 0x00000007fc000000|100%| E|CS|TAMS 0x00000007fa000000, 0x00000007fa000000| Complete 
| 126|0x00000007fc000000, 0x00000007fe000000, 0x00000007fe000000|100%| E|CS|TAMS 0x00000007fc000000, 0x00000007fc000000| Complete 
| 127|0x00000007fe000000, 0x0000000800000000, 0x0000000800000000|100%| E|CS|TAMS 0x00000007fe000000, 0x00000007fe000000| Complete 

Card table byte_map: [0x0000014f2eae0000,0x0000014f2f2e0000] _byte_map_base: 0x0000014f2b2e0000

Marking Bits (Prev, Next): (CMBitMap*) 0x0000014f1bb943a0, (CMBitMap*) 0x0000014f1bb94360
 Prev Bits: [0x0000014f33ae0000, 0x0000014f37ae0000)
 Next Bits: [0x0000014f2fae0000, 0x0000014f33ae0000)

Polling page: 0x0000014f19aa0000

Metaspace:

Usage:
  Non-class:    211.46 MB used.
      Class:     36.77 MB used.
       Both:    248.23 MB used.

Virtual space:
  Non-class space:      216.00 MB reserved,     212.38 MB ( 98%) committed,  27 nodes.
      Class space:        1.00 GB reserved,      37.88 MB (  4%) committed,  1 nodes.
             Both:        1.21 GB reserved,     250.25 MB ( 20%) committed. 

Chunk freelists:
   Non-Class:  3.27 MB
       Class:  2.23 MB
        Both:  5.50 MB

MaxMetaspaceSize: unlimited
CompressedClassSpaceSize: 1.00 GB
Initial GC threshold: 21.00 MB
Current GC threshold: 416.69 MB
CDS: off
MetaspaceReclaimPolicy: balanced
 - commit_granule_bytes: 65536.
 - commit_granule_words: 8192.
 - virtual_space_node_default_size: 1048576.
 - enlarge_chunks_in_place: 1.
 - new_chunks_are_fully_committed: 0.
 - uncommit_free_chunks: 1.
 - use_allocation_guard: 0.
 - handle_deallocations: 1.


Internal statistics:

num_allocs_failed_limit: 61.
num_arena_births: 3892.
num_arena_deaths: 978.
num_vsnodes_births: 28.
num_vsnodes_deaths: 0.
num_space_committed: 4017.
num_space_uncommitted: 23.
num_chunks_returned_to_freelist: 1666.
num_chunks_taken_from_freelist: 15429.
num_chunk_merges: 378.
num_chunk_splits: 9691.
num_chunks_enlarged: 6443.
num_purges: 26.
num_inconsistent_stats: 0.

CodeHeap 'non-profiled nmethods': size=120000Kb used=55506Kb max_used=55506Kb free=64493Kb
 bounds [0x0000014f26db0000, 0x0000014f2a400000, 0x0000014f2e2e0000]
CodeHeap 'profiled nmethods': size=120000Kb used=65109Kb max_used=66856Kb free=54890Kb
 bounds [0x0000014f1f880000, 0x0000014f239e0000, 0x0000014f26db0000]
CodeHeap 'non-nmethods': size=5760Kb used=2746Kb max_used=2838Kb free=3013Kb
 bounds [0x0000014f1f2e0000, 0x0000014f1f5c0000, 0x0000014f1f880000]
 total_blobs=42845 nmethods=40351 adapters=2401
 compilation: enabled
              stopped_count=0, restarted_count=0
 full_count=0

Compilation events (20 events):
Event: 4715.707 Thread 0x0000014f3ac03580 nmethod 63187 0x0000014f2050a010 code [0x0000014f2050a1e0, 0x0000014f2050a5f8]
Event: 4715.707 Thread 0x0000014f3ac03580 63188       3       org.lwjgl.opengl.GL20::glCreateShader (5 bytes)
Event: 4715.709 Thread 0x0000014f3ac03580 nmethod 63188 0x0000014f1ffdeb10 code [0x0000014f1ffdeca0, 0x0000014f1ffdeda8]
Event: 4715.713 Thread 0x0000014f3ac03580 63189       3       com.mojang.blaze3d.platform.GlStateManager::m_84449_ (9 bytes)
Event: 4715.714 Thread 0x0000014f3ac03580 nmethod 63189 0x0000014f210a2390 code [0x0000014f210a2560, 0x0000014f210a2978]
Event: 4715.715 Thread 0x0000014f3ac03580 63190       3       org.lwjgl.opengl.GL20::glGetShaderi (6 bytes)
Event: 4715.715 Thread 0x0000014f3ac03580 nmethod 63190 0x0000014f20812410 code [0x0000014f208125a0, 0x0000014f208126a8]
Event: 4715.755 Thread 0x0000014f3ac03580 63191       1       me.jellysquid.mods.sodium.client.gl.shader.ShaderConstants::getDefineStrings (5 bytes)
Event: 4715.755 Thread 0x0000014f3ac03580 nmethod 63191 0x0000014f290b2790 code [0x0000014f290b2920, 0x0000014f290b29f8]
Event: 4715.755 Thread 0x0000014f3ac03580 63192       3       me.jellysquid.mods.sodium.client.gl.shader.GlProgram$Builder::bindAttribute (11 bytes)
Event: 4715.757 Thread 0x0000014f3ac03580 nmethod 63192 0x0000014f21a9a390 code [0x0000014f21a9a580, 0x0000014f21a9aa38]
Event: 4715.860 Thread 0x0000014f3ac03580 63193       3       com.fasterxml.jackson.dataformat.cbor.CBORWriteContext::<init> (31 bytes)
Event: 4715.862 Thread 0x0000014f3ac03580 nmethod 63193 0x0000014f21fda690 code [0x0000014f21fda840, 0x0000014f21fdab38]
Event: 4715.870 Thread 0x0000014f3ac03580 63194       3       com.fasterxml.jackson.dataformat.cbor.CBORReadContext::<init> (36 bytes)
Event: 4715.871 Thread 0x0000014f3ac03580 nmethod 63194 0x0000014f2216ce10 code [0x0000014f2216cfc0, 0x0000014f2216d298]
Event: 4716.483 Thread 0x0000014f3ac03580 63195       3       it.unimi.dsi.fastutil.longs.Long2LongOpenHashMap::rehash (177 bytes)
Event: 4716.487 Thread 0x0000014f3ac03580 nmethod 63195 0x0000014f21457110 code [0x0000014f21457340, 0x0000014f21457d78]
Event: 4716.503 Thread 0x0000014f39fae8c0 nmethod 63179 0x0000014f2a3f0590 code [0x0000014f2a3f0da0, 0x0000014f2a3f5ed0]
Event: 4716.504 Thread 0x0000014f39fae8c0 63183       4       net.minecraft.network.FriendlyByteBuf::m_130281_ (15 bytes)
Event: 4716.532 Thread 0x0000014f39fae8c0 nmethod 63183 0x0000014f290b1b10 code [0x0000014f290b1d00, 0x0000014f290b21f0]

GC Heap History (20 events):
Event: 4678.739 GC heap before
{Heap before GC invocations=737 (full 0):
 garbage-first heap   total 4194304K, used 2185296K [0x0000000700000000, 0x0000000800000000)
  region size 32768K, 25 young (819200K), 1 survivors (32768K)
 Metaspace       used 253836K, committed 256000K, reserved 1269760K
  class space    used 37590K, committed 38784K, reserved 1048576K
}
Event: 4678.770 GC heap after
{Heap after GC invocations=738 (full 0):
 garbage-first heap   total 4194304K, used 1398971K [0x0000000700000000, 0x0000000800000000)
  region size 32768K, 1 young (32768K), 1 survivors (32768K)
 Metaspace       used 253836K, committed 256000K, reserved 1269760K
  class space    used 37590K, committed 38784K, reserved 1048576K
}
Event: 4679.808 GC heap before
{Heap before GC invocations=738 (full 0):
 garbage-first heap   total 4194304K, used 2250939K [0x0000000700000000, 0x0000000800000000)
  region size 32768K, 27 young (884736K), 1 survivors (32768K)
 Metaspace       used 253836K, committed 256000K, reserved 1269760K
  class space    used 37590K, committed 38784K, reserved 1048576K
}
Event: 4679.840 GC heap after
{Heap after GC invocations=739 (full 0):
 garbage-first heap   total 4194304K, used 1398000K [0x0000000700000000, 0x0000000800000000)
  region size 32768K, 1 young (32768K), 1 survivors (32768K)
 Metaspace       used 253836K, committed 256000K, reserved 1269760K
  class space    used 37590K, committed 38784K, reserved 1048576K
}
Event: 4683.933 GC heap before
{Heap before GC invocations=739 (full 0):
 garbage-first heap   total 4194304K, used 3265776K [0x0000000700000000, 0x0000000800000000)
  region size 32768K, 58 young (1900544K), 1 survivors (32768K)
 Metaspace       used 253836K, committed 256000K, reserved 1269760K
  class space    used 37590K, committed 38784K, reserved 1048576K
}
Event: 4684.208 GC heap after
{Heap after GC invocations=740 (full 0):
 garbage-first heap   total 4194304K, used 1430197K [0x0000000700000000, 0x0000000800000000)
  region size 32768K, 2 young (65536K), 2 survivors (65536K)
 Metaspace       used 253836K, committed 256000K, reserved 1269760K
  class space    used 37590K, committed 38784K, reserved 1048576K
}
Event: 4685.686 GC heap before
{Heap before GC invocations=740 (full 0):
 garbage-first heap   total 4194304K, used 2151093K [0x0000000700000000, 0x0000000800000000)
  region size 32768K, 25 young (819200K), 2 survivors (65536K)
 Metaspace       used 253837K, committed 256000K, reserved 1269760K
  class space    used 37590K, committed 38784K, reserved 1048576K
}
Event: 4685.756 GC heap after
{Heap after GC invocations=741 (full 0):
 garbage-first heap   total 4194304K, used 1443064K [0x0000000700000000, 0x0000000800000000)
  region size 32768K, 2 young (65536K), 2 survivors (65536K)
 Metaspace       used 253837K, committed 256000K, reserved 1269760K
  class space    used 37590K, committed 38784K, reserved 1048576K
}
Event: 4693.305 GC heap before
{Heap before GC invocations=742 (full 0):
 garbage-first heap   total 4194304K, used 2196728K [0x0000000700000000, 0x0000000800000000)
  region size 32768K, 25 young (819200K), 2 survivors (65536K)
 Metaspace       used 253888K, committed 256064K, reserved 1269760K
  class space    used 37601K, committed 38784K, reserved 1048576K
}
Event: 4693.391 GC heap after
{Heap after GC invocations=743 (full 0):
 garbage-first heap   total 4194304K, used 1433325K [0x0000000700000000, 0x0000000800000000)
  region size 32768K, 2 young (65536K), 2 survivors (65536K)
 Metaspace       used 253888K, committed 256064K, reserved 1269760K
  class space    used 37601K, committed 38784K, reserved 1048576K
}
Event: 4700.043 GC heap before
{Heap before GC invocations=743 (full 0):
 garbage-first heap   total 4194304K, used 2186989K [0x0000000700000000, 0x0000000800000000)
  region size 32768K, 25 young (819200K), 2 survivors (65536K)
 Metaspace       used 254133K, committed 256192K, reserved 1269760K
  class space    used 37654K, committed 38784K, reserved 1048576K
}
Event: 4700.174 GC heap after
{Heap after GC invocations=744 (full 0):
 garbage-first heap   total 4194304K, used 1395333K [0x0000000700000000, 0x0000000800000000)
  region size 32768K, 2 young (65536K), 2 survivors (65536K)
 Metaspace       used 254133K, committed 256192K, reserved 1269760K
  class space    used 37654K, committed 38784K, reserved 1048576K
}
Event: 4704.795 GC heap before
{Heap before GC invocations=744 (full 0):
 garbage-first heap   total 4194304K, used 2148997K [0x0000000700000000, 0x0000000800000000)
  region size 32768K, 25 young (819200K), 2 survivors (65536K)
 Metaspace       used 254139K, committed 256256K, reserved 1269760K
  class space    used 37654K, committed 38784K, reserved 1048576K
}
Event: 4704.945 GC heap after
{Heap after GC invocations=745 (full 0):
 garbage-first heap   total 4194304K, used 1383554K [0x0000000700000000, 0x0000000800000000)
  region size 32768K, 2 young (65536K), 2 survivors (65536K)
 Metaspace       used 254139K, committed 256256K, reserved 1269760K
  class space    used 37654K, committed 38784K, reserved 1048576K
}
Event: 4706.787 GC heap before
{Heap before GC invocations=745 (full 0):
 garbage-first heap   total 4194304K, used 2137218K [0x0000000700000000, 0x0000000800000000)
  region size 32768K, 25 young (819200K), 2 survivors (65536K)
 Metaspace       used 254140K, committed 256256K, reserved 1269760K
  class space    used 37654K, committed 38784K, reserved 1048576K
}
Event: 4707.828 GC heap after
{Heap after GC invocations=746 (full 0):
 garbage-first heap   total 4194304K, used 1637343K [0x0000000700000000, 0x0000000800000000)
  region size 32768K, 4 young (131072K), 4 survivors (131072K)
 Metaspace       used 254140K, committed 256256K, reserved 1269760K
  class space    used 37654K, committed 38784K, reserved 1048576K
}
Event: 4712.771 GC heap before
{Heap before GC invocations=746 (full 0):
 garbage-first heap   total 4194304K, used 2325471K [0x0000000700000000, 0x0000000800000000)
  region size 32768K, 25 young (819200K), 4 survivors (131072K)
 Metaspace       used 254164K, committed 256256K, reserved 1269760K
  class space    used 37655K, committed 38784K, reserved 1048576K
}
Event: 4713.203 GC heap after
{Heap after GC invocations=747 (full 0):
 garbage-first heap   total 4194304K, used 1624675K [0x0000000700000000, 0x0000000800000000)
  region size 32768K, 2 young (65536K), 2 survivors (65536K)
 Metaspace       used 254164K, committed 256256K, reserved 1269760K
  class space    used 37655K, committed 38784K, reserved 1048576K
}
Event: 4716.343 GC heap before
{Heap before GC invocations=747 (full 0):
 garbage-first heap   total 4194304K, used 2378339K [0x0000000700000000, 0x0000000800000000)
  region size 32768K, 25 young (819200K), 2 survivors (65536K)
 Metaspace       used 254189K, committed 256256K, reserved 1269760K
  class space    used 37655K, committed 38784K, reserved 1048576K
}
Event: 4716.465 GC heap after
{Heap after GC invocations=748 (full 0):
 garbage-first heap   total 4194304K, used 1679471K [0x0000000700000000, 0x0000000800000000)
  region size 32768K, 3 young (98304K), 3 survivors (98304K)
 Metaspace       used 254189K, committed 256256K, reserved 1269760K
  class space    used 37655K, committed 38784K, reserved 1048576K
}

Deoptimization events (20 events):
Event: 4673.747 Thread 0x0000014f1bb51670 DEOPT PACKING pc=0x0000014f2a2f7578 sp=0x0000000daecfa8b0
Event: 4673.749 Thread 0x0000014f1bb51670 DEOPT UNPACKING pc=0x0000014f1f33239d sp=0x0000000daecfa620 mode 2
Event: 4687.511 Thread 0x0000014f1bb51670 DEOPT PACKING pc=0x0000014f2375d82f sp=0x0000000daecfb9b0
Event: 4687.511 Thread 0x0000014f1bb51670 DEOPT UNPACKING pc=0x0000014f1f332b24 sp=0x0000000daecfb708 mode 0
Event: 4711.979 Thread 0x00000151647ee3c0 Uncommon trap: trap_request=0xffffff45 fr.pc=0x0000014f29eca0cc relative=0x000000000000210c
Event: 4711.979 Thread 0x00000151647ee3c0 Uncommon trap: reason=unstable_if action=reinterpret pc=0x0000014f29eca0cc method=fr.frinn.custommachinery.common.crafting.machine.MachineProcessor.processTickable()V @ 16 c2
Event: 4711.981 Thread 0x00000151647ee3c0 DEOPT PACKING pc=0x0000014f29eca0cc sp=0x0000000db05ff1a0
Event: 4711.982 Thread 0x00000151647ee3c0 DEOPT UNPACKING pc=0x0000014f1f33239d sp=0x0000000db05ff0a8 mode 2
Event: 4713.230 Thread 0x0000014f6b263790 Uncommon trap: trap_request=0xffffff45 fr.pc=0x0000014f2a3784b4 relative=0x0000000000000894
Event: 4713.230 Thread 0x0000014f6b263790 Uncommon trap: reason=unstable_if action=reinterpret pc=0x0000014f2a3784b4 method=io.netty.util.concurrent.SingleThreadEventExecutor.runAllTasks(J)Z @ 58 c2
Event: 4713.230 Thread 0x0000014f6b263790 DEOPT PACKING pc=0x0000014f2a3784b4 sp=0x0000000db34fed00
Event: 4713.232 Thread 0x0000014f6b263790 DEOPT UNPACKING pc=0x0000014f1f33239d sp=0x0000000db34fecc8 mode 2
Event: 4714.758 Thread 0x0000014f1bb51670 Uncommon trap: trap_request=0xffffffde fr.pc=0x0000014f29da3140 relative=0x00000000000000a0
Event: 4714.758 Thread 0x0000014f1bb51670 Uncommon trap: reason=class_check action=maybe_recompile pc=0x0000014f29da3140 method=fr.frinn.custommachinery.common.crafting.machine.CustomMachineRecipe$$Lambda$21074/0x00000008021db208.test(Ljava/lang/Object;)Z @ 1 c2
Event: 4714.758 Thread 0x0000014f1bb51670 DEOPT PACKING pc=0x0000014f29da3140 sp=0x0000000daecfcde0
Event: 4714.759 Thread 0x0000014f1bb51670 DEOPT UNPACKING pc=0x0000014f1f33239d sp=0x0000000daecfcd60 mode 2
Event: 4716.641 Thread 0x00000151647f48d0 Uncommon trap: trap_request=0xffffff45 fr.pc=0x0000014f293a2044 relative=0x0000000000007884
Event: 4716.642 Thread 0x00000151647f48d0 Uncommon trap: reason=unstable_if action=reinterpret pc=0x0000014f293a2044 method=org.lwjgl.system.MemoryUtil.nmemReallocChecked(JJ)J @ 27 c2
Event: 4716.643 Thread 0x00000151647f48d0 DEOPT PACKING pc=0x0000014f293a2044 sp=0x0000000db16ff270
Event: 4716.644 Thread 0x00000151647f48d0 DEOPT UNPACKING pc=0x0000014f1f33239d sp=0x0000000db16ff000 mode 2

Classes unloaded (20 events):
Event: 4469.311 Thread 0x0000014f1bc1e540 Unloading class 0x00000008020b16d8 'j_util_function_Function_7'
Event: 4469.311 Thread 0x0000014f1bc1e540 Unloading class 0x00000008020b1490 'j_util_function_Function_6'
Event: 4469.311 Thread 0x0000014f1bc1e540 Unloading class 0x00000008020b1248 'j_util_function_Function_5'
Event: 4469.311 Thread 0x0000014f1bc1e540 Unloading class 0x00000008020b1000 'j_util_function_Function_4'
Event: 4469.311 Thread 0x0000014f1bc1e540 Unloading class 0x0000000800c31490 'j_util_function_Function_3'
Event: 4469.311 Thread 0x0000014f1bc1e540 Unloading class 0x0000000800c31248 'j_util_function_Function_2'
Event: 4469.311 Thread 0x0000014f1bc1e540 Unloading class 0x0000000800c31000 'j_util_function_Function_1'
Event: 4469.311 Thread 0x0000014f1bc1e540 Unloading class 0x00000008017d7600 'scripts/create_machinery_recipes'
Event: 4469.311 Thread 0x0000014f1bc1e540 Unloading class 0x00000008017d7400 'scripts/crafting_table_recipes'
Event: 4469.311 Thread 0x0000014f1bc1e540 Unloading class 0x00000008017d7200 'scripts/remove'
Event: 4469.311 Thread 0x0000014f1bc1e540 Unloading class 0x00000008017d7000 'Scripts'
Event: 4469.311 Thread 0x0000014f1bc1e540 Unloading class 0x0000000800c1c800 'Scripts'
Event: 4469.312 Thread 0x0000014f1bc1e540 Unloading class 0x0000000800c1f000 'java/lang/invoke/LambdaForm$MH+0x0000000800c1f000'
Event: 4469.312 Thread 0x0000014f1bc1e540 Unloading class 0x0000000800c1ec00 'java/lang/invoke/LambdaForm$MH+0x0000000800c1ec00'
Event: 4469.313 Thread 0x0000014f1bc1e540 Unloading class 0x0000000800604800 'jdk/internal/reflect/GeneratedConstructorAccessor65'
Event: 4469.314 Thread 0x0000014f1bc1e540 Unloading class 0x00000008005d8000 'jdk/internal/reflect/GeneratedConstructorAccessor64'
Event: 4469.314 Thread 0x0000014f1bc1e540 Unloading class 0x0000000800410800 'java/lang/invoke/LambdaForm$MH+0x0000000800410800'
Event: 4469.315 Thread 0x0000014f1bc1e540 Unloading class 0x0000000800410400 'java/lang/invoke/LambdaForm$MH+0x0000000800410400'
Event: 4469.315 Thread 0x0000014f1bc1e540 Unloading class 0x000000080040d800 'java/lang/invoke/LambdaForm$MH+0x000000080040d800'
Event: 4469.315 Thread 0x0000014f1bc1e540 Unloading class 0x000000080040d400 'java/lang/invoke/LambdaForm$MH+0x000000080040d400'

Classes redefined (0 events):
No events

Internal exceptions (20 events):
Event: 4716.608 Thread 0x00000151647f0a40 Exception <a 'sun/nio/fs/WindowsException'{0x00000007fe087758}> (0x00000007fe087758) 
thrown [d:\a\1\jdk\src\hotspot\share\prims\jni.cpp, line 516]
Event: 4716.609 Thread 0x00000151647f0a40 Exception <a 'sun/nio/fs/WindowsException'{0x00000007fe08d540}> (0x00000007fe08d540) 
thrown [d:\a\1\jdk\src\hotspot\share\prims\jni.cpp, line 516]
Event: 4716.611 Thread 0x00000150b1301fd0 Exception <a 'sun/nio/fs/WindowsException'{0x00000007fffe2d98}> (0x00000007fffe2d98) 
thrown [d:\a\1\jdk\src\hotspot\share\prims\jni.cpp, line 516]
Event: 4716.612 Thread 0x00000151647f0a40 Exception <a 'sun/nio/fs/WindowsException'{0x00000007fe093568}> (0x00000007fe093568) 
thrown [d:\a\1\jdk\src\hotspot\share\prims\jni.cpp, line 516]
Event: 4716.614 Thread 0x00000150b1301fd0 Exception <a 'sun/nio/fs/WindowsException'{0x00000007fffe8ca0}> (0x00000007fffe8ca0) 
thrown [d:\a\1\jdk\src\hotspot\share\prims\jni.cpp, line 516]
Event: 4716.616 Thread 0x00000150b1301fd0 Exception <a 'sun/nio/fs/WindowsException'{0x00000007fffeea88}> (0x00000007fffeea88) 
thrown [d:\a\1\jdk\src\hotspot\share\prims\jni.cpp, line 516]
Event: 4716.617 Thread 0x00000151647f0a40 Exception <a 'sun/nio/fs/WindowsException'{0x00000007fe099590}> (0x00000007fe099590) 
thrown [d:\a\1\jdk\src\hotspot\share\prims\jni.cpp, line 516]
Event: 4716.619 Thread 0x00000150b1301fd0 Exception <a 'sun/nio/fs/WindowsException'{0x00000007ffff4990}> (0x00000007ffff4990) 
thrown [d:\a\1\jdk\src\hotspot\share\prims\jni.cpp, line 516]
Event: 4716.620 Thread 0x00000151647f0a40 Exception <a 'sun/nio/fs/WindowsException'{0x00000007fe09f378}> (0x00000007fe09f378) 
thrown [d:\a\1\jdk\src\hotspot\share\prims\jni.cpp, line 516]
Event: 4716.621 Thread 0x00000150b1301fd0 Exception <a 'sun/nio/fs/WindowsException'{0x00000007ffffa9b8}> (0x00000007ffffa9b8) 
thrown [d:\a\1\jdk\src\hotspot\share\prims\jni.cpp, line 516]
Event: 4716.623 Thread 0x00000151647f0a40 Exception <a 'sun/nio/fs/WindowsException'{0x00000007fe0a5160}> (0x00000007fe0a5160) 
thrown [d:\a\1\jdk\src\hotspot\share\prims\jni.cpp, line 516]
Event: 4716.624 Thread 0x00000150b1301fd0 Exception <a 'sun/nio/fs/WindowsException'{0x00000007fc000c28}> (0x00000007fc000c28) 
thrown [d:\a\1\jdk\src\hotspot\share\prims\jni.cpp, line 516]
Event: 4716.626 Thread 0x00000151647f0a40 Exception <a 'sun/nio/fs/WindowsException'{0x00000007fe0aaf48}> (0x00000007fe0aaf48) 
thrown [d:\a\1\jdk\src\hotspot\share\prims\jni.cpp, line 516]
Event: 4716.627 Thread 0x00000150b1301fd0 Exception <a 'sun/nio/fs/WindowsException'{0x00000007fc006a10}> (0x00000007fc006a10) 
thrown [d:\a\1\jdk\src\hotspot\share\prims\jni.cpp, line 516]
Event: 4716.635 Thread 0x00000151647f0a40 Exception <a 'sun/nio/fs/WindowsException'{0x00000007fe0b0fb0}> (0x00000007fe0b0fb0) 
thrown [d:\a\1\jdk\src\hotspot\share\prims\jni.cpp, line 516]
Event: 4716.637 Thread 0x00000151647f0a40 Exception <a 'sun/nio/fs/WindowsException'{0x00000007fc548cb8}> (0x00000007fc548cb8) 
thrown [d:\a\1\jdk\src\hotspot\share\prims\jni.cpp, line 516]
Event: 4716.638 Thread 0x00000151647f0a40 Exception <a 'sun/nio/fs/WindowsException'{0x00000007fc54eaa0}> (0x00000007fc54eaa0) 
thrown [d:\a\1\jdk\src\hotspot\share\prims\jni.cpp, line 516]
Event: 4716.640 Thread 0x00000151647f0a40 Exception <a 'sun/nio/fs/WindowsException'{0x00000007fc5553b0}> (0x00000007fc5553b0) 
thrown [d:\a\1\jdk\src\hotspot\share\prims\jni.cpp, line 516]
Event: 4716.642 Thread 0x00000151647f0a40 Exception <a 'sun/nio/fs/WindowsException'{0x00000007fc55b460}> (0x00000007fc55b460) 
thrown [d:\a\1\jdk\src\hotspot\share\prims\jni.cpp, line 516]
Event: 4716.644 Thread 0x00000151647f0a40 Exception <a 'sun/nio/fs/WindowsException'{0x00000007fc561e08}> (0x00000007fc561e08) 
thrown [d:\a\1\jdk\src\hotspot\share\prims\jni.cpp, line 516]

VM Operations (20 events):
Event: 4704.175 Executing VM operation: Cleanup
Event: 4704.175 Executing VM operation: Cleanup done
Event: 4704.795 Executing VM operation: G1CollectForAllocation
Event: 4704.945 Executing VM operation: G1CollectForAllocation done
Event: 4706.787 Executing VM operation: G1CollectForAllocation
Event: 4707.828 Executing VM operation: G1CollectForAllocation done
Event: 4709.828 Executing VM operation: Cleanup
Event: 4709.828 Executing VM operation: Cleanup done
Event: 4710.829 Executing VM operation: Cleanup
Event: 4710.829 Executing VM operation: Cleanup done
Event: 4712.702 Executing VM operation: ICBufferFull
Event: 4712.702 Executing VM operation: ICBufferFull done
Event: 4712.770 Executing VM operation: G1CollectForAllocation
Event: 4713.203 Executing VM operation: G1CollectForAllocation done
Event: 4714.204 Executing VM operation: Cleanup
Event: 4714.205 Executing VM operation: Cleanup done
Event: 4715.205 Executing VM operation: Cleanup
Event: 4715.206 Executing VM operation: Cleanup done
Event: 4716.343 Executing VM operation: G1CollectForAllocation
Event: 4716.466 Executing VM operation: G1CollectForAllocation done

Events (20 events):
Event: 4694.824 Thread 0x0000014f3ac08650 flushing nmethod 0x0000014f2368b910
Event: 4694.826 Thread 0x0000014f3ac08650 flushing nmethod 0x0000014f237dac90
Event: 4694.829 Thread 0x0000014f3ac08650 flushing nmethod 0x0000014f2388fc90
Event: 4694.829 Thread 0x0000014f3ac08650 flushing nmethod 0x0000014f23894b90
Event: 4694.829 Thread 0x0000014f3ac08650 flushing nmethod 0x0000014f238b2810
Event: 4694.833 Thread 0x0000014f3ac08650 flushing nmethod 0x0000014f2398f210
Event: 4696.025 Thread 0x00000151647f30c0 Thread exited: 0x00000151647f30c0
Event: 4696.164 Thread 0x00000151647f18b0 Thread exited: 0x00000151647f18b0
Event: 4696.165 Thread 0x00000151647f00a0 Thread added: 0x00000151647f00a0
Event: 4696.189 Thread 0x00000151647f13e0 Thread exited: 0x00000151647f13e0
Event: 4696.189 Thread 0x00000151647f3590 Thread exited: 0x00000151647f3590
Event: 4704.210 Thread 0x00000151647ee3c0 Thread added: 0x00000151647ee3c0
Event: 4704.275 Thread 0x00000151647ee890 Thread added: 0x00000151647ee890
Event: 4704.723 Thread 0x00000151647eed60 Thread added: 0x00000151647eed60
Event: 4705.667 Thread 0x00000151647f0570 Thread added: 0x00000151647f0570
Event: 4705.919 Thread 0x00000151647f4da0 Thread added: 0x00000151647f4da0
Event: 4705.920 Thread 0x00000151647f0a40 Thread added: 0x00000151647f0a40
Event: 4712.692 Thread 0x00000151647f00a0 Thread exited: 0x00000151647f00a0
Event: 4712.692 Thread 0x00000151647f0f10 Thread added: 0x00000151647f0f10
Event: 4712.737 Thread 0x00000151647f48d0 Thread added: 0x00000151647f48d0


Dynamic libraries:
0x00007ff799aa0000 - 0x00007ff799aae000 	C:\Users\Genius\AppData\Roaming\.minecraft\runtime\java-runtime-beta\windows\java-runtime-beta\bin\javaw.exe
0x00007fff42030000 - 0x00007fff42228000 	C:\Windows\SYSTEM32\ntdll.dll
0x00007fff400e0000 - 0x00007fff4019d000 	C:\Windows\System32\KERNEL32.DLL
0x00007fff3fd90000 - 0x00007fff40086000 	C:\Windows\System32\KERNELBASE.dll
0x00007fff3fc00000 - 0x00007fff3fd00000 	C:\Windows\System32\ucrtbase.dll
0x00007fff29e80000 - 0x00007fff29e98000 	C:\Users\Genius\AppData\Roaming\.minecraft\runtime\java-runtime-beta\windows\java-runtime-beta\bin\jli.dll
0x00007fff29d40000 - 0x00007fff29d5b000 	C:\Users\Genius\AppData\Roaming\.minecraft\runtime\java-runtime-beta\windows\java-runtime-beta\bin\VCRUNTIME140.dll
0x00007fff41150000 - 0x00007fff412ee000 	C:\Windows\System32\USER32.dll
0x00007fff341f0000 - 0x00007fff3448a000 	C:\Windows\WinSxS\amd64_microsoft.windows.common-controls_6595b64144ccf1df_6.0.19041.1110_none_60b5254171f9507e\COMCTL32.dll
0x00007fff3f710000 - 0x00007fff3f732000 	C:\Windows\System32\win32u.dll
0x00007fff403d0000 - 0x00007fff403fc000 	C:\Windows\System32\GDI32.dll
0x00007fff405e0000 - 0x00007fff4067e000 	C:\Windows\System32\msvcrt.dll
0x00007fff3fa90000 - 0x00007fff3fbaa000 	C:\Windows\System32\gdi32full.dll
0x00007fff3f9f0000 - 0x00007fff3fa8d000 	C:\Windows\System32\msvcp_win.dll
0x00007fff40090000 - 0x00007fff400c0000 	C:\Windows\System32\IMM32.DLL
0x00007fff2b290000 - 0x00007fff2b29c000 	C:\Users\Genius\AppData\Roaming\.minecraft\runtime\java-runtime-beta\windows\java-runtime-beta\bin\vcruntime140_1.dll
0x00007fff16c90000 - 0x00007fff16d1d000 	C:\Users\Genius\AppData\Roaming\.minecraft\runtime\java-runtime-beta\windows\java-runtime-beta\bin\msvcp140.dll
0x00007fff0d9b0000 - 0x00007fff0e609000 	C:\Users\Genius\AppData\Roaming\.minecraft\runtime\java-runtime-beta\windows\java-runtime-beta\bin\server\jvm.dll
0x00007fff41f40000 - 0x00007fff41fee000 	C:\Windows\System32\ADVAPI32.dll
0x00007fff41750000 - 0x00007fff417ec000 	C:\Windows\System32\sechost.dll
0x00007fff40400000 - 0x00007fff40526000 	C:\Windows\System32\RPCRT4.dll
0x00007fff40210000 - 0x00007fff40218000 	C:\Windows\System32\PSAPI.DLL
0x00007fff33db0000 - 0x00007fff33dd7000 	C:\Windows\SYSTEM32\WINMM.dll
0x00007fff3b490000 - 0x00007fff3b499000 	C:\Windows\SYSTEM32\WSOCK32.dll
0x00007fff40f20000 - 0x00007fff40f8b000 	C:\Windows\System32\WS2_32.dll
0x00007fff39b10000 - 0x00007fff39b1a000 	C:\Windows\SYSTEM32\VERSION.dll
0x00007fff3d4e0000 - 0x00007fff3d4f2000 	C:\Windows\SYSTEM32\kernel.appcore.dll
0x00007fff29e70000 - 0x00007fff29e7a000 	C:\Users\Genius\AppData\Roaming\.minecraft\runtime\java-runtime-beta\windows\java-runtime-beta\bin\jimage.dll
0x00007fff344d0000 - 0x00007fff346b4000 	C:\Windows\SYSTEM32\DBGHELP.DLL
0x00007fff34490000 - 0x00007fff344c4000 	C:\Windows\SYSTEM32\dbgcore.DLL
0x00007fff3fd00000 - 0x00007fff3fd82000 	C:\Windows\System32\bcryptPrimitives.dll
0x00007fff20280000 - 0x00007fff202a5000 	C:\Users\Genius\AppData\Roaming\.minecraft\runtime\java-runtime-beta\windows\java-runtime-beta\bin\java.dll
0x00007fff29d20000 - 0x00007fff29d38000 	C:\Users\Genius\AppData\Roaming\.minecraft\runtime\java-runtime-beta\windows\java-runtime-beta\bin\zip.dll
0x00007fff143e0000 - 0x00007fff144b6000 	C:\Users\Genius\AppData\Roaming\.minecraft\runtime\java-runtime-beta\windows\java-runtime-beta\bin\svml.dll
0x00007fff417f0000 - 0x00007fff41f35000 	C:\Windows\System32\SHELL32.dll
0x00007fff3d7c0000 - 0x00007fff3df5b000 	C:\Windows\SYSTEM32\windows.storage.dll
0x00007fff413f0000 - 0x00007fff41744000 	C:\Windows\System32\combase.dll
0x00007fff3f080000 - 0x00007fff3f0ae000 	C:\Windows\SYSTEM32\Wldp.dll
0x00007fff40680000 - 0x00007fff4072d000 	C:\Windows\System32\SHCORE.dll
0x00007fff41010000 - 0x00007fff41065000 	C:\Windows\System32\shlwapi.dll
0x00007fff3f640000 - 0x00007fff3f665000 	C:\Windows\SYSTEM32\profapi.dll
0x00007fff29430000 - 0x00007fff29449000 	C:\Users\Genius\AppData\Roaming\.minecraft\runtime\java-runtime-beta\windows\java-runtime-beta\bin\net.dll
0x00007fff39480000 - 0x00007fff3958a000 	C:\Windows\SYSTEM32\WINHTTP.dll
0x00007fff3ede0000 - 0x00007fff3ee4a000 	C:\Windows\system32\mswsock.dll
0x00007fff281e0000 - 0x00007fff281f6000 	C:\Users\Genius\AppData\Roaming\.minecraft\runtime\java-runtime-beta\windows\java-runtime-beta\bin\nio.dll
0x00007fff28e20000 - 0x00007fff28e30000 	C:\Users\Genius\AppData\Roaming\.minecraft\runtime\java-runtime-beta\windows\java-runtime-beta\bin\verify.dll
0x00007fff28170000 - 0x00007fff28179000 	C:\Users\Genius\AppData\Roaming\.minecraft\runtime\java-runtime-beta\windows\java-runtime-beta\bin\management.dll
0x00007fff28080000 - 0x00007fff2808b000 	C:\Users\Genius\AppData\Roaming\.minecraft\runtime\java-runtime-beta\windows\java-runtime-beta\bin\management_ext.dll
0x00007ffef0ac0000 - 0x00007ffef0ad7000 	C:\Windows\system32\napinsp.dll
0x00007ffef0390000 - 0x00007ffef03ab000 	C:\Windows\system32\pnrpnsp.dll
0x00007fff25ba0000 - 0x00007fff25bb5000 	C:\Windows\system32\wshbth.dll
0x00007fff3b470000 - 0x00007fff3b48d000 	C:\Windows\system32\NLAapi.dll
0x00007fff3ead0000 - 0x00007fff3eb0b000 	C:\Windows\SYSTEM32\IPHLPAPI.DLL
0x00007fff3eb10000 - 0x00007fff3ebda000 	C:\Windows\SYSTEM32\DNSAPI.dll
0x00007fff413e0000 - 0x00007fff413e8000 	C:\Windows\System32\NSI.dll
0x00007ffef6860000 - 0x00007ffef6872000 	C:\Windows\System32\winrnr.dll
0x00007fff38c60000 - 0x00007fff38ce2000 	C:\Windows\System32\fwpuclnt.dll
0x00007fff3f860000 - 0x00007fff3f887000 	C:\Windows\System32\bcrypt.dll
0x00007fff38400000 - 0x00007fff3840a000 	C:\Windows\System32\rasadhlp.dll
0x00007fff3efd0000 - 0x00007fff3efe8000 	C:\Windows\SYSTEM32\CRYPTSP.dll
0x00007fff3e6f0000 - 0x00007fff3e724000 	C:\Windows\system32\rsaenh.dll
0x00007fff3f5c0000 - 0x00007fff3f5ee000 	C:\Windows\SYSTEM32\USERENV.dll
0x00007fff3eff0000 - 0x00007fff3effc000 	C:\Windows\SYSTEM32\CRYPTBASE.dll
0x00007fff39ea0000 - 0x00007fff39eb7000 	C:\Windows\SYSTEM32\dhcpcsvc6.DLL
0x00007fff39e80000 - 0x00007fff39e9d000 	C:\Windows\SYSTEM32\dhcpcsvc.DLL
0x00007fff1c7f0000 - 0x00007fff1c835000 	C:\Users\Genius\AppData\Local\Temp\jna-2129326999\jna17765302902276623344.dll
0x00007fff40c00000 - 0x00007fff40d2a000 	C:\Windows\System32\Ole32.dll
0x00007fff40530000 - 0x00007fff405d9000 	C:\Windows\System32\clbcatq.dll
0x00007fff40e50000 - 0x00007fff40f1d000 	C:\Windows\System32\OleAut32.dll
0x00007fff317f0000 - 0x00007fff3180f000 	C:\Windows\SYSTEM32\amsi.dll
0x00007fff2ca80000 - 0x00007fff2cafc000 	C:\ProgramData\Microsoft\Windows Defender\Platform\4.18.23090.2008-0\MpOav.dll
0x00007fff21430000 - 0x00007fff21479000 	C:\Windows\SYSTEM32\Pdh.dll
0x00007fff10ff0000 - 0x00007fff11062000 	C:\Users\Genius\AppData\Roaming\.minecraft\versions\Create Overhaul\natives\lwjgl.dll
0x00007fff10f90000 - 0x00007fff10fee000 	C:\Users\Genius\AppData\Roaming\.minecraft\versions\Create Overhaul\natives\glfw.dll
0x00007fff3d0f0000 - 0x00007fff3d18e000 	C:\Windows\system32\uxtheme.dll
0x00007fff10f40000 - 0x00007fff10f85000 	C:\Windows\SYSTEM32\dinput8.dll
0x00007fff16c40000 - 0x00007fff16c51000 	C:\Windows\SYSTEM32\xinput1_4.dll
0x00007fff3fbb0000 - 0x00007fff3fbfe000 	C:\Windows\System32\cfgmgr32.dll
0x00007fff3f450000 - 0x00007fff3f483000 	C:\Windows\SYSTEM32\DEVOBJ.dll
0x00007fff3d4b0000 - 0x00007fff3d4df000 	C:\Windows\SYSTEM32\dwmapi.dll
0x00007fff40d30000 - 0x00007fff40e44000 	C:\Windows\System32\MSCTF.dll
0x00007fff3df60000 - 0x00007fff3df6d000 	C:\Windows\SYSTEM32\HID.DLL
0x00007fff40730000 - 0x00007fff40b9e000 	C:\Windows\System32\SETUPAPI.DLL
0x00007fff31480000 - 0x00007fff315d2000 	C:\Windows\SYSTEM32\inputhost.dll
0x00007fff3cd80000 - 0x00007fff3ce72000 	C:\Windows\SYSTEM32\CoreMessaging.dll
0x00007fff39a10000 - 0x00007fff39b06000 	C:\Windows\SYSTEM32\PROPSYS.dll
0x00007fff3b620000 - 0x00007fff3b775000 	C:\Windows\SYSTEM32\wintypes.dll
0x00007fff3c6a0000 - 0x00007fff3c9fe000 	C:\Windows\SYSTEM32\CoreUIComponents.dll
0x00007fff3e810000 - 0x00007fff3e843000 	C:\Windows\SYSTEM32\ntmarta.dll
0x00007fff3f740000 - 0x00007fff3f7a7000 	C:\Windows\System32\WINTRUST.dll
0x00007fff3f890000 - 0x00007fff3f9ee000 	C:\Windows\System32\CRYPT32.dll
0x00007fff3f210000 - 0x00007fff3f222000 	C:\Windows\SYSTEM32\MSASN1.dll
0x00007ffef5870000 - 0x00007ffef5995000 	C:\Windows\SYSTEM32\opengl32.dll
0x00007fff2ae50000 - 0x00007fff2ae7c000 	C:\Windows\SYSTEM32\GLU32.dll
0x0000000064640000 - 0x000000006687d000 	C:\Windows\System32\DriverStore\FileRepository\nv_ref_pubwu.inf_amd64_708ec8f9a4d134c6\nvoglv64.dll
0x00007fff3ae10000 - 0x00007fff3ae24000 	C:\Windows\SYSTEM32\WTSAPI32.dll
0x00007fff2fcf0000 - 0x00007fff2fd2b000 	C:\Windows\SYSTEM32\dxcore.dll
0x00007fff3f570000 - 0x00007fff3f5bb000 	C:\Windows\SYSTEM32\powrprof.dll
0x00007fff3f550000 - 0x00007fff3f562000 	C:\Windows\SYSTEM32\UMPDC.dll
0x00007fff3f230000 - 0x00007fff3f28b000 	C:\Windows\SYSTEM32\WINSTA.dll
0x00007fff327a0000 - 0x00007fff3289a000 	C:\Windows\SYSTEM32\textinputframework.dll
0x00007fff10ee0000 - 0x00007fff10f38000 	C:\Users\Genius\AppData\Roaming\.minecraft\versions\Create Overhaul\natives\lwjgl_opengl.dll
0x00007fff10e60000 - 0x00007fff10edf000 	C:\Users\Genius\AppData\Roaming\.minecraft\versions\Create Overhaul\natives\lwjgl_stb.dll
0x00007fff2fd60000 - 0x00007fff2fe0e000 	C:\Windows\SYSTEM32\mscms.dll
0x00007fff2fd40000 - 0x00007fff2fd51000 	C:\Windows\SYSTEM32\ColorAdapterClient.dll
0x00007ffef88e0000 - 0x00007ffef8923000 	C:\Windows\SYSTEM32\icm32.dll
0x00007fff322c0000 - 0x00007fff322cd000 	C:\Users\Genius\AppData\Roaming\.minecraft\runtime\java-runtime-beta\windows\java-runtime-beta\bin\sunmscapi.dll
0x00007fff3f0f0000 - 0x00007fff3f118000 	C:\Windows\SYSTEM32\ncrypt.dll
0x00007fff3f0b0000 - 0x00007fff3f0eb000 	C:\Windows\SYSTEM32\NTASN1.dll
0x00007fff13ae0000 - 0x00007fff13c6e000 	C:\Users\Genius\AppData\Roaming\.minecraft\runtime\java-runtime-beta\windows\java-runtime-beta\bin\awt.dll
0x00007fff3cff0000 - 0x00007fff3d081000 	C:\Windows\SYSTEM32\apphelp.dll
0x00007fff139c0000 - 0x00007fff13ad4000 	C:\Users\Genius\AppData\Roaming\.minecraft\versions\Create Overhaul\natives\OpenAL.dll
0x00007fff39590000 - 0x00007fff39615000 	C:\Windows\System32\MMDevApi.dll
0x00007fff36b70000 - 0x00007fff36b8a000 	C:\Users\Genius\AppData\Roaming\.minecraft\versions\Create Overhaul\natives\SAPIWrapper_x64.dll
0x00007fff13830000 - 0x00007fff139b6000 	C:\Windows\System32\Speech\Common\sapi.dll
0x00007fff36b50000 - 0x00007fff36b6e000 	C:\Windows\SYSTEM32\MSACM32.dll
0x00007fff1ddd0000 - 0x00007fff1dddb000 	C:\Windows\SYSTEM32\msdmo.dll
0x00007fff1cc50000 - 0x00007fff1cc76000 	C:\Windows\SYSTEM32\winmmbase.dll
0x00007fff2b750000 - 0x00007fff2b757000 	C:\Windows\system32\wshunix.dll
0x00007fff24df0000 - 0x00007fff24f72000 	C:\Windows\SYSTEM32\AUDIOSES.DLL
0x00007fff3d1d0000 - 0x00007fff3d1e4000 	C:\Windows\SYSTEM32\resourcepolicyclient.dll
0x00007fff36cc0000 - 0x00007fff36ead000 	C:\Windows\system32\urlmon.dll
0x00007fff35af0000 - 0x00007fff35dac000 	C:\Windows\SYSTEM32\iertutil.dll
0x00007fff36310000 - 0x00007fff36339000 	C:\Windows\SYSTEM32\srvcli.dll
0x00007fff3ebe0000 - 0x00007fff3ebec000 	C:\Windows\SYSTEM32\netutils.dll
0x00007fff18a70000 - 0x00007fff18ad7000 	C:\Users\Genius\AppData\Local\Temp\libgdxGenius\14eeafe7\KrunchJni64.dll
0x00007fff2d350000 - 0x00007fff2d3fc000 	C:\Windows\SYSTEM32\TextShaping.dll

dbghelp: loaded successfully - version: 4.0.5 - missing functions: none
symbol engine: initialized successfully - sym options: 0x614 - pdb path: .;C:\Users\Genius\AppData\Roaming\.minecraft\runtime\java-runtime-beta\windows\java-runtime-beta\bin;C:\Windows\SYSTEM32;C:\Windows\WinSxS\amd64_microsoft.windows.common-controls_6595b64144ccf1df_6.0.19041.1110_none_60b5254171f9507e;C:\Users\Genius\AppData\Roaming\.minecraft\runtime\java-runtime-beta\windows\java-runtime-beta\bin\server;C:\Users\Genius\AppData\Local\Temp\jna-2129326999;C:\ProgramData\Microsoft\Windows Defender\Platform\4.18.23090.2008-0;C:\Users\Genius\AppData\Roaming\.minecraft\versions\Create Overhaul\natives;C:\Windows\System32\DriverStore\FileRepository\nv_ref_pubwu.inf_amd64_708ec8f9a4d134c6;C:\Windows\System32\Speech\Common;C:\Users\Genius\AppData\Local\Temp\libgdxGenius\14eeafe7

VM Arguments:
jvm_args: -Dos.name=Windows 10 -Dos.version=10.0 -XX:HeapDumpPath=MojangTricksIntelDriversForPerformance_javaw.exe_minecraft.exe.heapdump -Xss1M -Djava.library.path=C:\Users\Genius\AppData\Roaming\.minecraft\versions\Create Overhaul\natives -Dminecraft.launcher.brand=minecraft-launcher -Dminecraft.launcher.version=2.3.173 -Djava.net.preferIPv6Addresses=system -DignoreList=bootstraplauncher,securejarhandler,asm-commons,asm-util,asm-analysis,asm-tree,asm,JarJarFileSystems,client-extra,fmlcore,javafmllanguage,lowcodelanguage,mclanguage,forge-,Create Overhaul.jar -DmergeModules=jna-5.10.0.jar,jna-platform-5.10.0.jar,java-objc-bridge-1.0.0.jar -DlibraryDirectory=C:\Users\Genius\AppData\Roaming\.minecraft\libraries --module-path=C:\Users\Genius\AppData\Roaming\.minecraft\libraries/cpw/mods/bootstraplauncher/1.0.0/bootstraplauncher-1.0.0.jar;C:\Users\Genius\AppData\Roaming\.minecraft\libraries/cpw/mods/securejarhandler/1.0.8/securejarhandler-1.0.8.jar;C:\Users\Genius\AppData\Roaming\.minecraft\libraries/org/ow2/asm/asm-commons/9.5/asm-commons-9.5.jar;C:\Users\Genius\AppData\Roaming\.minecraft\libraries/org/ow2/asm/asm-util/9.5/asm-util-9.5.jar;C:\Users\Genius\AppData\Roaming\.minecraft\libraries/org/ow2/asm/asm-analysis/9.5/asm-analysis-9.5.jar;C:\Users\Genius\AppData\Roaming\.minecraft\libraries/org/ow2/asm/asm-tree/9.5/asm-tree-9.5.jar;C:\Users\Genius\AppData\Roaming\.minecraft\libraries/org/ow2/asm/asm/9.5/asm-9.5.jar;C:\Users\Genius\AppData\Roaming\.minecraft\libraries/net/minecraftforge/JarJarFileSystems/0.3.19/JarJarFileSystems-0.3.19.jar --add-modules=ALL-MODULE-PATH --add-opens=java.base/java.util.jar=cpw.mods.securejarhandler --add-opens=java.base/java.lang.invoke=cpw.mods.securejarhandler --add-exports=java.base/sun.security.util=cpw.mods.securejarhandler --add-exports=jdk.naming.dns/com.sun.jndi.dns=java.naming -Xmx4093M -XX:+UnlockExperimentalVMOptions -XX:+UseG1GC -XX:G1NewSizePercent=20 -XX:G1ReservePercent=20 -XX:MaxGCPauseMillis=50 -XX:G1HeapRegionSize=32M -Dfml.ignoreInvalidMinecraftCertificates=true -Dfml.ignorePatchDiscrepancies=true -Djava.net.preferIPv4Stack=true -Dminecraft.applet.TargetDirectory=C:\Users\Genius\AppData\Roaming\.minecraft\versions\Create Overhaul -Dlog4j.configurationFile=C:\Users\Genius\AppData\Roaming\.minecraft\assets\log_configs\client-1.12.xml -DLibLoader.modsFolder=C:\Users\Genius\AppData\Roaming\.minecraft\versions\Create Overhaul\mods 
java_command: cpw.mods.bootstraplauncher.BootstrapLauncher --username Yurm_ --version Create Overhaul --gameDir C:\Users\Genius\AppData\Roaming\.minecraft\versions\Create Overhaul --assetsDir C:\Users\Genius\AppData\Roaming\.minecraft\assets --assetIndex 1.18 --uuid 4ed6df9b755d4521bb0a7c6049c9716f --accessToken null --clientId ${clientid} --xuid ${auth_xuid} --userType mojang --versionType release --width 925 --height 530 --launchTarget forgeclient --fml.forgeVersion 40.2.9 --fml.mcVersion 1.18.2 --fml.forgeGroup net.minecraftforge --fml.mcpVersion 20220404.173914
java_class_path (initial): C:\Users\Genius\AppData\Roaming\.minecraft\libraries\cpw\mods\securejarhandler\1.0.8\securejarhandler-1.0.8.jar;C:\Users\Genius\AppData\Roaming\.minecraft\libraries\org\ow2\asm\asm\9.5\asm-9.5.jar;C:\Users\Genius\AppData\Roaming\.minecraft\libraries\org\ow2\asm\asm-commons\9.5\asm-commons-9.5.jar;C:\Users\Genius\AppData\Roaming\.minecraft\libraries\org\ow2\asm\asm-tree\9.5\asm-tree-9.5.jar;C:\Users\Genius\AppData\Roaming\.minecraft\libraries\org\ow2\asm\asm-util\9.5\asm-util-9.5.jar;C:\Users\Genius\AppData\Roaming\.minecraft\libraries\org\ow2\asm\asm-analysis\9.5\asm-analysis-9.5.jar;C:\Users\Genius\AppData\Roaming\.minecraft\libraries\net\minecraftforge\accesstransformers\8.0.4\accesstransformers-8.0.4.jar;C:\Users\Genius\AppData\Roaming\.minecraft\libraries\org\antlr\antlr4-runtime\4.9.1\antlr4-runtime-4.9.1.jar;C:\Users\Genius\AppData\Roaming\.minecraft\libraries\net\minecraftforge\eventbus\5.0.3\eventbus-5.0.3.jar;C:\Users\Genius\AppData\Roaming\.minecraft\libraries\net\minecraftforge\forgespi\4.0.15-4.x\forgespi-4.0.15-4.x.jar;C:\Users\Genius\AppData\Roaming\.minecraft\libraries\net\minecraftforge\coremods\5.0.1\coremods-5.0.1.jar;C:\Users\Genius\AppData\Roaming\.minecraft\libraries\cpw\mods\modlauncher\9.1.3\modlauncher-9.1.3.jar;C:\Users\Genius\AppData\Roaming\.minecraft\libraries\net\minecraftforge\unsafe\0.2.0\unsafe-0.2.0.jar;C:\Users\Genius\AppData\Roaming\.minecraft\libraries\com\electronwill\night-config\core\3.6.4\core-3.6.4.jar;C:\Users\Genius\AppData\Roaming\.minecraft\libraries\com\electronwill\night-config\toml\3.6.4\toml-3.6.4.jar;C:\Users\Genius\AppData\Roaming\.minecraft\libraries\org\apache\maven\maven-artifact\3.6.3\maven-artifact-3.6.3.jar;C:\Users\Genius\AppData\Roaming\.minecraft\libraries\net\jodah\typetools\0.8.3\typetools-0.8.3.jar;C:\Users\Genius\AppData\Roaming\.minecraft\libraries\net\minecrell\terminalconsoleappender\1.2.0\terminalconsoleappender-1.2.0.jar;C:\Users\Genius\AppData\Roaming\.minecraft\librar
Launcher Type: SUN_STANDARD

[Global flags]
     intx CICompilerCount                          = 3                                         {product} {ergonomic}
     uint ConcGCThreads                            = 1                                         {product} {ergonomic}
     uint G1ConcRefinementThreads                  = 4                                         {product} {ergonomic}
     uint G1EagerReclaimRemSetThreshold            = 256                                  {experimental} {ergonomic}
   size_t G1HeapRegionSize                         = 33554432                                  {product} {command line}
    uintx G1NewSizePercent                         = 20                                   {experimental} {command line}
    uintx G1ReservePercent                         = 20                                        {product} {command line}
    uintx GCDrainStackTargetSize                   = 64                                        {product} {ergonomic}
    ccstr HeapDumpPath                             = MojangTricksIntelDriversForPerformance_javaw.exe_minecraft.exe.heapdump         {manageable} {command line}
   size_t InitialHeapSize                          = 100663296                                 {product} {ergonomic}
   size_t MarkStackSize                            = 4194304                                   {product} {ergonomic}
    uintx MaxGCPauseMillis                         = 50                                        {product} {command line}
   size_t MaxHeapSize                              = 4294967296                                {product} {command line, ergonomic}
   size_t MaxNewSize                               = 2550136832                                {product} {ergonomic}
   size_t MinHeapDeltaBytes                        = 33554432                                  {product} {ergonomic}
   size_t MinHeapSize                              = 33554432                                  {product} {ergonomic}
    uintx NonNMethodCodeHeapSize                   = 5832780                                {pd product} {ergonomic}
    uintx NonProfiledCodeHeapSize                  = 122912730                              {pd product} {ergonomic}
    uintx ProfiledCodeHeapSize                     = 122912730                              {pd product} {ergonomic}
    uintx ReservedCodeCacheSize                    = 251658240                              {pd product} {ergonomic}
     bool SegmentedCodeCache                       = true                                      {product} {ergonomic}
   size_t SoftMaxHeapSize                          = 4294967296                             {manageable} {ergonomic}
     intx ThreadStackSize                          = 1024                                   {pd product} {command line}
     bool UnlockExperimentalVMOptions              = true                                 {experimental} {command line}
     bool UseCompressedClassPointers               = true                           {product lp64_product} {ergonomic}
     bool UseCompressedOops                        = true                           {product lp64_product} {ergonomic}
     bool UseG1GC                                  = true                                      {product} {command line}
     bool UseLargePagesIndividualAllocation        = false                                  {pd product} {ergonomic}

Logging:
Log output configuration:
 #0: stdout all=warning uptime,level,tags
 #1: stderr all=off uptime,level,tags

Environment Variables:
PATH=C:\Program Files (x86)\Common Files\Oracle\Java\javapath;C:\ProgramData\Oracle\Java\javapath;C:\Windows\system32;C:\Windows;C:\Windows\System32\Wbem;C:\Windows\System32\WindowsPowerShell\v1.0\;C:\Windows\System32\OpenSSH\;C:\Program Files\Git\cmd;C:\Users\Genius\AppData\Local\Microsoft\WindowsApps;C:\Users\Genius\AppData\Local\Programs\Microsoft VS Code\bin;C:\Users\Genius\AppData\Local\GitHubDesktop\bin;C:\Program Files\Java\jre1.8.0_341\bin
USERNAME=Genius
OS=Windows_NT
PROCESSOR_IDENTIFIER=AMD64 Family 16 Model 5 Stepping 2, AuthenticAMD



---------------  S Y S T E M  ---------------

OS:
 Windows 10 , 64 bit Build 19041 (10.0.19041.3393)
OS uptime: 0 days 2:26 hours

CPU: total 4 (initial active 4) (4 cores per cpu, 1 threads per core) family 16 model 5 stepping 2 microcode 0x0, cx8, cmov, fxsr, mmx, 3dnowpref, sse, sse2, sse3, sse4a, popcnt, lzcnt, tsc, tscinvbit, clflush

Memory: 4k page, system-wide physical 5117M (311M free)
TotalPageFile size 20309M (AvailPageFile size 5M)
current process WorkingSet (physical memory assigned to process): 3256M, peak: 3558M
current process commit charge ("private bytes"): 14807M, peak: 14811M

vm_info: OpenJDK 64-Bit Server VM (17.0.1+12-LTS) for windows-amd64 JRE (17.0.1+12-LTS), built on Oct 20 2021 22:41:43 by "" with MS VC++ 16.10 / 16.11 (VS2019)

END.
